ARM GAS  C:\Users\Davit\AppData\Local\Temp\ccbMDpt2.s 			page 1


   1              		.cpu cortex-m0
   2              		.fpu softvfp
   3              		.eabi_attribute 20, 1
   4              		.eabi_attribute 21, 1
   5              		.eabi_attribute 23, 3
   6              		.eabi_attribute 24, 1
   7              		.eabi_attribute 25, 1
   8              		.eabi_attribute 26, 1
   9              		.eabi_attribute 30, 6
  10              		.eabi_attribute 34, 0
  11              		.eabi_attribute 18, 4
  12              		.code	16
  13              		.file	"BLE_1_custom.c"
  14              		.text
  15              	.Ltext0:
  16              		.cfi_sections	.debug_frame
  17              		.global	cyBle_customs
  18              		.section	.rodata
  19              		.align	2
  20              		.type	cyBle_customs, %object
  21              		.size	cyBle_customs, 22
  22              	cyBle_customs:
  23 0000 0E00     		.short	14
  24 0002 1000     		.short	16
  25 0004 1100     		.short	17
  26 0006 1300     		.short	19
  27 0008 1400     		.short	20
  28 000a 1600     		.short	22
  29 000c 1700     		.short	23
  30 000e 1900     		.short	25
  31 0010 1A00     		.short	26
  32 0012 1C00     		.short	28
  33 0014 1D00     		.short	29
  34 0016 0000     		.section	.text.CyBle_CustomInit,"ax",%progbits
  35              		.align	2
  36              		.global	CyBle_CustomInit
  37              		.code	16
  38              		.thumb_func
  39              		.type	CyBle_CustomInit, %function
  40              	CyBle_CustomInit:
  41              	.LFB2:
  42              		.file 1 "Generated_Source\\PSoC4\\BLE_1_custom.c"
   1:Generated_Source\PSoC4/BLE_1_custom.c **** /***************************************************************************//**
   2:Generated_Source\PSoC4/BLE_1_custom.c **** * \file CYBLE_custom.c
   3:Generated_Source\PSoC4/BLE_1_custom.c **** * \version 3.10
   4:Generated_Source\PSoC4/BLE_1_custom.c **** * 
   5:Generated_Source\PSoC4/BLE_1_custom.c **** * \brief
   6:Generated_Source\PSoC4/BLE_1_custom.c **** *  Contains the source code for the Custom Service.
   7:Generated_Source\PSoC4/BLE_1_custom.c **** * 
   8:Generated_Source\PSoC4/BLE_1_custom.c **** ********************************************************************************
   9:Generated_Source\PSoC4/BLE_1_custom.c **** * \copyright
  10:Generated_Source\PSoC4/BLE_1_custom.c **** * Copyright 2014-2016, Cypress Semiconductor Corporation.  All rights reserved.
  11:Generated_Source\PSoC4/BLE_1_custom.c **** * You may use this file only in accordance with the license, terms, conditions,
  12:Generated_Source\PSoC4/BLE_1_custom.c **** * disclaimers, and limitations in the end user license agreement accompanying
  13:Generated_Source\PSoC4/BLE_1_custom.c **** * the software package with which this file was provided.
  14:Generated_Source\PSoC4/BLE_1_custom.c **** *******************************************************************************/
  15:Generated_Source\PSoC4/BLE_1_custom.c **** 
ARM GAS  C:\Users\Davit\AppData\Local\Temp\ccbMDpt2.s 			page 2


  16:Generated_Source\PSoC4/BLE_1_custom.c **** 
  17:Generated_Source\PSoC4/BLE_1_custom.c **** #include "BLE_1_eventHandler.h"
  18:Generated_Source\PSoC4/BLE_1_custom.c **** 
  19:Generated_Source\PSoC4/BLE_1_custom.c **** #ifdef CYBLE_CUSTOM_SERVER
  20:Generated_Source\PSoC4/BLE_1_custom.c **** 
  21:Generated_Source\PSoC4/BLE_1_custom.c **** /* If any custom service with custom characterisctis is defined in the
  22:Generated_Source\PSoC4/BLE_1_custom.c **** * customizer's GUI their handles will be present in this array.
  23:Generated_Source\PSoC4/BLE_1_custom.c **** */
  24:Generated_Source\PSoC4/BLE_1_custom.c **** /* This array contains attribute handles for the defined Custom Services and their characteristics 
  25:Generated_Source\PSoC4/BLE_1_custom.c ****    The array index definitions are located in the CYBLE_custom.h file. */
  26:Generated_Source\PSoC4/BLE_1_custom.c **** const CYBLE_CUSTOMS_T cyBle_customs[0x01u] = {
  27:Generated_Source\PSoC4/BLE_1_custom.c **** 
  28:Generated_Source\PSoC4/BLE_1_custom.c ****     /* BioSnap service */
  29:Generated_Source\PSoC4/BLE_1_custom.c ****     {
  30:Generated_Source\PSoC4/BLE_1_custom.c ****         0x000Eu, /* Handle of the BioSnap service */ 
  31:Generated_Source\PSoC4/BLE_1_custom.c ****         {
  32:Generated_Source\PSoC4/BLE_1_custom.c **** 
  33:Generated_Source\PSoC4/BLE_1_custom.c ****             /* Accelerometer characteristic */
  34:Generated_Source\PSoC4/BLE_1_custom.c ****             {
  35:Generated_Source\PSoC4/BLE_1_custom.c ****                 0x0010u, /* Handle of the Accelerometer characteristic */ 
  36:Generated_Source\PSoC4/BLE_1_custom.c ****                 
  37:Generated_Source\PSoC4/BLE_1_custom.c ****                 /* Array of Descriptors handles */
  38:Generated_Source\PSoC4/BLE_1_custom.c ****                 {
  39:Generated_Source\PSoC4/BLE_1_custom.c ****                     0x0011u, /* Handle of the AccelCCC descriptor */ 
  40:Generated_Source\PSoC4/BLE_1_custom.c ****                 }, 
  41:Generated_Source\PSoC4/BLE_1_custom.c ****             },
  42:Generated_Source\PSoC4/BLE_1_custom.c **** 
  43:Generated_Source\PSoC4/BLE_1_custom.c ****             /* Battery characteristic */
  44:Generated_Source\PSoC4/BLE_1_custom.c ****             {
  45:Generated_Source\PSoC4/BLE_1_custom.c ****                 0x0013u, /* Handle of the Battery characteristic */ 
  46:Generated_Source\PSoC4/BLE_1_custom.c ****                 
  47:Generated_Source\PSoC4/BLE_1_custom.c ****                 /* Array of Descriptors handles */
  48:Generated_Source\PSoC4/BLE_1_custom.c ****                 {
  49:Generated_Source\PSoC4/BLE_1_custom.c ****                     0x0014u, /* Handle of the BatCCC descriptor */ 
  50:Generated_Source\PSoC4/BLE_1_custom.c ****                 }, 
  51:Generated_Source\PSoC4/BLE_1_custom.c ****             },
  52:Generated_Source\PSoC4/BLE_1_custom.c **** 
  53:Generated_Source\PSoC4/BLE_1_custom.c ****             /* Heart characteristic */
  54:Generated_Source\PSoC4/BLE_1_custom.c ****             {
  55:Generated_Source\PSoC4/BLE_1_custom.c ****                 0x0016u, /* Handle of the Heart characteristic */ 
  56:Generated_Source\PSoC4/BLE_1_custom.c ****                 
  57:Generated_Source\PSoC4/BLE_1_custom.c ****                 /* Array of Descriptors handles */
  58:Generated_Source\PSoC4/BLE_1_custom.c ****                 {
  59:Generated_Source\PSoC4/BLE_1_custom.c ****                     0x0017u, /* Handle of the HeartCCC descriptor */ 
  60:Generated_Source\PSoC4/BLE_1_custom.c ****                 }, 
  61:Generated_Source\PSoC4/BLE_1_custom.c ****             },
  62:Generated_Source\PSoC4/BLE_1_custom.c **** 
  63:Generated_Source\PSoC4/BLE_1_custom.c ****             /* Oxygen characteristic */
  64:Generated_Source\PSoC4/BLE_1_custom.c ****             {
  65:Generated_Source\PSoC4/BLE_1_custom.c ****                 0x0019u, /* Handle of the Oxygen characteristic */ 
  66:Generated_Source\PSoC4/BLE_1_custom.c ****                 
  67:Generated_Source\PSoC4/BLE_1_custom.c ****                 /* Array of Descriptors handles */
  68:Generated_Source\PSoC4/BLE_1_custom.c ****                 {
  69:Generated_Source\PSoC4/BLE_1_custom.c ****                     0x001Au, /* Handle of the OxygenCCC descriptor */ 
  70:Generated_Source\PSoC4/BLE_1_custom.c ****                 }, 
  71:Generated_Source\PSoC4/BLE_1_custom.c ****             },
  72:Generated_Source\PSoC4/BLE_1_custom.c **** 
ARM GAS  C:\Users\Davit\AppData\Local\Temp\ccbMDpt2.s 			page 3


  73:Generated_Source\PSoC4/BLE_1_custom.c ****             /* Temperature characteristic */
  74:Generated_Source\PSoC4/BLE_1_custom.c ****             {
  75:Generated_Source\PSoC4/BLE_1_custom.c ****                 0x001Cu, /* Handle of the Temperature characteristic */ 
  76:Generated_Source\PSoC4/BLE_1_custom.c ****                 
  77:Generated_Source\PSoC4/BLE_1_custom.c ****                 /* Array of Descriptors handles */
  78:Generated_Source\PSoC4/BLE_1_custom.c ****                 {
  79:Generated_Source\PSoC4/BLE_1_custom.c ****                     0x001Du, /* Handle of the TempCCC descriptor */ 
  80:Generated_Source\PSoC4/BLE_1_custom.c ****                 }, 
  81:Generated_Source\PSoC4/BLE_1_custom.c ****             },
  82:Generated_Source\PSoC4/BLE_1_custom.c ****         }, 
  83:Generated_Source\PSoC4/BLE_1_custom.c ****     },
  84:Generated_Source\PSoC4/BLE_1_custom.c **** };
  85:Generated_Source\PSoC4/BLE_1_custom.c **** 
  86:Generated_Source\PSoC4/BLE_1_custom.c **** 
  87:Generated_Source\PSoC4/BLE_1_custom.c **** #endif /* (CYBLE_CUSTOM_SERVER) */
  88:Generated_Source\PSoC4/BLE_1_custom.c **** 
  89:Generated_Source\PSoC4/BLE_1_custom.c **** #ifdef CYBLE_CUSTOM_CLIENT
  90:Generated_Source\PSoC4/BLE_1_custom.c ****     
  91:Generated_Source\PSoC4/BLE_1_custom.c **** 
  92:Generated_Source\PSoC4/BLE_1_custom.c **** static uint16 cyBle_customDisServIndex;
  93:Generated_Source\PSoC4/BLE_1_custom.c **** static uint16 cyBle_customDisCharIndex;
  94:Generated_Source\PSoC4/BLE_1_custom.c **** 
  95:Generated_Source\PSoC4/BLE_1_custom.c **** #endif /* (CYBLE_CUSTOM_CLIENT) */
  96:Generated_Source\PSoC4/BLE_1_custom.c **** 
  97:Generated_Source\PSoC4/BLE_1_custom.c **** 
  98:Generated_Source\PSoC4/BLE_1_custom.c **** /****************************************************************************** 
  99:Generated_Source\PSoC4/BLE_1_custom.c **** * Function Name: CyBle_CustomInit
 100:Generated_Source\PSoC4/BLE_1_custom.c **** ***************************************************************************//**
 101:Generated_Source\PSoC4/BLE_1_custom.c **** * 
 102:Generated_Source\PSoC4/BLE_1_custom.c **** *  This function initializes Custom Service.
 103:Generated_Source\PSoC4/BLE_1_custom.c **** * 
 104:Generated_Source\PSoC4/BLE_1_custom.c **** * \return
 105:Generated_Source\PSoC4/BLE_1_custom.c **** *  None
 106:Generated_Source\PSoC4/BLE_1_custom.c **** * 
 107:Generated_Source\PSoC4/BLE_1_custom.c **** ******************************************************************************/
 108:Generated_Source\PSoC4/BLE_1_custom.c **** void CyBle_CustomInit(void)
 109:Generated_Source\PSoC4/BLE_1_custom.c **** {
  43              		.loc 1 109 0
  44              		.cfi_startproc
  45 0000 80B5     		push	{r7, lr}
  46              		.cfi_def_cfa_offset 8
  47              		.cfi_offset 7, -8
  48              		.cfi_offset 14, -4
  49 0002 00AF     		add	r7, sp, #0
  50              		.cfi_def_cfa_register 7
 110:Generated_Source\PSoC4/BLE_1_custom.c ****     
 111:Generated_Source\PSoC4/BLE_1_custom.c **** #ifdef CYBLE_CUSTOM_CLIENT
 112:Generated_Source\PSoC4/BLE_1_custom.c **** 
 113:Generated_Source\PSoC4/BLE_1_custom.c ****     uint16 locServIndex;
 114:Generated_Source\PSoC4/BLE_1_custom.c ****     uint16 locCharIndex;
 115:Generated_Source\PSoC4/BLE_1_custom.c ****     uint16 locDescIndex;
 116:Generated_Source\PSoC4/BLE_1_custom.c ****     
 117:Generated_Source\PSoC4/BLE_1_custom.c ****     for(locServIndex = 0u; locServIndex < CYBLE_CUSTOMC_SERVICE_COUNT; locServIndex++)
 118:Generated_Source\PSoC4/BLE_1_custom.c ****     {
 119:Generated_Source\PSoC4/BLE_1_custom.c ****         if(cyBle_serverInfo[CYBLE_SRVI_CUSTOMS + locServIndex].range.startHandle == CYBLE_GATT_INVA
 120:Generated_Source\PSoC4/BLE_1_custom.c ****         {
 121:Generated_Source\PSoC4/BLE_1_custom.c ****             for(locCharIndex = 0u; locCharIndex < cyBle_customCServ[locServIndex].charCount; locCha
ARM GAS  C:\Users\Davit\AppData\Local\Temp\ccbMDpt2.s 			page 4


 122:Generated_Source\PSoC4/BLE_1_custom.c ****             {
 123:Generated_Source\PSoC4/BLE_1_custom.c ****                 cyBle_customCServ[locServIndex].customServChar[locCharIndex].
 124:Generated_Source\PSoC4/BLE_1_custom.c ****                     customServCharHandle = 0u;
 125:Generated_Source\PSoC4/BLE_1_custom.c ****                 
 126:Generated_Source\PSoC4/BLE_1_custom.c ****                 for(locDescIndex = 0u; locDescIndex < 
 127:Generated_Source\PSoC4/BLE_1_custom.c ****                     cyBle_customCServ[locServIndex].customServChar[locCharIndex].descCount; 
 128:Generated_Source\PSoC4/BLE_1_custom.c ****                         locDescIndex++)
 129:Generated_Source\PSoC4/BLE_1_custom.c ****                 {
 130:Generated_Source\PSoC4/BLE_1_custom.c ****                     cyBle_customCServ[locServIndex].customServChar[locCharIndex].
 131:Generated_Source\PSoC4/BLE_1_custom.c ****                         customServCharDesc[locDescIndex].descHandle = 0u;
 132:Generated_Source\PSoC4/BLE_1_custom.c ****                 }
 133:Generated_Source\PSoC4/BLE_1_custom.c ****             }
 134:Generated_Source\PSoC4/BLE_1_custom.c ****         }
 135:Generated_Source\PSoC4/BLE_1_custom.c ****     }
 136:Generated_Source\PSoC4/BLE_1_custom.c **** 
 137:Generated_Source\PSoC4/BLE_1_custom.c **** #endif /* (CYBLE_CUSTOM_CLIENT) */
 138:Generated_Source\PSoC4/BLE_1_custom.c **** }
  51              		.loc 1 138 0
  52 0004 BD46     		mov	sp, r7
  53              		@ sp needed
  54 0006 80BD     		pop	{r7, pc}
  55              		.cfi_endproc
  56              	.LFE2:
  57              		.size	CyBle_CustomInit, .-CyBle_CustomInit
  58              		.text
  59              	.Letext0:
  60              		.file 2 "Generated_Source\\PSoC4\\cytypes.h"
  61              		.file 3 "Generated_Source\\PSoC4\\BLE_1_StackGatt.h"
  62              		.file 4 "Generated_Source\\PSoC4\\BLE_1_custom.h"
  63              		.file 5 "Generated_Source\\PSoC4\\BLE_1_Stack.h"
  64              		.section	.debug_info,"",%progbits
  65              	.Ldebug_info0:
  66 0000 08030000 		.4byte	0x308
  67 0004 0400     		.2byte	0x4
  68 0006 00000000 		.4byte	.Ldebug_abbrev0
  69 000a 04       		.byte	0x4
  70 000b 01       		.uleb128 0x1
  71 000c 62060000 		.4byte	.LASF87
  72 0010 01       		.byte	0x1
  73 0011 2D020000 		.4byte	.LASF88
  74 0015 93000000 		.4byte	.LASF89
  75 0019 00000000 		.4byte	.Ldebug_ranges0+0
  76 001d 00000000 		.4byte	0
  77 0021 00000000 		.4byte	.Ldebug_line0
  78 0025 02       		.uleb128 0x2
  79 0026 01       		.byte	0x1
  80 0027 06       		.byte	0x6
  81 0028 CE040000 		.4byte	.LASF0
  82 002c 02       		.uleb128 0x2
  83 002d 01       		.byte	0x1
  84 002e 08       		.byte	0x8
  85 002f 55040000 		.4byte	.LASF1
  86 0033 02       		.uleb128 0x2
  87 0034 02       		.byte	0x2
  88 0035 05       		.byte	0x5
  89 0036 F8000000 		.4byte	.LASF2
  90 003a 02       		.uleb128 0x2
ARM GAS  C:\Users\Davit\AppData\Local\Temp\ccbMDpt2.s 			page 5


  91 003b 02       		.byte	0x2
  92 003c 07       		.byte	0x7
  93 003d 0C070000 		.4byte	.LASF3
  94 0041 02       		.uleb128 0x2
  95 0042 04       		.byte	0x4
  96 0043 05       		.byte	0x5
  97 0044 09030000 		.4byte	.LASF4
  98 0048 02       		.uleb128 0x2
  99 0049 04       		.byte	0x4
 100 004a 07       		.byte	0x7
 101 004b 5F050000 		.4byte	.LASF5
 102 004f 02       		.uleb128 0x2
 103 0050 08       		.byte	0x8
 104 0051 05       		.byte	0x5
 105 0052 46010000 		.4byte	.LASF6
 106 0056 02       		.uleb128 0x2
 107 0057 08       		.byte	0x8
 108 0058 07       		.byte	0x7
 109 0059 DD020000 		.4byte	.LASF7
 110 005d 03       		.uleb128 0x3
 111 005e 04       		.byte	0x4
 112 005f 05       		.byte	0x5
 113 0060 696E7400 		.ascii	"int\000"
 114 0064 02       		.uleb128 0x2
 115 0065 04       		.byte	0x4
 116 0066 07       		.byte	0x7
 117 0067 37050000 		.4byte	.LASF8
 118 006b 04       		.uleb128 0x4
 119 006c BC010000 		.4byte	.LASF79
 120 0070 02       		.byte	0x2
 121 0071 9901     		.2byte	0x199
 122 0073 3A000000 		.4byte	0x3a
 123 0077 02       		.uleb128 0x2
 124 0078 04       		.byte	0x4
 125 0079 04       		.byte	0x4
 126 007a 74020000 		.4byte	.LASF9
 127 007e 02       		.uleb128 0x2
 128 007f 08       		.byte	0x8
 129 0080 04       		.byte	0x4
 130 0081 E0070000 		.4byte	.LASF10
 131 0085 02       		.uleb128 0x2
 132 0086 01       		.byte	0x1
 133 0087 08       		.byte	0x8
 134 0088 5D060000 		.4byte	.LASF11
 135 008c 02       		.uleb128 0x2
 136 008d 04       		.byte	0x4
 137 008e 07       		.byte	0x7
 138 008f 1C010000 		.4byte	.LASF12
 139 0093 05       		.uleb128 0x5
 140 0094 01       		.byte	0x1
 141 0095 05       		.byte	0x5
 142 0096 4201     		.2byte	0x142
 143 0098 50020000 		.4byte	0x250
 144 009c 06       		.uleb128 0x6
 145 009d 16020000 		.4byte	.LASF13
 146 00a1 00       		.sleb128 0
 147 00a2 06       		.uleb128 0x6
ARM GAS  C:\Users\Davit\AppData\Local\Temp\ccbMDpt2.s 			page 6


 148 00a3 8B010000 		.4byte	.LASF14
 149 00a7 01       		.sleb128 1
 150 00a8 06       		.uleb128 0x6
 151 00a9 43090000 		.4byte	.LASF15
 152 00ad 02       		.sleb128 2
 153 00ae 06       		.uleb128 0x6
 154 00af 1F080000 		.4byte	.LASF16
 155 00b3 03       		.sleb128 3
 156 00b4 06       		.uleb128 0x6
 157 00b5 65010000 		.4byte	.LASF17
 158 00b9 04       		.sleb128 4
 159 00ba 06       		.uleb128 0x6
 160 00bb 9B030000 		.4byte	.LASF18
 161 00bf 05       		.sleb128 5
 162 00c0 06       		.uleb128 0x6
 163 00c1 3E000000 		.4byte	.LASF19
 164 00c5 06       		.sleb128 6
 165 00c6 06       		.uleb128 0x6
 166 00c7 1F070000 		.4byte	.LASF20
 167 00cb 20       		.sleb128 32
 168 00cc 06       		.uleb128 0x6
 169 00cd 71050000 		.4byte	.LASF21
 170 00d1 21       		.sleb128 33
 171 00d2 06       		.uleb128 0x6
 172 00d3 00000000 		.4byte	.LASF22
 173 00d7 22       		.sleb128 34
 174 00d8 06       		.uleb128 0x6
 175 00d9 B7030000 		.4byte	.LASF23
 176 00dd 23       		.sleb128 35
 177 00de 06       		.uleb128 0x6
 178 00df 1B050000 		.4byte	.LASF24
 179 00e3 24       		.sleb128 36
 180 00e4 06       		.uleb128 0x6
 181 00e5 02010000 		.4byte	.LASF25
 182 00e9 25       		.sleb128 37
 183 00ea 06       		.uleb128 0x6
 184 00eb 52030000 		.4byte	.LASF26
 185 00ef 26       		.sleb128 38
 186 00f0 06       		.uleb128 0x6
 187 00f1 33030000 		.4byte	.LASF27
 188 00f5 27       		.sleb128 39
 189 00f6 06       		.uleb128 0x6
 190 00f7 71000000 		.4byte	.LASF28
 191 00fb 28       		.sleb128 40
 192 00fc 06       		.uleb128 0x6
 193 00fd A9050000 		.4byte	.LASF29
 194 0101 29       		.sleb128 41
 195 0102 06       		.uleb128 0x6
 196 0103 0D060000 		.4byte	.LASF30
 197 0107 2A       		.sleb128 42
 198 0108 06       		.uleb128 0x6
 199 0109 80070000 		.4byte	.LASF31
 200 010d 2B       		.sleb128 43
 201 010e 06       		.uleb128 0x6
 202 010f E9050000 		.4byte	.LASF32
 203 0113 2C       		.sleb128 44
 204 0114 06       		.uleb128 0x6
ARM GAS  C:\Users\Davit\AppData\Local\Temp\ccbMDpt2.s 			page 7


 205 0115 93020000 		.4byte	.LASF33
 206 0119 2D       		.sleb128 45
 207 011a 06       		.uleb128 0x6
 208 011b D4000000 		.4byte	.LASF34
 209 011f 2E       		.sleb128 46
 210 0120 06       		.uleb128 0x6
 211 0121 390A0000 		.4byte	.LASF35
 212 0125 2F       		.sleb128 47
 213 0126 06       		.uleb128 0x6
 214 0127 25010000 		.4byte	.LASF36
 215 012b 30       		.sleb128 48
 216 012c 06       		.uleb128 0x6
 217 012d 0B040000 		.4byte	.LASF37
 218 0131 31       		.sleb128 49
 219 0132 06       		.uleb128 0x6
 220 0133 BC020000 		.4byte	.LASF38
 221 0137 32       		.sleb128 50
 222 0138 06       		.uleb128 0x6
 223 0139 36060000 		.4byte	.LASF39
 224 013d 33       		.sleb128 51
 225 013e 06       		.uleb128 0x6
 226 013f 57000000 		.4byte	.LASF40
 227 0143 C000     		.sleb128 64
 228 0145 06       		.uleb128 0x6
 229 0146 44050000 		.4byte	.LASF41
 230 014a C100     		.sleb128 65
 231 014c 06       		.uleb128 0x6
 232 014d 1B0A0000 		.4byte	.LASF42
 233 0151 C200     		.sleb128 66
 234 0153 06       		.uleb128 0x6
 235 0154 9E010000 		.4byte	.LASF43
 236 0158 C300     		.sleb128 67
 237 015a 06       		.uleb128 0x6
 238 015b 01090000 		.4byte	.LASF44
 239 015f C400     		.sleb128 68
 240 0161 06       		.uleb128 0x6
 241 0162 9B080000 		.4byte	.LASF45
 242 0166 C500     		.sleb128 69
 243 0168 06       		.uleb128 0x6
 244 0169 E0080000 		.4byte	.LASF46
 245 016d C600     		.sleb128 70
 246 016f 06       		.uleb128 0x6
 247 0170 B0040000 		.4byte	.LASF47
 248 0174 C700     		.sleb128 71
 249 0176 06       		.uleb128 0x6
 250 0177 F4040000 		.4byte	.LASF48
 251 017b C800     		.sleb128 72
 252 017d 06       		.uleb128 0x6
 253 017e 7A020000 		.4byte	.LASF49
 254 0182 C900     		.sleb128 73
 255 0184 06       		.uleb128 0x6
 256 0185 43070000 		.4byte	.LASF50
 257 0189 CA00     		.sleb128 74
 258 018b 06       		.uleb128 0x6
 259 018c D6010000 		.4byte	.LASF51
 260 0190 CB00     		.sleb128 75
 261 0192 06       		.uleb128 0x6
ARM GAS  C:\Users\Davit\AppData\Local\Temp\ccbMDpt2.s 			page 8


 262 0193 DA040000 		.4byte	.LASF52
 263 0197 CC00     		.sleb128 76
 264 0199 06       		.uleb128 0x6
 265 019a 24000000 		.4byte	.LASF53
 266 019e CD00     		.sleb128 77
 267 01a0 06       		.uleb128 0x6
 268 01a1 C2080000 		.4byte	.LASF54
 269 01a5 CE00     		.sleb128 78
 270 01a7 06       		.uleb128 0x6
 271 01a8 72040000 		.4byte	.LASF55
 272 01ac CF00     		.sleb128 79
 273 01ae 06       		.uleb128 0x6
 274 01af AE090000 		.4byte	.LASF56
 275 01b3 D000     		.sleb128 80
 276 01b5 06       		.uleb128 0x6
 277 01b6 61070000 		.4byte	.LASF57
 278 01ba D100     		.sleb128 81
 279 01bc 06       		.uleb128 0x6
 280 01bd 7A030000 		.4byte	.LASF58
 281 01c1 D200     		.sleb128 82
 282 01c3 06       		.uleb128 0x6
 283 01c4 12030000 		.4byte	.LASF59
 284 01c8 D300     		.sleb128 83
 285 01ca 06       		.uleb128 0x6
 286 01cb F5010000 		.4byte	.LASF60
 287 01cf D400     		.sleb128 84
 288 01d1 06       		.uleb128 0x6
 289 01d2 F7090000 		.4byte	.LASF61
 290 01d6 D500     		.sleb128 85
 291 01d8 06       		.uleb128 0x6
 292 01d9 8C090000 		.4byte	.LASF62
 293 01dd D600     		.sleb128 86
 294 01df 06       		.uleb128 0x6
 295 01e0 63090000 		.4byte	.LASF63
 296 01e4 D700     		.sleb128 87
 297 01e6 06       		.uleb128 0x6
 298 01e7 C6050000 		.4byte	.LASF64
 299 01eb D800     		.sleb128 88
 300 01ed 06       		.uleb128 0x6
 301 01ee 2F040000 		.4byte	.LASF65
 302 01f2 F000     		.sleb128 112
 303 01f4 06       		.uleb128 0x6
 304 01f5 57080000 		.4byte	.LASF66
 305 01f9 F100     		.sleb128 113
 306 01fb 06       		.uleb128 0x6
 307 01fc F0060000 		.4byte	.LASF67
 308 0200 F200     		.sleb128 114
 309 0202 06       		.uleb128 0x6
 310 0203 7D080000 		.4byte	.LASF68
 311 0207 F300     		.sleb128 115
 312 0209 06       		.uleb128 0x6
 313 020a ED030000 		.4byte	.LASF69
 314 020e F400     		.sleb128 116
 315 0210 06       		.uleb128 0x6
 316 0211 88050000 		.4byte	.LASF70
 317 0215 F500     		.sleb128 117
 318 0217 06       		.uleb128 0x6
ARM GAS  C:\Users\Davit\AppData\Local\Temp\ccbMDpt2.s 			page 9


 319 0218 53020000 		.4byte	.LASF71
 320 021c F600     		.sleb128 118
 321 021e 06       		.uleb128 0x6
 322 021f 38080000 		.4byte	.LASF72
 323 0223 F700     		.sleb128 119
 324 0225 06       		.uleb128 0x6
 325 0226 BD070000 		.4byte	.LASF73
 326 022a F800     		.sleb128 120
 327 022c 06       		.uleb128 0x6
 328 022d E7070000 		.4byte	.LASF74
 329 0231 F900     		.sleb128 121
 330 0233 06       		.uleb128 0x6
 331 0234 1F090000 		.4byte	.LASF75
 332 0238 FA00     		.sleb128 122
 333 023a 06       		.uleb128 0x6
 334 023b 9F070000 		.4byte	.LASF76
 335 023f FA01     		.sleb128 250
 336 0241 06       		.uleb128 0x6
 337 0242 91040000 		.4byte	.LASF77
 338 0246 FB01     		.sleb128 251
 339 0248 06       		.uleb128 0x6
 340 0249 55090000 		.4byte	.LASF78
 341 024d FF01     		.sleb128 255
 342 024f 00       		.byte	0
 343 0250 04       		.uleb128 0x4
 344 0251 CD090000 		.4byte	.LASF80
 345 0255 03       		.byte	0x3
 346 0256 9201     		.2byte	0x192
 347 0258 6B000000 		.4byte	0x6b
 348 025c 07       		.uleb128 0x7
 349 025d 04       		.byte	0x4
 350 025e 04       		.byte	0x4
 351 025f 55       		.byte	0x55
 352 0260 7D020000 		.4byte	0x27d
 353 0264 08       		.uleb128 0x8
 354 0265 0A080000 		.4byte	.LASF81
 355 0269 04       		.byte	0x4
 356 026a 58       		.byte	0x58
 357 026b 50020000 		.4byte	0x250
 358 026f 00       		.byte	0
 359 0270 08       		.uleb128 0x8
 360 0271 C3010000 		.4byte	.LASF82
 361 0275 04       		.byte	0x4
 362 0276 5A       		.byte	0x5a
 363 0277 7D020000 		.4byte	0x27d
 364 027b 02       		.byte	0x2
 365 027c 00       		.byte	0
 366 027d 09       		.uleb128 0x9
 367 027e 50020000 		.4byte	0x250
 368 0282 8D020000 		.4byte	0x28d
 369 0286 0A       		.uleb128 0xa
 370 0287 8C000000 		.4byte	0x8c
 371 028b 00       		.byte	0
 372 028c 00       		.byte	0
 373 028d 0B       		.uleb128 0xb
 374 028e F4020000 		.4byte	.LASF83
 375 0292 04       		.byte	0x4
ARM GAS  C:\Users\Davit\AppData\Local\Temp\ccbMDpt2.s 			page 10


 376 0293 5C       		.byte	0x5c
 377 0294 5C020000 		.4byte	0x25c
 378 0298 07       		.uleb128 0x7
 379 0299 16       		.byte	0x16
 380 029a 04       		.byte	0x4
 381 029b 5F       		.byte	0x5f
 382 029c B9020000 		.4byte	0x2b9
 383 02a0 08       		.uleb128 0x8
 384 02a1 54010000 		.4byte	.LASF84
 385 02a5 04       		.byte	0x4
 386 02a6 62       		.byte	0x62
 387 02a7 50020000 		.4byte	0x250
 388 02ab 00       		.byte	0
 389 02ac 08       		.uleb128 0x8
 390 02ad 63040000 		.4byte	.LASF85
 391 02b1 04       		.byte	0x4
 392 02b2 65       		.byte	0x65
 393 02b3 B9020000 		.4byte	0x2b9
 394 02b7 02       		.byte	0x2
 395 02b8 00       		.byte	0
 396 02b9 09       		.uleb128 0x9
 397 02ba 8D020000 		.4byte	0x28d
 398 02be C9020000 		.4byte	0x2c9
 399 02c2 0A       		.uleb128 0xa
 400 02c3 8C000000 		.4byte	0x8c
 401 02c7 04       		.byte	0x4
 402 02c8 00       		.byte	0
 403 02c9 0B       		.uleb128 0xb
 404 02ca DD030000 		.4byte	.LASF86
 405 02ce 04       		.byte	0x4
 406 02cf 67       		.byte	0x67
 407 02d0 98020000 		.4byte	0x298
 408 02d4 0C       		.uleb128 0xc
 409 02d5 7A010000 		.4byte	.LASF90
 410 02d9 01       		.byte	0x1
 411 02da 6C       		.byte	0x6c
 412 02db 00000000 		.4byte	.LFB2
 413 02df 08000000 		.4byte	.LFE2-.LFB2
 414 02e3 01       		.uleb128 0x1
 415 02e4 9C       		.byte	0x9c
 416 02e5 09       		.uleb128 0x9
 417 02e6 C9020000 		.4byte	0x2c9
 418 02ea F5020000 		.4byte	0x2f5
 419 02ee 0A       		.uleb128 0xa
 420 02ef 8C000000 		.4byte	0x8c
 421 02f3 00       		.byte	0
 422 02f4 00       		.byte	0
 423 02f5 0D       		.uleb128 0xd
 424 02f6 E9090000 		.4byte	.LASF91
 425 02fa 01       		.byte	0x1
 426 02fb 1A       		.byte	0x1a
 427 02fc 06030000 		.4byte	0x306
 428 0300 05       		.uleb128 0x5
 429 0301 03       		.byte	0x3
 430 0302 00000000 		.4byte	cyBle_customs
 431 0306 0E       		.uleb128 0xe
 432 0307 E5020000 		.4byte	0x2e5
ARM GAS  C:\Users\Davit\AppData\Local\Temp\ccbMDpt2.s 			page 11


 433 030b 00       		.byte	0
 434              		.section	.debug_abbrev,"",%progbits
 435              	.Ldebug_abbrev0:
 436 0000 01       		.uleb128 0x1
 437 0001 11       		.uleb128 0x11
 438 0002 01       		.byte	0x1
 439 0003 25       		.uleb128 0x25
 440 0004 0E       		.uleb128 0xe
 441 0005 13       		.uleb128 0x13
 442 0006 0B       		.uleb128 0xb
 443 0007 03       		.uleb128 0x3
 444 0008 0E       		.uleb128 0xe
 445 0009 1B       		.uleb128 0x1b
 446 000a 0E       		.uleb128 0xe
 447 000b 55       		.uleb128 0x55
 448 000c 17       		.uleb128 0x17
 449 000d 11       		.uleb128 0x11
 450 000e 01       		.uleb128 0x1
 451 000f 10       		.uleb128 0x10
 452 0010 17       		.uleb128 0x17
 453 0011 00       		.byte	0
 454 0012 00       		.byte	0
 455 0013 02       		.uleb128 0x2
 456 0014 24       		.uleb128 0x24
 457 0015 00       		.byte	0
 458 0016 0B       		.uleb128 0xb
 459 0017 0B       		.uleb128 0xb
 460 0018 3E       		.uleb128 0x3e
 461 0019 0B       		.uleb128 0xb
 462 001a 03       		.uleb128 0x3
 463 001b 0E       		.uleb128 0xe
 464 001c 00       		.byte	0
 465 001d 00       		.byte	0
 466 001e 03       		.uleb128 0x3
 467 001f 24       		.uleb128 0x24
 468 0020 00       		.byte	0
 469 0021 0B       		.uleb128 0xb
 470 0022 0B       		.uleb128 0xb
 471 0023 3E       		.uleb128 0x3e
 472 0024 0B       		.uleb128 0xb
 473 0025 03       		.uleb128 0x3
 474 0026 08       		.uleb128 0x8
 475 0027 00       		.byte	0
 476 0028 00       		.byte	0
 477 0029 04       		.uleb128 0x4
 478 002a 16       		.uleb128 0x16
 479 002b 00       		.byte	0
 480 002c 03       		.uleb128 0x3
 481 002d 0E       		.uleb128 0xe
 482 002e 3A       		.uleb128 0x3a
 483 002f 0B       		.uleb128 0xb
 484 0030 3B       		.uleb128 0x3b
 485 0031 05       		.uleb128 0x5
 486 0032 49       		.uleb128 0x49
 487 0033 13       		.uleb128 0x13
 488 0034 00       		.byte	0
 489 0035 00       		.byte	0
ARM GAS  C:\Users\Davit\AppData\Local\Temp\ccbMDpt2.s 			page 12


 490 0036 05       		.uleb128 0x5
 491 0037 04       		.uleb128 0x4
 492 0038 01       		.byte	0x1
 493 0039 0B       		.uleb128 0xb
 494 003a 0B       		.uleb128 0xb
 495 003b 3A       		.uleb128 0x3a
 496 003c 0B       		.uleb128 0xb
 497 003d 3B       		.uleb128 0x3b
 498 003e 05       		.uleb128 0x5
 499 003f 01       		.uleb128 0x1
 500 0040 13       		.uleb128 0x13
 501 0041 00       		.byte	0
 502 0042 00       		.byte	0
 503 0043 06       		.uleb128 0x6
 504 0044 28       		.uleb128 0x28
 505 0045 00       		.byte	0
 506 0046 03       		.uleb128 0x3
 507 0047 0E       		.uleb128 0xe
 508 0048 1C       		.uleb128 0x1c
 509 0049 0D       		.uleb128 0xd
 510 004a 00       		.byte	0
 511 004b 00       		.byte	0
 512 004c 07       		.uleb128 0x7
 513 004d 13       		.uleb128 0x13
 514 004e 01       		.byte	0x1
 515 004f 0B       		.uleb128 0xb
 516 0050 0B       		.uleb128 0xb
 517 0051 3A       		.uleb128 0x3a
 518 0052 0B       		.uleb128 0xb
 519 0053 3B       		.uleb128 0x3b
 520 0054 0B       		.uleb128 0xb
 521 0055 01       		.uleb128 0x1
 522 0056 13       		.uleb128 0x13
 523 0057 00       		.byte	0
 524 0058 00       		.byte	0
 525 0059 08       		.uleb128 0x8
 526 005a 0D       		.uleb128 0xd
 527 005b 00       		.byte	0
 528 005c 03       		.uleb128 0x3
 529 005d 0E       		.uleb128 0xe
 530 005e 3A       		.uleb128 0x3a
 531 005f 0B       		.uleb128 0xb
 532 0060 3B       		.uleb128 0x3b
 533 0061 0B       		.uleb128 0xb
 534 0062 49       		.uleb128 0x49
 535 0063 13       		.uleb128 0x13
 536 0064 38       		.uleb128 0x38
 537 0065 0B       		.uleb128 0xb
 538 0066 00       		.byte	0
 539 0067 00       		.byte	0
 540 0068 09       		.uleb128 0x9
 541 0069 01       		.uleb128 0x1
 542 006a 01       		.byte	0x1
 543 006b 49       		.uleb128 0x49
 544 006c 13       		.uleb128 0x13
 545 006d 01       		.uleb128 0x1
 546 006e 13       		.uleb128 0x13
ARM GAS  C:\Users\Davit\AppData\Local\Temp\ccbMDpt2.s 			page 13


 547 006f 00       		.byte	0
 548 0070 00       		.byte	0
 549 0071 0A       		.uleb128 0xa
 550 0072 21       		.uleb128 0x21
 551 0073 00       		.byte	0
 552 0074 49       		.uleb128 0x49
 553 0075 13       		.uleb128 0x13
 554 0076 2F       		.uleb128 0x2f
 555 0077 0B       		.uleb128 0xb
 556 0078 00       		.byte	0
 557 0079 00       		.byte	0
 558 007a 0B       		.uleb128 0xb
 559 007b 16       		.uleb128 0x16
 560 007c 00       		.byte	0
 561 007d 03       		.uleb128 0x3
 562 007e 0E       		.uleb128 0xe
 563 007f 3A       		.uleb128 0x3a
 564 0080 0B       		.uleb128 0xb
 565 0081 3B       		.uleb128 0x3b
 566 0082 0B       		.uleb128 0xb
 567 0083 49       		.uleb128 0x49
 568 0084 13       		.uleb128 0x13
 569 0085 00       		.byte	0
 570 0086 00       		.byte	0
 571 0087 0C       		.uleb128 0xc
 572 0088 2E       		.uleb128 0x2e
 573 0089 00       		.byte	0
 574 008a 3F       		.uleb128 0x3f
 575 008b 19       		.uleb128 0x19
 576 008c 03       		.uleb128 0x3
 577 008d 0E       		.uleb128 0xe
 578 008e 3A       		.uleb128 0x3a
 579 008f 0B       		.uleb128 0xb
 580 0090 3B       		.uleb128 0x3b
 581 0091 0B       		.uleb128 0xb
 582 0092 27       		.uleb128 0x27
 583 0093 19       		.uleb128 0x19
 584 0094 11       		.uleb128 0x11
 585 0095 01       		.uleb128 0x1
 586 0096 12       		.uleb128 0x12
 587 0097 06       		.uleb128 0x6
 588 0098 40       		.uleb128 0x40
 589 0099 18       		.uleb128 0x18
 590 009a 9742     		.uleb128 0x2117
 591 009c 19       		.uleb128 0x19
 592 009d 00       		.byte	0
 593 009e 00       		.byte	0
 594 009f 0D       		.uleb128 0xd
 595 00a0 34       		.uleb128 0x34
 596 00a1 00       		.byte	0
 597 00a2 03       		.uleb128 0x3
 598 00a3 0E       		.uleb128 0xe
 599 00a4 3A       		.uleb128 0x3a
 600 00a5 0B       		.uleb128 0xb
 601 00a6 3B       		.uleb128 0x3b
 602 00a7 0B       		.uleb128 0xb
 603 00a8 49       		.uleb128 0x49
ARM GAS  C:\Users\Davit\AppData\Local\Temp\ccbMDpt2.s 			page 14


 604 00a9 13       		.uleb128 0x13
 605 00aa 3F       		.uleb128 0x3f
 606 00ab 19       		.uleb128 0x19
 607 00ac 02       		.uleb128 0x2
 608 00ad 18       		.uleb128 0x18
 609 00ae 00       		.byte	0
 610 00af 00       		.byte	0
 611 00b0 0E       		.uleb128 0xe
 612 00b1 26       		.uleb128 0x26
 613 00b2 00       		.byte	0
 614 00b3 49       		.uleb128 0x49
 615 00b4 13       		.uleb128 0x13
 616 00b5 00       		.byte	0
 617 00b6 00       		.byte	0
 618 00b7 00       		.byte	0
 619              		.section	.debug_aranges,"",%progbits
 620 0000 1C000000 		.4byte	0x1c
 621 0004 0200     		.2byte	0x2
 622 0006 00000000 		.4byte	.Ldebug_info0
 623 000a 04       		.byte	0x4
 624 000b 00       		.byte	0
 625 000c 0000     		.2byte	0
 626 000e 0000     		.2byte	0
 627 0010 00000000 		.4byte	.LFB2
 628 0014 08000000 		.4byte	.LFE2-.LFB2
 629 0018 00000000 		.4byte	0
 630 001c 00000000 		.4byte	0
 631              		.section	.debug_ranges,"",%progbits
 632              	.Ldebug_ranges0:
 633 0000 00000000 		.4byte	.LFB2
 634 0004 08000000 		.4byte	.LFE2
 635 0008 00000000 		.4byte	0
 636 000c 00000000 		.4byte	0
 637              		.section	.debug_line,"",%progbits
 638              	.Ldebug_line0:
 639 0000 9A000000 		.section	.debug_str,"MS",%progbits,1
 639      02008100 
 639      00000201 
 639      FB0E0D00 
 639      01010101 
 640              	.LASF22:
 641 0000 4359424C 		.ascii	"CYBLE_EVT_GAP_PASSKEY_ENTRY_REQUEST\000"
 641      455F4556 
 641      545F4741 
 641      505F5041 
 641      53534B45 
 642              	.LASF53:
 643 0024 4359424C 		.ascii	"CYBLE_EVT_GATTC_WRITE_RSP\000"
 643      455F4556 
 643      545F4741 
 643      5454435F 
 643      57524954 
 644              	.LASF19:
 645 003e 4359424C 		.ascii	"CYBLE_EVT_MEMORY_REQUEST\000"
 645      455F4556 
 645      545F4D45 
 645      4D4F5259 
ARM GAS  C:\Users\Davit\AppData\Local\Temp\ccbMDpt2.s 			page 15


 645      5F524551 
 646              	.LASF40:
 647 0057 4359424C 		.ascii	"CYBLE_EVT_GATTC_ERROR_RSP\000"
 647      455F4556 
 647      545F4741 
 647      5454435F 
 647      4552524F 
 648              	.LASF28:
 649 0071 4359424C 		.ascii	"CYBLE_EVT_GAP_DEVICE_DISCONNECTED\000"
 649      455F4556 
 649      545F4741 
 649      505F4445 
 649      56494345 
 650              	.LASF89:
 651 0093 433A5C55 		.ascii	"C:\\Users\\Davit\\Documents\\GitHub\\BioSnap\\Maste"
 651      73657273 
 651      5C446176 
 651      69745C44 
 651      6F63756D 
 652 00c0 725F7632 		.ascii	"r_v2\\Master_2.cydsn\000"
 652      5C4D6173 
 652      7465725F 
 652      322E6379 
 652      64736E00 
 653              	.LASF34:
 654 00d4 4359424C 		.ascii	"CYBLE_EVT_GAP_KEYPRESS_NOTIFICATION\000"
 654      455F4556 
 654      545F4741 
 654      505F4B45 
 654      59505245 
 655              	.LASF2:
 656 00f8 73686F72 		.ascii	"short int\000"
 656      7420696E 
 656      7400
 657              	.LASF25:
 658 0102 4359424C 		.ascii	"CYBLE_EVT_GAP_AUTH_FAILED\000"
 658      455F4556 
 658      545F4741 
 658      505F4155 
 658      54485F46 
 659              	.LASF12:
 660 011c 73697A65 		.ascii	"sizetype\000"
 660      74797065 
 660      00
 661              	.LASF36:
 662 0125 4359424C 		.ascii	"CYBLE_EVT_GAP_DATA_LENGTH_CHANGE\000"
 662      455F4556 
 662      545F4741 
 662      505F4441 
 662      54415F4C 
 663              	.LASF6:
 664 0146 6C6F6E67 		.ascii	"long long int\000"
 664      206C6F6E 
 664      6720696E 
 664      7400
 665              	.LASF84:
 666 0154 63757374 		.ascii	"customServHandle\000"
ARM GAS  C:\Users\Davit\AppData\Local\Temp\ccbMDpt2.s 			page 16


 666      6F6D5365 
 666      72764861 
 666      6E646C65 
 666      00
 667              	.LASF17:
 668 0165 4359424C 		.ascii	"CYBLE_EVT_HCI_STATUS\000"
 668      455F4556 
 668      545F4843 
 668      495F5354 
 668      41545553 
 669              	.LASF90:
 670 017a 4379426C 		.ascii	"CyBle_CustomInit\000"
 670      655F4375 
 670      73746F6D 
 670      496E6974 
 670      00
 671              	.LASF14:
 672 018b 4359424C 		.ascii	"CYBLE_EVT_STACK_ON\000"
 672      455F4556 
 672      545F5354 
 672      41434B5F 
 672      4F4E00
 673              	.LASF43:
 674 019e 4359424C 		.ascii	"CYBLE_EVT_GATTS_XCNHG_MTU_REQ\000"
 674      455F4556 
 674      545F4741 
 674      5454535F 
 674      58434E48 
 675              	.LASF79:
 676 01bc 75696E74 		.ascii	"uint16\000"
 676      313600
 677              	.LASF82:
 678 01c3 63757374 		.ascii	"customServCharDesc\000"
 678      6F6D5365 
 678      72764368 
 678      61724465 
 678      736300
 679              	.LASF51:
 680 01d6 4359424C 		.ascii	"CYBLE_EVT_GATTC_READ_MULTI_RSP\000"
 680      455F4556 
 680      545F4741 
 680      5454435F 
 680      52454144 
 681              	.LASF60:
 682 01f5 4359424C 		.ascii	"CYBLE_EVT_GATTS_HANDLE_VALUE_CNF\000"
 682      455F4556 
 682      545F4741 
 682      5454535F 
 682      48414E44 
 683              	.LASF13:
 684 0216 4359424C 		.ascii	"CYBLE_EVT_HOST_INVALID\000"
 684      455F4556 
 684      545F484F 
 684      53545F49 
 684      4E56414C 
 685              	.LASF88:
 686 022d 47656E65 		.ascii	"Generated_Source\\PSoC4\\BLE_1_custom.c\000"
ARM GAS  C:\Users\Davit\AppData\Local\Temp\ccbMDpt2.s 			page 17


 686      72617465 
 686      645F536F 
 686      75726365 
 686      5C50536F 
 687              	.LASF71:
 688 0253 4359424C 		.ascii	"CYBLE_EVT_L2CAP_CBFC_DISCONN_CNF\000"
 688      455F4556 
 688      545F4C32 
 688      4341505F 
 688      43424643 
 689              	.LASF9:
 690 0274 666C6F61 		.ascii	"float\000"
 690      7400
 691              	.LASF49:
 692 027a 4359424C 		.ascii	"CYBLE_EVT_GATTC_READ_RSP\000"
 692      455F4556 
 692      545F4741 
 692      5454435F 
 692      52454144 
 693              	.LASF33:
 694 0293 4359424C 		.ascii	"CYBLE_EVT_GAP_NUMERIC_COMPARISON_REQUEST\000"
 694      455F4556 
 694      545F4741 
 694      505F4E55 
 694      4D455249 
 695              	.LASF38:
 696 02bc 4359424C 		.ascii	"CYBLE_EVT_GAPC_DIRECT_ADV_REPORT\000"
 696      455F4556 
 696      545F4741 
 696      50435F44 
 696      49524543 
 697              	.LASF7:
 698 02dd 6C6F6E67 		.ascii	"long long unsigned int\000"
 698      206C6F6E 
 698      6720756E 
 698      7369676E 
 698      65642069 
 699              	.LASF83:
 700 02f4 4359424C 		.ascii	"CYBLE_CUSTOMS_INFO_T\000"
 700      455F4355 
 700      53544F4D 
 700      535F494E 
 700      464F5F54 
 701              	.LASF4:
 702 0309 6C6F6E67 		.ascii	"long int\000"
 702      20696E74 
 702      00
 703              	.LASF59:
 704 0312 4359424C 		.ascii	"CYBLE_EVT_GATTC_HANDLE_VALUE_IND\000"
 704      455F4556 
 704      545F4741 
 704      5454435F 
 704      48414E44 
 705              	.LASF27:
 706 0333 4359424C 		.ascii	"CYBLE_EVT_GAP_DEVICE_CONNECTED\000"
 706      455F4556 
 706      545F4741 
ARM GAS  C:\Users\Davit\AppData\Local\Temp\ccbMDpt2.s 			page 18


 706      505F4445 
 706      56494345 
 707              	.LASF26:
 708 0352 4359424C 		.ascii	"CYBLE_EVT_GAPP_ADVERTISEMENT_START_STOP\000"
 708      455F4556 
 708      545F4741 
 708      50505F41 
 708      44564552 
 709              	.LASF58:
 710 037a 4359424C 		.ascii	"CYBLE_EVT_GATTC_HANDLE_VALUE_NTF\000"
 710      455F4556 
 710      545F4741 
 710      5454435F 
 710      48414E44 
 711              	.LASF18:
 712 039b 4359424C 		.ascii	"CYBLE_EVT_STACK_BUSY_STATUS\000"
 712      455F4556 
 712      545F5354 
 712      41434B5F 
 712      42555359 
 713              	.LASF23:
 714 03b7 4359424C 		.ascii	"CYBLE_EVT_GAP_PASSKEY_DISPLAY_REQUEST\000"
 714      455F4556 
 714      545F4741 
 714      505F5041 
 714      53534B45 
 715              	.LASF86:
 716 03dd 4359424C 		.ascii	"CYBLE_CUSTOMS_T\000"
 716      455F4355 
 716      53544F4D 
 716      535F5400 
 717              	.LASF69:
 718 03ed 4359424C 		.ascii	"CYBLE_EVT_L2CAP_CBFC_CONN_CNF\000"
 718      455F4556 
 718      545F4C32 
 718      4341505F 
 718      43424643 
 719              	.LASF37:
 720 040b 4359424C 		.ascii	"CYBLE_EVT_GAP_ENHANCE_CONN_COMPLETE\000"
 720      455F4556 
 720      545F4741 
 720      505F454E 
 720      48414E43 
 721              	.LASF65:
 722 042f 4359424C 		.ascii	"CYBLE_EVT_L2CAP_CONN_PARAM_UPDATE_REQ\000"
 722      455F4556 
 722      545F4C32 
 722      4341505F 
 722      434F4E4E 
 723              	.LASF1:
 724 0455 756E7369 		.ascii	"unsigned char\000"
 724      676E6564 
 724      20636861 
 724      7200
 725              	.LASF85:
 726 0463 63757374 		.ascii	"customServInfo\000"
 726      6F6D5365 
ARM GAS  C:\Users\Davit\AppData\Local\Temp\ccbMDpt2.s 			page 19


 726      7276496E 
 726      666F00
 727              	.LASF55:
 728 0472 4359424C 		.ascii	"CYBLE_EVT_GATTS_PREP_WRITE_REQ\000"
 728      455F4556 
 728      545F4741 
 728      5454535F 
 728      50524550 
 729              	.LASF77:
 730 0491 4359424C 		.ascii	"CYBLE_EVT_LE_PING_AUTH_TIMEOUT\000"
 730      455F4556 
 730      545F4C45 
 730      5F50494E 
 730      475F4155 
 731              	.LASF47:
 732 04b0 4359424C 		.ascii	"CYBLE_EVT_GATTC_FIND_INFO_RSP\000"
 732      455F4556 
 732      545F4741 
 732      5454435F 
 732      46494E44 
 733              	.LASF0:
 734 04ce 7369676E 		.ascii	"signed char\000"
 734      65642063 
 734      68617200 
 735              	.LASF52:
 736 04da 4359424C 		.ascii	"CYBLE_EVT_GATTS_WRITE_REQ\000"
 736      455F4556 
 736      545F4741 
 736      5454535F 
 736      57524954 
 737              	.LASF48:
 738 04f4 4359424C 		.ascii	"CYBLE_EVT_GATTC_FIND_BY_TYPE_VALUE_RSP\000"
 738      455F4556 
 738      545F4741 
 738      5454435F 
 738      46494E44 
 739              	.LASF24:
 740 051b 4359424C 		.ascii	"CYBLE_EVT_GAP_AUTH_COMPLETE\000"
 740      455F4556 
 740      545F4741 
 740      505F4155 
 740      54485F43 
 741              	.LASF8:
 742 0537 756E7369 		.ascii	"unsigned int\000"
 742      676E6564 
 742      20696E74 
 742      00
 743              	.LASF41:
 744 0544 4359424C 		.ascii	"CYBLE_EVT_GATT_CONNECT_IND\000"
 744      455F4556 
 744      545F4741 
 744      54545F43 
 744      4F4E4E45 
 745              	.LASF5:
 746 055f 6C6F6E67 		.ascii	"long unsigned int\000"
 746      20756E73 
 746      69676E65 
ARM GAS  C:\Users\Davit\AppData\Local\Temp\ccbMDpt2.s 			page 20


 746      6420696E 
 746      7400
 747              	.LASF21:
 748 0571 4359424C 		.ascii	"CYBLE_EVT_GAP_AUTH_REQ\000"
 748      455F4556 
 748      545F4741 
 748      505F4155 
 748      54485F52 
 749              	.LASF70:
 750 0588 4359424C 		.ascii	"CYBLE_EVT_L2CAP_CBFC_DISCONN_IND\000"
 750      455F4556 
 750      545F4C32 
 750      4341505F 
 750      43424643 
 751              	.LASF29:
 752 05a9 4359424C 		.ascii	"CYBLE_EVT_GAP_ENCRYPT_CHANGE\000"
 752      455F4556 
 752      545F4741 
 752      505F454E 
 752      43525950 
 753              	.LASF64:
 754 05c6 4359424C 		.ascii	"CYBLE_EVT_GATTC_LONG_PROCEDURE_END\000"
 754      455F4556 
 754      545F4741 
 754      5454435F 
 754      4C4F4E47 
 755              	.LASF32:
 756 05e9 4359424C 		.ascii	"CYBLE_EVT_GAP_KEYINFO_EXCHNGE_CMPLT\000"
 756      455F4556 
 756      545F4741 
 756      505F4B45 
 756      59494E46 
 757              	.LASF30:
 758 060d 4359424C 		.ascii	"CYBLE_EVT_GAP_CONNECTION_UPDATE_COMPLETE\000"
 758      455F4556 
 758      545F4741 
 758      505F434F 
 758      4E4E4543 
 759              	.LASF39:
 760 0636 4359424C 		.ascii	"CYBLE_EVT_GAP_SMP_NEGOTIATED_AUTH_INFO\000"
 760      455F4556 
 760      545F4741 
 760      505F534D 
 760      505F4E45 
 761              	.LASF11:
 762 065d 63686172 		.ascii	"char\000"
 762      00
 763              	.LASF87:
 764 0662 474E5520 		.ascii	"GNU C 4.9.3 20150303 (release) [ARM/embedded-4_9-br"
 764      4320342E 
 764      392E3320 
 764      32303135 
 764      30333033 
 765 0695 616E6368 		.ascii	"anch revision 221220] -mcpu=cortex-m0 -mthumb -g -O"
 765      20726576 
 765      6973696F 
 765      6E203232 
ARM GAS  C:\Users\Davit\AppData\Local\Temp\ccbMDpt2.s 			page 21


 765      31323230 
 766 06c8 30202D66 		.ascii	"0 -ffunction-sections -ffat-lto-objects\000"
 766      66756E63 
 766      74696F6E 
 766      2D736563 
 766      74696F6E 
 767              	.LASF67:
 768 06f0 4359424C 		.ascii	"CYBLE_EVT_L2CAP_COMMAND_REJ\000"
 768      455F4556 
 768      545F4C32 
 768      4341505F 
 768      434F4D4D 
 769              	.LASF3:
 770 070c 73686F72 		.ascii	"short unsigned int\000"
 770      7420756E 
 770      7369676E 
 770      65642069 
 770      6E7400
 771              	.LASF20:
 772 071f 4359424C 		.ascii	"CYBLE_EVT_GAPC_SCAN_PROGRESS_RESULT\000"
 772      455F4556 
 772      545F4741 
 772      50435F53 
 772      43414E5F 
 773              	.LASF50:
 774 0743 4359424C 		.ascii	"CYBLE_EVT_GATTC_READ_BLOB_RSP\000"
 774      455F4556 
 774      545F4741 
 774      5454435F 
 774      52454144 
 775              	.LASF57:
 776 0761 4359424C 		.ascii	"CYBLE_EVT_GATTC_EXEC_WRITE_RSP\000"
 776      455F4556 
 776      545F4741 
 776      5454435F 
 776      45584543 
 777              	.LASF31:
 778 0780 4359424C 		.ascii	"CYBLE_EVT_GAPC_SCAN_START_STOP\000"
 778      455F4556 
 778      545F4741 
 778      50435F53 
 778      43414E5F 
 779              	.LASF76:
 780 079f 4359424C 		.ascii	"CYBLE_EVT_PENDING_FLASH_WRITE\000"
 780      455F4556 
 780      545F5045 
 780      4E44494E 
 780      475F464C 
 781              	.LASF73:
 782 07bd 4359424C 		.ascii	"CYBLE_EVT_L2CAP_CBFC_RX_CREDIT_IND\000"
 782      455F4556 
 782      545F4C32 
 782      4341505F 
 782      43424643 
 783              	.LASF10:
 784 07e0 646F7562 		.ascii	"double\000"
 784      6C6500
ARM GAS  C:\Users\Davit\AppData\Local\Temp\ccbMDpt2.s 			page 22


 785              	.LASF74:
 786 07e7 4359424C 		.ascii	"CYBLE_EVT_L2CAP_CBFC_TX_CREDIT_IND\000"
 786      455F4556 
 786      545F4C32 
 786      4341505F 
 786      43424643 
 787              	.LASF81:
 788 080a 63757374 		.ascii	"customServCharHandle\000"
 788      6F6D5365 
 788      72764368 
 788      61724861 
 788      6E646C65 
 789              	.LASF16:
 790 081f 4359424C 		.ascii	"CYBLE_EVT_HARDWARE_ERROR\000"
 790      455F4556 
 790      545F4841 
 790      52445741 
 790      52455F45 
 791              	.LASF72:
 792 0838 4359424C 		.ascii	"CYBLE_EVT_L2CAP_CBFC_DATA_READ\000"
 792      455F4556 
 792      545F4C32 
 792      4341505F 
 792      43424643 
 793              	.LASF66:
 794 0857 4359424C 		.ascii	"CYBLE_EVT_L2CAP_CONN_PARAM_UPDATE_RSP\000"
 794      455F4556 
 794      545F4C32 
 794      4341505F 
 794      434F4E4E 
 795              	.LASF68:
 796 087d 4359424C 		.ascii	"CYBLE_EVT_L2CAP_CBFC_CONN_IND\000"
 796      455F4556 
 796      545F4C32 
 796      4341505F 
 796      43424643 
 797              	.LASF45:
 798 089b 4359424C 		.ascii	"CYBLE_EVT_GATTC_READ_BY_GROUP_TYPE_RSP\000"
 798      455F4556 
 798      545F4741 
 798      5454435F 
 798      52454144 
 799              	.LASF54:
 800 08c2 4359424C 		.ascii	"CYBLE_EVT_GATTS_WRITE_CMD_REQ\000"
 800      455F4556 
 800      545F4741 
 800      5454535F 
 800      57524954 
 801              	.LASF46:
 802 08e0 4359424C 		.ascii	"CYBLE_EVT_GATTC_READ_BY_TYPE_RSP\000"
 802      455F4556 
 802      545F4741 
 802      5454435F 
 802      52454144 
 803              	.LASF44:
 804 0901 4359424C 		.ascii	"CYBLE_EVT_GATTC_XCHNG_MTU_RSP\000"
 804      455F4556 
ARM GAS  C:\Users\Davit\AppData\Local\Temp\ccbMDpt2.s 			page 23


 804      545F4741 
 804      5454435F 
 804      5843484E 
 805              	.LASF75:
 806 091f 4359424C 		.ascii	"CYBLE_EVT_L2CAP_CBFC_DATA_WRITE_IND\000"
 806      455F4556 
 806      545F4C32 
 806      4341505F 
 806      43424643 
 807              	.LASF15:
 808 0943 4359424C 		.ascii	"CYBLE_EVT_TIMEOUT\000"
 808      455F4556 
 808      545F5449 
 808      4D454F55 
 808      5400
 809              	.LASF78:
 810 0955 4359424C 		.ascii	"CYBLE_EVT_MAX\000"
 810      455F4556 
 810      545F4D41 
 810      5800
 811              	.LASF63:
 812 0963 4359424C 		.ascii	"CYBLE_EVT_GATTS_READ_CHAR_VAL_ACCESS_REQ\000"
 812      455F4556 
 812      545F4741 
 812      5454535F 
 812      52454144 
 813              	.LASF62:
 814 098c 4359424C 		.ascii	"CYBLE_EVT_GATTC_STOP_CMD_COMPLETE\000"
 814      455F4556 
 814      545F4741 
 814      5454435F 
 814      53544F50 
 815              	.LASF56:
 816 09ae 4359424C 		.ascii	"CYBLE_EVT_GATTS_EXEC_WRITE_REQ\000"
 816      455F4556 
 816      545F4741 
 816      5454535F 
 816      45584543 
 817              	.LASF80:
 818 09cd 4359424C 		.ascii	"CYBLE_GATT_DB_ATTR_HANDLE_T\000"
 818      455F4741 
 818      54545F44 
 818      425F4154 
 818      54525F48 
 819              	.LASF91:
 820 09e9 6379426C 		.ascii	"cyBle_customs\000"
 820      655F6375 
 820      73746F6D 
 820      7300
 821              	.LASF61:
 822 09f7 4359424C 		.ascii	"CYBLE_EVT_GATTS_DATA_SIGNED_CMD_REQ\000"
 822      455F4556 
 822      545F4741 
 822      5454535F 
 822      44415441 
 823              	.LASF42:
 824 0a1b 4359424C 		.ascii	"CYBLE_EVT_GATT_DISCONNECT_IND\000"
ARM GAS  C:\Users\Davit\AppData\Local\Temp\ccbMDpt2.s 			page 24


 824      455F4556 
 824      545F4741 
 824      54545F44 
 824      4953434F 
 825              	.LASF35:
 826 0a39 4359424C 		.ascii	"CYBLE_EVT_GAP_OOB_GENERATED_NOTIFICATION\000"
 826      455F4556 
 826      545F4741 
 826      505F4F4F 
 826      425F4745 
 827              		.ident	"GCC: (GNU Tools for ARM Embedded Processors) 4.9.3 20150303 (release) [ARM/embedded-4_9-br
