--------------- Clean Started: 02/05/2017 22:28:19 Project: Master_2, Configuration: ARM GCC 4.9-2015-q1-update Debug ---------------
Deleting file ".\CortexM0\ARM_GCC_493\Debug\main.o"
Deleting file ".\CortexM0\ARM_GCC_493\Debug\MAX30100_All.o"
Deleting file ".\CortexM0\ARM_GCC_493\Debug\temperature.o"
Deleting file ".\CortexM0\ARM_GCC_493\Debug\cyfitter_cfg.o"
Deleting file ".\CortexM0\ARM_GCC_493\Debug\cymetadata.o"
Deleting file ".\CortexM0\ARM_GCC_493\Debug\BLE_1.o"
Deleting file ".\CortexM0\ARM_GCC_493\Debug\BLE_1_gatt.o"
Deleting file ".\CortexM0\ARM_GCC_493\Debug\BLE_1_eventHandler.o"
Deleting file ".\CortexM0\ARM_GCC_493\Debug\BLE_1_HAL_INT.o"
Deleting file ".\CortexM0\ARM_GCC_493\Debug\BLE_1_HAL_PVT.o"
Deleting file ".\CortexM0\ARM_GCC_493\Debug\BLE_1_custom.o"
Deleting file ".\CortexM0\ARM_GCC_493\Debug\I2C_1.o"
Deleting file ".\CortexM0\ARM_GCC_493\Debug\I2C_1_I2C_INT.o"
Deleting file ".\CortexM0\ARM_GCC_493\Debug\I2C_1_I2C.o"
Deleting file ".\CortexM0\ARM_GCC_493\Debug\I2C_1_I2C_BOOT.o"
Deleting file ".\CortexM0\ARM_GCC_493\Debug\I2C_1_I2C_MASTER.o"
Deleting file ".\CortexM0\ARM_GCC_493\Debug\I2C_1_PM.o"
Deleting file ".\CortexM0\ARM_GCC_493\Debug\I2C_1_BOOT.o"
Deleting file ".\CortexM0\ARM_GCC_493\Debug\Timer_minute.o"
Deleting file ".\CortexM0\ARM_GCC_493\Debug\Timer_minute_PM.o"
Deleting file ".\CortexM0\ARM_GCC_493\Debug\isr_minute.o"
Deleting file ".\CortexM0\ARM_GCC_493\Debug\Clock_1.o"
Deleting file ".\CortexM0\ARM_GCC_493\Debug\BLE_1_bless_isr.o"
Deleting file ".\CortexM0\ARM_GCC_493\Debug\I2C_1_SCBCLK.o"
Deleting file ".\CortexM0\ARM_GCC_493\Debug\I2C_1_sda.o"
Deleting file ".\CortexM0\ARM_GCC_493\Debug\I2C_1_sda_PM.o"
Deleting file ".\CortexM0\ARM_GCC_493\Debug\I2C_1_scl.o"
Deleting file ".\CortexM0\ARM_GCC_493\Debug\I2C_1_scl_PM.o"
Deleting file ".\CortexM0\ARM_GCC_493\Debug\I2C_1_SCB_IRQ.o"
Deleting file ".\CortexM0\ARM_GCC_493\Debug\Cm0Start.o"
Deleting file ".\CortexM0\ARM_GCC_493\Debug\CyBootAsmGnu.o"
Deleting file ".\CortexM0\ARM_GCC_493\Debug\CyFlash.o"
Deleting file ".\CortexM0\ARM_GCC_493\Debug\CyLib.o"
Deleting file ".\CortexM0\ARM_GCC_493\Debug\cyPm.o"
Deleting file ".\CortexM0\ARM_GCC_493\Debug\cyutils.o"
Deleting file ".\CortexM0\ARM_GCC_493\Debug\CyLFClk.o"
Deleting file ".\CortexM0\ARM_GCC_493\Debug\ADC.o"
Deleting file ".\CortexM0\ARM_GCC_493\Debug\ADC_PM.o"
Deleting file ".\CortexM0\ARM_GCC_493\Debug\ADC_INT.o"
Deleting file ".\CortexM0\ARM_GCC_493\Debug\temp_in.o"
Deleting file ".\CortexM0\ARM_GCC_493\Debug\temp_in_PM.o"
Deleting file ".\CortexM0\ARM_GCC_493\Debug\ADC_IRQ.o"
Deleting file ".\CortexM0\ARM_GCC_493\Debug\ADC_intClock.o"
Deleting file ".\CortexM0\ARM_GCC_493\Debug\Master_2.hex"
Deleting file ".\CortexM0\ARM_GCC_493\Debug\Master_2.elf"
Deleting file ".\CortexM0\ARM_GCC_493\Debug\Master_2.map"
Deleting file ".\Master_2.cycdx"
Deleting file ".\Master_2.svd"
Deleting file ".\Master_2.rpt"
Deleting file ".\Master_2_timing.html"
Deleting file ".\CortexM0\ARM_GCC_493\Debug\.deps\C_FILE.P"
Deleting file ".\CortexM0\ARM_GCC_493\Debug\.deps\ARM_C_FILE.P"
Deleting file ".\CortexM0\ARM_GCC_493\Debug\.deps\GNU_ARM_ASM_FILE.P"
--------------- Clean Succeeded: 02/05/2017 22:28:19 ---------------
