ARM GAS  C:\Users\Matthew\AppData\Local\Temp\cc8QF7ya.s 			page 1


   1              		.cpu cortex-m0
   2              		.fpu softvfp
   3              		.eabi_attribute 20, 1
   4              		.eabi_attribute 21, 1
   5              		.eabi_attribute 23, 3
   6              		.eabi_attribute 24, 1
   7              		.eabi_attribute 25, 1
   8              		.eabi_attribute 26, 1
   9              		.eabi_attribute 30, 6
  10              		.eabi_attribute 34, 0
  11              		.eabi_attribute 18, 4
  12              		.code	16
  13              		.file	"cyfitter_cfg.c"
  14              		.text
  15              	.Ltext0:
  16              		.cfi_sections	.debug_frame
  17              		.section	.text.CYMEMZERO,"ax",%progbits
  18              		.align	2
  19              		.code	16
  20              		.thumb_func
  21              		.type	CYMEMZERO, %function
  22              	CYMEMZERO:
  23              	.LFB2:
  24              		.file 1 ".\\Generated_Source\\PSoC4\\cyfitter_cfg.c"
   1:.\Generated_Source\PSoC4/cyfitter_cfg.c **** /*******************************************************************************
   2:.\Generated_Source\PSoC4/cyfitter_cfg.c **** * File Name: cyfitter_cfg.c
   3:.\Generated_Source\PSoC4/cyfitter_cfg.c **** * 
   4:.\Generated_Source\PSoC4/cyfitter_cfg.c **** * PSoC Creator  3.3 CP3
   5:.\Generated_Source\PSoC4/cyfitter_cfg.c **** *
   6:.\Generated_Source\PSoC4/cyfitter_cfg.c **** * Description:
   7:.\Generated_Source\PSoC4/cyfitter_cfg.c **** * This file contains device initialization code.
   8:.\Generated_Source\PSoC4/cyfitter_cfg.c **** * Except for the user defined sections in CyClockStartupError(), this file should not be modified.
   9:.\Generated_Source\PSoC4/cyfitter_cfg.c **** * This file is automatically generated by PSoC Creator.
  10:.\Generated_Source\PSoC4/cyfitter_cfg.c **** *
  11:.\Generated_Source\PSoC4/cyfitter_cfg.c **** ********************************************************************************
  12:.\Generated_Source\PSoC4/cyfitter_cfg.c **** * Copyright (c) 2007-2016 Cypress Semiconductor.  All rights reserved.
  13:.\Generated_Source\PSoC4/cyfitter_cfg.c **** * You may use this file only in accordance with the license, terms, conditions, 
  14:.\Generated_Source\PSoC4/cyfitter_cfg.c **** * disclaimers, and limitations in the end user license agreement accompanying 
  15:.\Generated_Source\PSoC4/cyfitter_cfg.c **** * the software package with which this file was provided.
  16:.\Generated_Source\PSoC4/cyfitter_cfg.c **** ********************************************************************************/
  17:.\Generated_Source\PSoC4/cyfitter_cfg.c **** 
  18:.\Generated_Source\PSoC4/cyfitter_cfg.c **** #include <string.h>
  19:.\Generated_Source\PSoC4/cyfitter_cfg.c **** #include "cytypes.h"
  20:.\Generated_Source\PSoC4/cyfitter_cfg.c **** #include "cydevice_trm.h"
  21:.\Generated_Source\PSoC4/cyfitter_cfg.c **** #include "cyfitter.h"
  22:.\Generated_Source\PSoC4/cyfitter_cfg.c **** #include "CyLib.h"
  23:.\Generated_Source\PSoC4/cyfitter_cfg.c **** #include "CyLFClk.h"
  24:.\Generated_Source\PSoC4/cyfitter_cfg.c **** #include "cyfitter_cfg.h"
  25:.\Generated_Source\PSoC4/cyfitter_cfg.c **** 
  26:.\Generated_Source\PSoC4/cyfitter_cfg.c **** 
  27:.\Generated_Source\PSoC4/cyfitter_cfg.c **** #if defined(__GNUC__) || defined(__ARMCC_VERSION)
  28:.\Generated_Source\PSoC4/cyfitter_cfg.c ****     #define CYPACKED 
  29:.\Generated_Source\PSoC4/cyfitter_cfg.c ****     #define CYPACKED_ATTR __attribute__ ((packed))
  30:.\Generated_Source\PSoC4/cyfitter_cfg.c ****     #define CYALIGNED __attribute__ ((aligned))
  31:.\Generated_Source\PSoC4/cyfitter_cfg.c ****     #define CY_CFG_UNUSED __attribute__ ((unused))
  32:.\Generated_Source\PSoC4/cyfitter_cfg.c ****     #ifndef CY_CFG_SECTION
  33:.\Generated_Source\PSoC4/cyfitter_cfg.c ****         #define CY_CFG_SECTION __attribute__ ((section(".psocinit")))
ARM GAS  C:\Users\Matthew\AppData\Local\Temp\cc8QF7ya.s 			page 2


  34:.\Generated_Source\PSoC4/cyfitter_cfg.c ****     #endif
  35:.\Generated_Source\PSoC4/cyfitter_cfg.c ****     
  36:.\Generated_Source\PSoC4/cyfitter_cfg.c ****     #if defined(__ARMCC_VERSION)
  37:.\Generated_Source\PSoC4/cyfitter_cfg.c ****         #define CY_CFG_MEMORY_BARRIER() __memory_changed()
  38:.\Generated_Source\PSoC4/cyfitter_cfg.c ****     #else
  39:.\Generated_Source\PSoC4/cyfitter_cfg.c ****         #define CY_CFG_MEMORY_BARRIER() __sync_synchronize()
  40:.\Generated_Source\PSoC4/cyfitter_cfg.c ****     #endif
  41:.\Generated_Source\PSoC4/cyfitter_cfg.c ****     
  42:.\Generated_Source\PSoC4/cyfitter_cfg.c **** #elif defined(__ICCARM__)
  43:.\Generated_Source\PSoC4/cyfitter_cfg.c ****     #include <intrinsics.h>
  44:.\Generated_Source\PSoC4/cyfitter_cfg.c **** 
  45:.\Generated_Source\PSoC4/cyfitter_cfg.c ****     #define CYPACKED __packed
  46:.\Generated_Source\PSoC4/cyfitter_cfg.c ****     #define CYPACKED_ATTR 
  47:.\Generated_Source\PSoC4/cyfitter_cfg.c ****     #define CYALIGNED _Pragma("data_alignment=4")
  48:.\Generated_Source\PSoC4/cyfitter_cfg.c ****     #define CY_CFG_UNUSED _Pragma("diag_suppress=Pe177")
  49:.\Generated_Source\PSoC4/cyfitter_cfg.c ****     #define CY_CFG_SECTION _Pragma("location=\".psocinit\"")
  50:.\Generated_Source\PSoC4/cyfitter_cfg.c ****     
  51:.\Generated_Source\PSoC4/cyfitter_cfg.c ****     #define CY_CFG_MEMORY_BARRIER() __DMB()
  52:.\Generated_Source\PSoC4/cyfitter_cfg.c ****     
  53:.\Generated_Source\PSoC4/cyfitter_cfg.c **** #else
  54:.\Generated_Source\PSoC4/cyfitter_cfg.c ****     #error Unsupported toolchain
  55:.\Generated_Source\PSoC4/cyfitter_cfg.c **** #endif
  56:.\Generated_Source\PSoC4/cyfitter_cfg.c **** 
  57:.\Generated_Source\PSoC4/cyfitter_cfg.c **** 
  58:.\Generated_Source\PSoC4/cyfitter_cfg.c **** CY_CFG_UNUSED
  59:.\Generated_Source\PSoC4/cyfitter_cfg.c **** static void CYMEMZERO(void *s, size_t n);
  60:.\Generated_Source\PSoC4/cyfitter_cfg.c **** CY_CFG_UNUSED
  61:.\Generated_Source\PSoC4/cyfitter_cfg.c **** static void CYMEMZERO(void *s, size_t n)
  62:.\Generated_Source\PSoC4/cyfitter_cfg.c **** {
  25              		.loc 1 62 0
  26              		.cfi_startproc
  27 0000 80B5     		push	{r7, lr}
  28              		.cfi_def_cfa_offset 8
  29              		.cfi_offset 7, -8
  30              		.cfi_offset 14, -4
  31 0002 82B0     		sub	sp, sp, #8
  32              		.cfi_def_cfa_offset 16
  33 0004 00AF     		add	r7, sp, #0
  34              		.cfi_def_cfa_register 7
  35 0006 7860     		str	r0, [r7, #4]
  36 0008 3960     		str	r1, [r7]
  63:.\Generated_Source\PSoC4/cyfitter_cfg.c **** 	(void)memset(s, 0, n);
  37              		.loc 1 63 0
  38 000a 7A68     		ldr	r2, [r7, #4]
  39 000c 3B68     		ldr	r3, [r7]
  40 000e 101C     		mov	r0, r2
  41 0010 0021     		mov	r1, #0
  42 0012 1A1C     		mov	r2, r3
  43 0014 FFF7FEFF 		bl	memset
  64:.\Generated_Source\PSoC4/cyfitter_cfg.c **** }
  44              		.loc 1 64 0
  45 0018 BD46     		mov	sp, r7
  46 001a 02B0     		add	sp, sp, #8
  47              		@ sp needed
  48 001c 80BD     		pop	{r7, pc}
  49              		.cfi_endproc
  50              	.LFE2:
ARM GAS  C:\Users\Matthew\AppData\Local\Temp\cc8QF7ya.s 			page 3


  51              		.size	CYMEMZERO, .-CYMEMZERO
  52 001e C046     		.section	.text.CYCONFIGCPY,"ax",%progbits
  53              		.align	2
  54              		.code	16
  55              		.thumb_func
  56              		.type	CYCONFIGCPY, %function
  57              	CYCONFIGCPY:
  58              	.LFB3:
  65:.\Generated_Source\PSoC4/cyfitter_cfg.c **** CY_CFG_UNUSED
  66:.\Generated_Source\PSoC4/cyfitter_cfg.c **** static void CYCONFIGCPY(void *dest, const void *src, size_t n);
  67:.\Generated_Source\PSoC4/cyfitter_cfg.c **** CY_CFG_UNUSED
  68:.\Generated_Source\PSoC4/cyfitter_cfg.c **** static void CYCONFIGCPY(void *dest, const void *src, size_t n)
  69:.\Generated_Source\PSoC4/cyfitter_cfg.c **** {
  59              		.loc 1 69 0
  60              		.cfi_startproc
  61 0000 80B5     		push	{r7, lr}
  62              		.cfi_def_cfa_offset 8
  63              		.cfi_offset 7, -8
  64              		.cfi_offset 14, -4
  65 0002 84B0     		sub	sp, sp, #16
  66              		.cfi_def_cfa_offset 24
  67 0004 00AF     		add	r7, sp, #0
  68              		.cfi_def_cfa_register 7
  69 0006 F860     		str	r0, [r7, #12]
  70 0008 B960     		str	r1, [r7, #8]
  71 000a 7A60     		str	r2, [r7, #4]
  70:.\Generated_Source\PSoC4/cyfitter_cfg.c **** 	(void)memcpy(dest, src, n);
  72              		.loc 1 70 0
  73 000c F968     		ldr	r1, [r7, #12]
  74 000e BA68     		ldr	r2, [r7, #8]
  75 0010 7B68     		ldr	r3, [r7, #4]
  76 0012 081C     		mov	r0, r1
  77 0014 111C     		mov	r1, r2
  78 0016 1A1C     		mov	r2, r3
  79 0018 FFF7FEFF 		bl	memcpy
  71:.\Generated_Source\PSoC4/cyfitter_cfg.c **** }
  80              		.loc 1 71 0
  81 001c BD46     		mov	sp, r7
  82 001e 04B0     		add	sp, sp, #16
  83              		@ sp needed
  84 0020 80BD     		pop	{r7, pc}
  85              		.cfi_endproc
  86              	.LFE3:
  87              		.size	CYCONFIGCPY, .-CYCONFIGCPY
  88 0022 C046     		.section	.text.CYCONFIGCPYCODE,"ax",%progbits
  89              		.align	2
  90              		.code	16
  91              		.thumb_func
  92              		.type	CYCONFIGCPYCODE, %function
  93              	CYCONFIGCPYCODE:
  94              	.LFB4:
  72:.\Generated_Source\PSoC4/cyfitter_cfg.c **** CY_CFG_UNUSED
  73:.\Generated_Source\PSoC4/cyfitter_cfg.c **** static void CYCONFIGCPYCODE(void *dest, const void *src, size_t n);
  74:.\Generated_Source\PSoC4/cyfitter_cfg.c **** CY_CFG_UNUSED
  75:.\Generated_Source\PSoC4/cyfitter_cfg.c **** static void CYCONFIGCPYCODE(void *dest, const void *src, size_t n)
  76:.\Generated_Source\PSoC4/cyfitter_cfg.c **** {
  95              		.loc 1 76 0
ARM GAS  C:\Users\Matthew\AppData\Local\Temp\cc8QF7ya.s 			page 4


  96              		.cfi_startproc
  97 0000 80B5     		push	{r7, lr}
  98              		.cfi_def_cfa_offset 8
  99              		.cfi_offset 7, -8
 100              		.cfi_offset 14, -4
 101 0002 84B0     		sub	sp, sp, #16
 102              		.cfi_def_cfa_offset 24
 103 0004 00AF     		add	r7, sp, #0
 104              		.cfi_def_cfa_register 7
 105 0006 F860     		str	r0, [r7, #12]
 106 0008 B960     		str	r1, [r7, #8]
 107 000a 7A60     		str	r2, [r7, #4]
  77:.\Generated_Source\PSoC4/cyfitter_cfg.c **** 	(void)memcpy(dest, src, n);
 108              		.loc 1 77 0
 109 000c F968     		ldr	r1, [r7, #12]
 110 000e BA68     		ldr	r2, [r7, #8]
 111 0010 7B68     		ldr	r3, [r7, #4]
 112 0012 081C     		mov	r0, r1
 113 0014 111C     		mov	r1, r2
 114 0016 1A1C     		mov	r2, r3
 115 0018 FFF7FEFF 		bl	memcpy
  78:.\Generated_Source\PSoC4/cyfitter_cfg.c **** }
 116              		.loc 1 78 0
 117 001c BD46     		mov	sp, r7
 118 001e 04B0     		add	sp, sp, #16
 119              		@ sp needed
 120 0020 80BD     		pop	{r7, pc}
 121              		.cfi_endproc
 122              	.LFE4:
 123              		.size	CYCONFIGCPYCODE, .-CYCONFIGCPYCODE
 124 0022 C046     		.section	.psocinit,"ax",%progbits
 125              		.align	2
 126              		.code	16
 127              		.thumb_func
 128              		.type	ClockSetup, %function
 129              	ClockSetup:
 130              	.LFB5:
  79:.\Generated_Source\PSoC4/cyfitter_cfg.c **** 
  80:.\Generated_Source\PSoC4/cyfitter_cfg.c **** 
  81:.\Generated_Source\PSoC4/cyfitter_cfg.c **** 
  82:.\Generated_Source\PSoC4/cyfitter_cfg.c **** /* Clock startup error codes                                                   */
  83:.\Generated_Source\PSoC4/cyfitter_cfg.c **** #define CYCLOCKSTART_NO_ERROR    0u
  84:.\Generated_Source\PSoC4/cyfitter_cfg.c **** #define CYCLOCKSTART_XTAL_ERROR  1u
  85:.\Generated_Source\PSoC4/cyfitter_cfg.c **** #define CYCLOCKSTART_32KHZ_ERROR 2u
  86:.\Generated_Source\PSoC4/cyfitter_cfg.c **** #define CYCLOCKSTART_PLL_ERROR   3u
  87:.\Generated_Source\PSoC4/cyfitter_cfg.c **** 
  88:.\Generated_Source\PSoC4/cyfitter_cfg.c **** #ifdef CY_NEED_CYCLOCKSTARTUPERROR
  89:.\Generated_Source\PSoC4/cyfitter_cfg.c **** /*******************************************************************************
  90:.\Generated_Source\PSoC4/cyfitter_cfg.c **** * Function Name: CyClockStartupError
  91:.\Generated_Source\PSoC4/cyfitter_cfg.c **** ********************************************************************************
  92:.\Generated_Source\PSoC4/cyfitter_cfg.c **** * Summary:
  93:.\Generated_Source\PSoC4/cyfitter_cfg.c **** *  If an error is encountered during clock configuration (crystal startup error,
  94:.\Generated_Source\PSoC4/cyfitter_cfg.c **** *  PLL lock error, etc.), the system will end up here.  Unless reimplemented by
  95:.\Generated_Source\PSoC4/cyfitter_cfg.c **** *  the customer, this function will stop in an infinite loop.
  96:.\Generated_Source\PSoC4/cyfitter_cfg.c **** *
  97:.\Generated_Source\PSoC4/cyfitter_cfg.c **** * Parameters:
  98:.\Generated_Source\PSoC4/cyfitter_cfg.c **** *   void
ARM GAS  C:\Users\Matthew\AppData\Local\Temp\cc8QF7ya.s 			page 5


  99:.\Generated_Source\PSoC4/cyfitter_cfg.c **** *
 100:.\Generated_Source\PSoC4/cyfitter_cfg.c **** * Return:
 101:.\Generated_Source\PSoC4/cyfitter_cfg.c **** *   void
 102:.\Generated_Source\PSoC4/cyfitter_cfg.c **** *
 103:.\Generated_Source\PSoC4/cyfitter_cfg.c **** *******************************************************************************/
 104:.\Generated_Source\PSoC4/cyfitter_cfg.c **** CY_CFG_UNUSED
 105:.\Generated_Source\PSoC4/cyfitter_cfg.c **** static void CyClockStartupError(uint8 errorCode);
 106:.\Generated_Source\PSoC4/cyfitter_cfg.c **** CY_CFG_UNUSED
 107:.\Generated_Source\PSoC4/cyfitter_cfg.c **** static void CyClockStartupError(uint8 errorCode)
 108:.\Generated_Source\PSoC4/cyfitter_cfg.c **** {
 109:.\Generated_Source\PSoC4/cyfitter_cfg.c ****     /* To remove the compiler warning if errorCode not used.                */
 110:.\Generated_Source\PSoC4/cyfitter_cfg.c ****     errorCode = errorCode;
 111:.\Generated_Source\PSoC4/cyfitter_cfg.c **** 
 112:.\Generated_Source\PSoC4/cyfitter_cfg.c ****     /* `#START CyClockStartupError` */
 113:.\Generated_Source\PSoC4/cyfitter_cfg.c **** 
 114:.\Generated_Source\PSoC4/cyfitter_cfg.c ****     /* If we have a clock startup error (bad MHz crystal, PLL lock, etc.),  */
 115:.\Generated_Source\PSoC4/cyfitter_cfg.c ****     /* we will end up here to allow the customer to implement something to  */
 116:.\Generated_Source\PSoC4/cyfitter_cfg.c ****     /* deal with the clock condition.                                       */
 117:.\Generated_Source\PSoC4/cyfitter_cfg.c **** 
 118:.\Generated_Source\PSoC4/cyfitter_cfg.c ****     /* `#END` */
 119:.\Generated_Source\PSoC4/cyfitter_cfg.c **** 
 120:.\Generated_Source\PSoC4/cyfitter_cfg.c ****     /* If nothing else, stop here since the clocks have not started         */
 121:.\Generated_Source\PSoC4/cyfitter_cfg.c ****     /* correctly.                                                           */
 122:.\Generated_Source\PSoC4/cyfitter_cfg.c ****     while(1) {}
 123:.\Generated_Source\PSoC4/cyfitter_cfg.c **** }
 124:.\Generated_Source\PSoC4/cyfitter_cfg.c **** #endif
 125:.\Generated_Source\PSoC4/cyfitter_cfg.c **** 
 126:.\Generated_Source\PSoC4/cyfitter_cfg.c **** 
 127:.\Generated_Source\PSoC4/cyfitter_cfg.c **** 
 128:.\Generated_Source\PSoC4/cyfitter_cfg.c **** /*******************************************************************************
 129:.\Generated_Source\PSoC4/cyfitter_cfg.c **** * Function Name: ClockSetup
 130:.\Generated_Source\PSoC4/cyfitter_cfg.c **** ********************************************************************************
 131:.\Generated_Source\PSoC4/cyfitter_cfg.c **** *
 132:.\Generated_Source\PSoC4/cyfitter_cfg.c **** * Summary:
 133:.\Generated_Source\PSoC4/cyfitter_cfg.c **** *   Performs the initialization of all of the clocks in the device based on the
 134:.\Generated_Source\PSoC4/cyfitter_cfg.c **** *   settings in the Clock tab of the DWR.  This includes enabling the requested
 135:.\Generated_Source\PSoC4/cyfitter_cfg.c **** *   clocks and setting the necessary dividers to produce the desired frequency. 
 136:.\Generated_Source\PSoC4/cyfitter_cfg.c **** *
 137:.\Generated_Source\PSoC4/cyfitter_cfg.c **** * Parameters:
 138:.\Generated_Source\PSoC4/cyfitter_cfg.c **** *   void
 139:.\Generated_Source\PSoC4/cyfitter_cfg.c **** *
 140:.\Generated_Source\PSoC4/cyfitter_cfg.c **** * Return:
 141:.\Generated_Source\PSoC4/cyfitter_cfg.c **** *   void
 142:.\Generated_Source\PSoC4/cyfitter_cfg.c **** *
 143:.\Generated_Source\PSoC4/cyfitter_cfg.c **** *******************************************************************************/
 144:.\Generated_Source\PSoC4/cyfitter_cfg.c **** static void ClockSetup(void);
 145:.\Generated_Source\PSoC4/cyfitter_cfg.c **** CY_CFG_SECTION
 146:.\Generated_Source\PSoC4/cyfitter_cfg.c **** static void ClockSetup(void)
 147:.\Generated_Source\PSoC4/cyfitter_cfg.c **** {
 131              		.loc 1 147 0
 132              		.cfi_startproc
 133 0000 80B5     		push	{r7, lr}
 134              		.cfi_def_cfa_offset 8
 135              		.cfi_offset 7, -8
 136              		.cfi_offset 14, -4
 137 0002 00AF     		add	r7, sp, #0
 138              		.cfi_def_cfa_register 7
ARM GAS  C:\Users\Matthew\AppData\Local\Temp\cc8QF7ya.s 			page 6


 148:.\Generated_Source\PSoC4/cyfitter_cfg.c **** 
 149:.\Generated_Source\PSoC4/cyfitter_cfg.c **** 	/* Set Flash Cycles based on max possible frequency in case a glitch occurs during ClockSetup(). *
 150:.\Generated_Source\PSoC4/cyfitter_cfg.c **** 	CY_SET_REG32((void CYXDATA *)(CYREG_CPUSS_FLASH_CTL), (0x0012u));
 139              		.loc 1 150 0
 140 0004 304B     		ldr	r3, .L5
 141 0006 1222     		mov	r2, #18
 142 0008 1A60     		str	r2, [r3]
 151:.\Generated_Source\PSoC4/cyfitter_cfg.c **** 
 152:.\Generated_Source\PSoC4/cyfitter_cfg.c **** 	/* Start the WCO */
 153:.\Generated_Source\PSoC4/cyfitter_cfg.c **** 	CySysClkWcoStart();
 143              		.loc 1 153 0
 144 000a FFF7FEFF 		bl	CySysClkWcoStart
 154:.\Generated_Source\PSoC4/cyfitter_cfg.c **** 	CyDelayCycles(12000000u); /* WCO may take up to 500ms to start */
 145              		.loc 1 154 0
 146 000e 2F4B     		ldr	r3, .L5+4
 147 0010 181C     		mov	r0, r3
 148 0012 FFF7FEFF 		bl	CyDelayCycles
 155:.\Generated_Source\PSoC4/cyfitter_cfg.c **** 	(void)CySysClkWcoSetPowerMode(CY_SYS_CLK_WCO_LPM);    /* Switch to the low power mode */
 149              		.loc 1 155 0
 150 0016 0120     		mov	r0, #1
 151 0018 FFF7FEFF 		bl	CySysClkWcoSetPowerMode
 156:.\Generated_Source\PSoC4/cyfitter_cfg.c **** 
 157:.\Generated_Source\PSoC4/cyfitter_cfg.c **** 	/* Setup and trim IMO based on desired frequency. */
 158:.\Generated_Source\PSoC4/cyfitter_cfg.c **** 	CySysClkWriteImoFreq(48u);
 152              		.loc 1 158 0
 153 001c 3020     		mov	r0, #48
 154 001e FFF7FEFF 		bl	CySysClkWriteImoFreq
 159:.\Generated_Source\PSoC4/cyfitter_cfg.c **** 	/* CYDEV_CLK_ILO_CONFIG Starting address: CYDEV_CLK_ILO_CONFIG */
 160:.\Generated_Source\PSoC4/cyfitter_cfg.c **** 	CY_SET_XTND_REG32((void CYFAR *)(CYREG_CLK_ILO_CONFIG), 0x80000006u);
 155              		.loc 1 160 0
 156 0022 2B4B     		ldr	r3, .L5+8
 157 0024 2B4A     		ldr	r2, .L5+12
 158 0026 1A60     		str	r2, [r3]
 161:.\Generated_Source\PSoC4/cyfitter_cfg.c **** 
 162:.\Generated_Source\PSoC4/cyfitter_cfg.c **** 	/* CYDEV_WDT_CONFIG Starting address: CYDEV_WDT_CONFIG */
 163:.\Generated_Source\PSoC4/cyfitter_cfg.c **** 	CY_SET_XTND_REG32((void CYFAR *)(CYREG_WDT_CONFIG), 0x40000000u);
 159              		.loc 1 163 0
 160 0028 2B4B     		ldr	r3, .L5+16
 161 002a 8022     		mov	r2, #128
 162 002c D205     		lsl	r2, r2, #23
 163 002e 1A60     		str	r2, [r3]
 164:.\Generated_Source\PSoC4/cyfitter_cfg.c **** 
 165:.\Generated_Source\PSoC4/cyfitter_cfg.c **** 
 166:.\Generated_Source\PSoC4/cyfitter_cfg.c **** 	/* Enable fast start mode for XO */
 167:.\Generated_Source\PSoC4/cyfitter_cfg.c **** 	CY_SET_REG32((void*)CYREG_BLE_BLERD_BB_XO, CY_GET_REG32((void*)CYREG_BLE_BLERD_BB_XO) | (uint32)0x
 164              		.loc 1 167 0
 165 0030 2A4B     		ldr	r3, .L5+20
 166 0032 2A4A     		ldr	r2, .L5+20
 167 0034 1268     		ldr	r2, [r2]
 168 0036 0221     		mov	r1, #2
 169 0038 0A43     		orr	r2, r1
 170 003a 1A60     		str	r2, [r3]
 168:.\Generated_Source\PSoC4/cyfitter_cfg.c **** 	CY_SET_XTND_REG32((void CYFAR *)(CYREG_BLE_BLERD_BB_XO_CAPTRIM), 0x00003E2Du);
 171              		.loc 1 168 0
 172 003c 284B     		ldr	r3, .L5+24
 173 003e 294A     		ldr	r2, .L5+28
 174 0040 1A60     		str	r2, [r3]
ARM GAS  C:\Users\Matthew\AppData\Local\Temp\cc8QF7ya.s 			page 7


 169:.\Generated_Source\PSoC4/cyfitter_cfg.c **** 	/* Disable Crystal Stable Interrupt before enabling ECO */
 170:.\Generated_Source\PSoC4/cyfitter_cfg.c **** 	CY_SET_REG32((void*)CYREG_BLE_BLESS_LL_DSM_CTRL, CY_GET_REG32((void*)CYREG_BLE_BLESS_LL_DSM_CTRL) 
 175              		.loc 1 170 0
 176 0042 294B     		ldr	r3, .L5+32
 177 0044 284A     		ldr	r2, .L5+32
 178 0046 1268     		ldr	r2, [r2]
 179 0048 0821     		mov	r1, #8
 180 004a 8A43     		bic	r2, r1
 181 004c 1A60     		str	r2, [r3]
 171:.\Generated_Source\PSoC4/cyfitter_cfg.c **** 	/* Start the ECO and do not check status since it is not needed for HFCLK */
 172:.\Generated_Source\PSoC4/cyfitter_cfg.c **** 	(void)CySysClkEcoStart(2000u);
 182              		.loc 1 172 0
 183 004e FA23     		mov	r3, #250
 184 0050 DB00     		lsl	r3, r3, #3
 185 0052 181C     		mov	r0, r3
 186 0054 FFF7FEFF 		bl	CySysClkEcoStart
 173:.\Generated_Source\PSoC4/cyfitter_cfg.c **** 	CyDelayUs(1500u); /* Wait to stabalize */
 187              		.loc 1 173 0
 188 0058 244B     		ldr	r3, .L5+36
 189 005a 181C     		mov	r0, r3
 190 005c FFF7FEFF 		bl	CyDelayUs
 174:.\Generated_Source\PSoC4/cyfitter_cfg.c **** 
 175:.\Generated_Source\PSoC4/cyfitter_cfg.c **** 	/* Setup phase aligned clocks */
 176:.\Generated_Source\PSoC4/cyfitter_cfg.c **** 	CY_SET_REG32((void *)CYREG_PERI_DIV_16_CTL2, 0x00BB7F00u);
 191              		.loc 1 176 0
 192 0060 234B     		ldr	r3, .L5+40
 193 0062 244A     		ldr	r2, .L5+44
 194 0064 1A60     		str	r2, [r3]
 177:.\Generated_Source\PSoC4/cyfitter_cfg.c **** 	CY_SET_REG32((void *)CYREG_PERI_DIV_CMD, 0x8000FF42u);
 195              		.loc 1 177 0
 196 0066 244B     		ldr	r3, .L5+48
 197 0068 244A     		ldr	r2, .L5+52
 198 006a 1A60     		str	r2, [r3]
 178:.\Generated_Source\PSoC4/cyfitter_cfg.c **** 	CY_SET_REG32((void *)CYREG_PERI_DIV_16_CTL1, 0x00000700u);
 199              		.loc 1 178 0
 200 006c 244B     		ldr	r3, .L5+56
 201 006e E022     		mov	r2, #224
 202 0070 D200     		lsl	r2, r2, #3
 203 0072 1A60     		str	r2, [r3]
 179:.\Generated_Source\PSoC4/cyfitter_cfg.c **** 	CY_SET_REG32((void *)CYREG_PERI_DIV_CMD, 0x8000FF41u);
 204              		.loc 1 179 0
 205 0074 204B     		ldr	r3, .L5+48
 206 0076 234A     		ldr	r2, .L5+60
 207 0078 1A60     		str	r2, [r3]
 180:.\Generated_Source\PSoC4/cyfitter_cfg.c **** 	CY_SET_REG32((void *)CYREG_PERI_DIV_16_CTL0, 0x00000500u);
 208              		.loc 1 180 0
 209 007a 234B     		ldr	r3, .L5+64
 210 007c A022     		mov	r2, #160
 211 007e D200     		lsl	r2, r2, #3
 212 0080 1A60     		str	r2, [r3]
 181:.\Generated_Source\PSoC4/cyfitter_cfg.c **** 	CY_SET_REG32((void *)CYREG_PERI_DIV_CMD, 0x8000FF40u);
 213              		.loc 1 181 0
 214 0082 1D4B     		ldr	r3, .L5+48
 215 0084 214A     		ldr	r2, .L5+68
 216 0086 1A60     		str	r2, [r3]
 182:.\Generated_Source\PSoC4/cyfitter_cfg.c **** 
 183:.\Generated_Source\PSoC4/cyfitter_cfg.c **** 	/* CYDEV_CLK_IMO_CONFIG Starting address: CYDEV_CLK_IMO_CONFIG */
ARM GAS  C:\Users\Matthew\AppData\Local\Temp\cc8QF7ya.s 			page 8


 184:.\Generated_Source\PSoC4/cyfitter_cfg.c **** 	CY_SET_XTND_REG32((void CYFAR *)(CYREG_CLK_IMO_CONFIG), 0x82000000u);
 217              		.loc 1 184 0
 218 0088 214B     		ldr	r3, .L5+72
 219 008a 8222     		mov	r2, #130
 220 008c 1206     		lsl	r2, r2, #24
 221 008e 1A60     		str	r2, [r3]
 185:.\Generated_Source\PSoC4/cyfitter_cfg.c **** 
 186:.\Generated_Source\PSoC4/cyfitter_cfg.c **** 	/* CYDEV_CLK_SELECT Starting address: CYDEV_CLK_SELECT */
 187:.\Generated_Source\PSoC4/cyfitter_cfg.c **** 	CY_SET_XTND_REG32((void CYFAR *)(CYREG_CLK_SELECT), 0x00040000u);
 222              		.loc 1 187 0
 223 0090 204B     		ldr	r3, .L5+76
 224 0092 8022     		mov	r2, #128
 225 0094 D202     		lsl	r2, r2, #11
 226 0096 1A60     		str	r2, [r3]
 188:.\Generated_Source\PSoC4/cyfitter_cfg.c **** 
 189:.\Generated_Source\PSoC4/cyfitter_cfg.c **** 	/* CYDEV_PERI_PCLK_CTL7 Starting address: CYDEV_PERI_PCLK_CTL7 */
 190:.\Generated_Source\PSoC4/cyfitter_cfg.c **** 	CY_SET_XTND_REG32((void CYFAR *)(CYREG_PERI_PCLK_CTL7), 0x00000042u);
 227              		.loc 1 190 0
 228 0098 1F4B     		ldr	r3, .L5+80
 229 009a 4222     		mov	r2, #66
 230 009c 1A60     		str	r2, [r3]
 191:.\Generated_Source\PSoC4/cyfitter_cfg.c **** 
 192:.\Generated_Source\PSoC4/cyfitter_cfg.c **** 	/* CYDEV_PERI_PCLK_CTL6 Starting address: CYDEV_PERI_PCLK_CTL6 */
 193:.\Generated_Source\PSoC4/cyfitter_cfg.c **** 	CY_SET_XTND_REG32((void CYFAR *)(CYREG_PERI_PCLK_CTL6), 0x00000041u);
 231              		.loc 1 193 0
 232 009e 1F4B     		ldr	r3, .L5+84
 233 00a0 4122     		mov	r2, #65
 234 00a2 1A60     		str	r2, [r3]
 194:.\Generated_Source\PSoC4/cyfitter_cfg.c **** 
 195:.\Generated_Source\PSoC4/cyfitter_cfg.c **** 	/* CYDEV_PERI_PCLK_CTL2 Starting address: CYDEV_PERI_PCLK_CTL2 */
 196:.\Generated_Source\PSoC4/cyfitter_cfg.c **** 	CY_SET_XTND_REG32((void CYFAR *)(CYREG_PERI_PCLK_CTL2), 0x00000040u);
 235              		.loc 1 196 0
 236 00a4 1E4B     		ldr	r3, .L5+88
 237 00a6 4022     		mov	r2, #64
 238 00a8 1A60     		str	r2, [r3]
 197:.\Generated_Source\PSoC4/cyfitter_cfg.c **** 
 198:.\Generated_Source\PSoC4/cyfitter_cfg.c **** 	(void)CyIntSetVector(8u, &CySysWdtIsr);
 239              		.loc 1 198 0
 240 00aa 1E4B     		ldr	r3, .L5+92
 241 00ac 0820     		mov	r0, #8
 242 00ae 191C     		mov	r1, r3
 243 00b0 FFF7FEFF 		bl	CyIntSetVector
 199:.\Generated_Source\PSoC4/cyfitter_cfg.c **** 	CyIntEnable(8u);
 244              		.loc 1 199 0
 245 00b4 0820     		mov	r0, #8
 246 00b6 FFF7FEFF 		bl	CyIntEnable
 200:.\Generated_Source\PSoC4/cyfitter_cfg.c **** 	CY_SET_XTND_REG32((void CYFAR *)(CYREG_WDT_CONFIG), 0x40000000u);
 247              		.loc 1 200 0
 248 00ba 074B     		ldr	r3, .L5+16
 249 00bc 8022     		mov	r2, #128
 250 00be D205     		lsl	r2, r2, #23
 251 00c0 1A60     		str	r2, [r3]
 201:.\Generated_Source\PSoC4/cyfitter_cfg.c **** }
 252              		.loc 1 201 0
 253 00c2 BD46     		mov	sp, r7
 254              		@ sp needed
 255 00c4 80BD     		pop	{r7, pc}
ARM GAS  C:\Users\Matthew\AppData\Local\Temp\cc8QF7ya.s 			page 9


 256              	.L6:
 257 00c6 C046     		.align	2
 258              	.L5:
 259 00c8 30001040 		.word	1074790448
 260 00cc 001BB700 		.word	12000000
 261 00d0 04010B40 		.word	1074462980
 262 00d4 06000080 		.word	-2147483642
 263 00d8 0C020B40 		.word	1074463244
 264 00dc 78002E40 		.word	1076756600
 265 00e0 7C002E40 		.word	1076756604
 266 00e4 2D3E0000 		.word	15917
 267 00e8 6CF02E40 		.word	1076818028
 268 00ec DC050000 		.word	1500
 269 00f0 08030140 		.word	1073808136
 270 00f4 007FBB00 		.word	12287744
 271 00f8 00000140 		.word	1073807360
 272 00fc 42FF0080 		.word	-2147418302
 273 0100 04030140 		.word	1073808132
 274 0104 41FF0080 		.word	-2147418303
 275 0108 00030140 		.word	1073808128
 276 010c 40FF0080 		.word	-2147418304
 277 0110 08010B40 		.word	1074462984
 278 0114 00010B40 		.word	1074462976
 279 0118 1C010140 		.word	1073807644
 280 011c 18010140 		.word	1073807640
 281 0120 08010140 		.word	1073807624
 282 0124 00000000 		.word	CySysWdtIsr
 283              		.cfi_endproc
 284              	.LFE5:
 285              		.size	ClockSetup, .-ClockSetup
 286              		.section	.text.AnalogSetDefault,"ax",%progbits
 287              		.align	2
 288              		.code	16
 289              		.thumb_func
 290              		.type	AnalogSetDefault, %function
 291              	AnalogSetDefault:
 292              	.LFB6:
 202:.\Generated_Source\PSoC4/cyfitter_cfg.c **** 
 203:.\Generated_Source\PSoC4/cyfitter_cfg.c **** 
 204:.\Generated_Source\PSoC4/cyfitter_cfg.c **** /* Analog API Functions */
 205:.\Generated_Source\PSoC4/cyfitter_cfg.c **** 
 206:.\Generated_Source\PSoC4/cyfitter_cfg.c **** 
 207:.\Generated_Source\PSoC4/cyfitter_cfg.c **** /*******************************************************************************
 208:.\Generated_Source\PSoC4/cyfitter_cfg.c **** * Function Name: AnalogSetDefault
 209:.\Generated_Source\PSoC4/cyfitter_cfg.c **** ********************************************************************************
 210:.\Generated_Source\PSoC4/cyfitter_cfg.c **** *
 211:.\Generated_Source\PSoC4/cyfitter_cfg.c **** * Summary:
 212:.\Generated_Source\PSoC4/cyfitter_cfg.c **** *  Sets up the analog portions of the chip to default values based on chip
 213:.\Generated_Source\PSoC4/cyfitter_cfg.c **** *  configuration options from the project.
 214:.\Generated_Source\PSoC4/cyfitter_cfg.c **** *
 215:.\Generated_Source\PSoC4/cyfitter_cfg.c **** * Parameters:
 216:.\Generated_Source\PSoC4/cyfitter_cfg.c **** *  void
 217:.\Generated_Source\PSoC4/cyfitter_cfg.c **** *
 218:.\Generated_Source\PSoC4/cyfitter_cfg.c **** * Return:
 219:.\Generated_Source\PSoC4/cyfitter_cfg.c **** *  void
 220:.\Generated_Source\PSoC4/cyfitter_cfg.c **** *
 221:.\Generated_Source\PSoC4/cyfitter_cfg.c **** *******************************************************************************/
ARM GAS  C:\Users\Matthew\AppData\Local\Temp\cc8QF7ya.s 			page 10


 222:.\Generated_Source\PSoC4/cyfitter_cfg.c **** static void AnalogSetDefault(void);
 223:.\Generated_Source\PSoC4/cyfitter_cfg.c **** static void AnalogSetDefault(void)
 224:.\Generated_Source\PSoC4/cyfitter_cfg.c **** {
 293              		.loc 1 224 0
 294              		.cfi_startproc
 295 0000 80B5     		push	{r7, lr}
 296              		.cfi_def_cfa_offset 8
 297              		.cfi_offset 7, -8
 298              		.cfi_offset 14, -4
 299 0002 00AF     		add	r7, sp, #0
 300              		.cfi_def_cfa_register 7
 225:.\Generated_Source\PSoC4/cyfitter_cfg.c **** 	CY_SET_XTND_REG32((void CYFAR *)CYREG_CTBM0_DFT_CTRL, 0x00000003u);
 301              		.loc 1 225 0
 302 0004 0B4B     		ldr	r3, .L8
 303 0006 0322     		mov	r2, #3
 304 0008 1A60     		str	r2, [r3]
 226:.\Generated_Source\PSoC4/cyfitter_cfg.c **** 	CY_SET_XTND_REG32((void CYFAR *)CYREG_CTBM1_DFT_CTRL, 0x00000003u);
 305              		.loc 1 226 0
 306 000a 0B4B     		ldr	r3, .L8+4
 307 000c 0322     		mov	r2, #3
 308 000e 1A60     		str	r2, [r3]
 227:.\Generated_Source\PSoC4/cyfitter_cfg.c **** 	CY_SET_XTND_REG32((void CYFAR *)CYREG_SAR_CTRL, 0x80000000u);
 309              		.loc 1 227 0
 310 0010 0A4B     		ldr	r3, .L8+8
 311 0012 8022     		mov	r2, #128
 312 0014 1206     		lsl	r2, r2, #24
 313 0016 1A60     		str	r2, [r3]
 228:.\Generated_Source\PSoC4/cyfitter_cfg.c **** 	CY_SET_XTND_REG32((void CYFAR *)CYREG_SAR_MUX_SWITCH0, 0x0000000Cu);
 314              		.loc 1 228 0
 315 0018 094B     		ldr	r3, .L8+12
 316 001a 0C22     		mov	r2, #12
 317 001c 1A60     		str	r2, [r3]
 229:.\Generated_Source\PSoC4/cyfitter_cfg.c **** 	CY_SET_XTND_REG32((void CYFAR *)CYREG_SAR_MUX_SWITCH_HW_CTRL, 0x0000000Cu);
 318              		.loc 1 229 0
 319 001e 094B     		ldr	r3, .L8+16
 320 0020 0C22     		mov	r2, #12
 321 0022 1A60     		str	r2, [r3]
 230:.\Generated_Source\PSoC4/cyfitter_cfg.c **** 	CY_SET_XTND_REG32((void CYFAR *)CYREG_PASS_DSAB_DSAB_CTRL, 0x00000000u);
 322              		.loc 1 230 0
 323 0024 084B     		ldr	r3, .L8+20
 324 0026 0022     		mov	r2, #0
 325 0028 1A60     		str	r2, [r3]
 231:.\Generated_Source\PSoC4/cyfitter_cfg.c **** 	SetAnalogRoutingPumps(1);
 326              		.loc 1 231 0
 327 002a 0120     		mov	r0, #1
 328 002c FFF7FEFF 		bl	SetAnalogRoutingPumps
 232:.\Generated_Source\PSoC4/cyfitter_cfg.c **** }
 329              		.loc 1 232 0
 330 0030 BD46     		mov	sp, r7
 331              		@ sp needed
 332 0032 80BD     		pop	{r7, pc}
 333              	.L9:
 334              		.align	2
 335              	.L8:
 336 0034 30003040 		.word	1076887600
 337 0038 30003140 		.word	1076953136
 338 003c 00003A40 		.word	1077542912
ARM GAS  C:\Users\Matthew\AppData\Local\Temp\cc8QF7ya.s 			page 11


 339 0040 00033A40 		.word	1077543680
 340 0044 40033A40 		.word	1077543744
 341 0048 000E3F40 		.word	1077874176
 342              		.cfi_endproc
 343              	.LFE6:
 344              		.size	AnalogSetDefault, .-AnalogSetDefault
 345              		.section	.text.SetAnalogRoutingPumps,"ax",%progbits
 346              		.align	2
 347              		.global	SetAnalogRoutingPumps
 348              		.code	16
 349              		.thumb_func
 350              		.type	SetAnalogRoutingPumps, %function
 351              	SetAnalogRoutingPumps:
 352              	.LFB7:
 233:.\Generated_Source\PSoC4/cyfitter_cfg.c **** 
 234:.\Generated_Source\PSoC4/cyfitter_cfg.c **** 
 235:.\Generated_Source\PSoC4/cyfitter_cfg.c **** /*******************************************************************************
 236:.\Generated_Source\PSoC4/cyfitter_cfg.c **** * Function Name: SetAnalogRoutingPumps
 237:.\Generated_Source\PSoC4/cyfitter_cfg.c **** ********************************************************************************
 238:.\Generated_Source\PSoC4/cyfitter_cfg.c **** *
 239:.\Generated_Source\PSoC4/cyfitter_cfg.c **** * Summary:
 240:.\Generated_Source\PSoC4/cyfitter_cfg.c **** * Enables or disables the analog pumps feeding analog routing switches.
 241:.\Generated_Source\PSoC4/cyfitter_cfg.c **** * Intended to be called at startup, based on the Vdda system configuration;
 242:.\Generated_Source\PSoC4/cyfitter_cfg.c **** * may be called during operation when the user informs us that the Vdda voltage crossed the pump th
 243:.\Generated_Source\PSoC4/cyfitter_cfg.c **** *
 244:.\Generated_Source\PSoC4/cyfitter_cfg.c **** * Parameters:
 245:.\Generated_Source\PSoC4/cyfitter_cfg.c **** *  enabled - 1 to enable the pumps, 0 to disable the pumps
 246:.\Generated_Source\PSoC4/cyfitter_cfg.c **** *
 247:.\Generated_Source\PSoC4/cyfitter_cfg.c **** * Return:
 248:.\Generated_Source\PSoC4/cyfitter_cfg.c **** *  void
 249:.\Generated_Source\PSoC4/cyfitter_cfg.c **** *
 250:.\Generated_Source\PSoC4/cyfitter_cfg.c **** *******************************************************************************/
 251:.\Generated_Source\PSoC4/cyfitter_cfg.c **** void SetAnalogRoutingPumps(uint8 enabled)
 252:.\Generated_Source\PSoC4/cyfitter_cfg.c **** {
 353              		.loc 1 252 0
 354              		.cfi_startproc
 355 0000 80B5     		push	{r7, lr}
 356              		.cfi_def_cfa_offset 8
 357              		.cfi_offset 7, -8
 358              		.cfi_offset 14, -4
 359 0002 84B0     		sub	sp, sp, #16
 360              		.cfi_def_cfa_offset 24
 361 0004 00AF     		add	r7, sp, #0
 362              		.cfi_def_cfa_register 7
 363 0006 021C     		mov	r2, r0
 364 0008 FB1D     		add	r3, r7, #7
 365 000a 1A70     		strb	r2, [r3]
 253:.\Generated_Source\PSoC4/cyfitter_cfg.c **** 	uint32 regValue = CY_GET_XTND_REG32((void *)(CYREG_SAR_PUMP_CTRL));
 366              		.loc 1 253 0
 367 000c 0B4B     		ldr	r3, .L13
 368 000e 1B68     		ldr	r3, [r3]
 369 0010 FB60     		str	r3, [r7, #12]
 254:.\Generated_Source\PSoC4/cyfitter_cfg.c **** 	if (enabled != 0u)
 370              		.loc 1 254 0
 371 0012 FB1D     		add	r3, r7, #7
 372 0014 1B78     		ldrb	r3, [r3]
 373 0016 002B     		cmp	r3, #0
ARM GAS  C:\Users\Matthew\AppData\Local\Temp\cc8QF7ya.s 			page 12


 374 0018 05D0     		beq	.L11
 255:.\Generated_Source\PSoC4/cyfitter_cfg.c **** 	{
 256:.\Generated_Source\PSoC4/cyfitter_cfg.c **** 		regValue |= 0x80000000u;
 375              		.loc 1 256 0
 376 001a FB68     		ldr	r3, [r7, #12]
 377 001c 8022     		mov	r2, #128
 378 001e 1206     		lsl	r2, r2, #24
 379 0020 1343     		orr	r3, r2
 380 0022 FB60     		str	r3, [r7, #12]
 381 0024 03E0     		b	.L12
 382              	.L11:
 257:.\Generated_Source\PSoC4/cyfitter_cfg.c **** 	}
 258:.\Generated_Source\PSoC4/cyfitter_cfg.c **** 	else
 259:.\Generated_Source\PSoC4/cyfitter_cfg.c **** 	{
 260:.\Generated_Source\PSoC4/cyfitter_cfg.c **** 		regValue &= ~0x80000000u;
 383              		.loc 1 260 0
 384 0026 FB68     		ldr	r3, [r7, #12]
 385 0028 5B00     		lsl	r3, r3, #1
 386 002a 5B08     		lsr	r3, r3, #1
 387 002c FB60     		str	r3, [r7, #12]
 388              	.L12:
 261:.\Generated_Source\PSoC4/cyfitter_cfg.c **** 	}
 262:.\Generated_Source\PSoC4/cyfitter_cfg.c **** 	CY_SET_XTND_REG32((void *)(CYREG_SAR_PUMP_CTRL), regValue);
 389              		.loc 1 262 0
 390 002e 034B     		ldr	r3, .L13
 391 0030 FA68     		ldr	r2, [r7, #12]
 392 0032 1A60     		str	r2, [r3]
 263:.\Generated_Source\PSoC4/cyfitter_cfg.c **** }
 393              		.loc 1 263 0
 394 0034 BD46     		mov	sp, r7
 395 0036 04B0     		add	sp, sp, #16
 396              		@ sp needed
 397 0038 80BD     		pop	{r7, pc}
 398              	.L14:
 399 003a C046     		.align	2
 400              	.L13:
 401 003c 80033A40 		.word	1077543808
 402              		.cfi_endproc
 403              	.LFE7:
 404              		.size	SetAnalogRoutingPumps, .-SetAnalogRoutingPumps
 405              		.section	.psocinit
 406              		.align	2
 407              		.global	cyfitter_cfg
 408              		.code	16
 409              		.thumb_func
 410              		.type	cyfitter_cfg, %function
 411              	cyfitter_cfg:
 412              	.LFB8:
 264:.\Generated_Source\PSoC4/cyfitter_cfg.c **** 
 265:.\Generated_Source\PSoC4/cyfitter_cfg.c **** #define CY_AMUX_UNUSED CYREG_CM0_ROM_DWT
 266:.\Generated_Source\PSoC4/cyfitter_cfg.c **** 
 267:.\Generated_Source\PSoC4/cyfitter_cfg.c **** 
 268:.\Generated_Source\PSoC4/cyfitter_cfg.c **** /*******************************************************************************
 269:.\Generated_Source\PSoC4/cyfitter_cfg.c **** * Function Name: cyfitter_cfg
 270:.\Generated_Source\PSoC4/cyfitter_cfg.c **** ********************************************************************************
 271:.\Generated_Source\PSoC4/cyfitter_cfg.c **** * Summary:
 272:.\Generated_Source\PSoC4/cyfitter_cfg.c **** *  This function is called by the start-up code for the selected device. It
ARM GAS  C:\Users\Matthew\AppData\Local\Temp\cc8QF7ya.s 			page 13


 273:.\Generated_Source\PSoC4/cyfitter_cfg.c **** *  performs all of the necessary device configuration based on the design
 274:.\Generated_Source\PSoC4/cyfitter_cfg.c **** *  settings.  This includes settings from the Design Wide Resources (DWR) such
 275:.\Generated_Source\PSoC4/cyfitter_cfg.c **** *  as Clocks and Pins as well as any component configuration that is necessary.
 276:.\Generated_Source\PSoC4/cyfitter_cfg.c **** *
 277:.\Generated_Source\PSoC4/cyfitter_cfg.c **** * Parameters:  
 278:.\Generated_Source\PSoC4/cyfitter_cfg.c **** *   void
 279:.\Generated_Source\PSoC4/cyfitter_cfg.c **** *
 280:.\Generated_Source\PSoC4/cyfitter_cfg.c **** * Return:
 281:.\Generated_Source\PSoC4/cyfitter_cfg.c **** *   void
 282:.\Generated_Source\PSoC4/cyfitter_cfg.c **** *
 283:.\Generated_Source\PSoC4/cyfitter_cfg.c **** *******************************************************************************/
 284:.\Generated_Source\PSoC4/cyfitter_cfg.c **** CY_CFG_SECTION
 285:.\Generated_Source\PSoC4/cyfitter_cfg.c **** void cyfitter_cfg(void)
 286:.\Generated_Source\PSoC4/cyfitter_cfg.c **** {
 413              		.loc 1 286 0
 414              		.cfi_startproc
 415 0128 80B5     		push	{r7, lr}
 416              		.cfi_def_cfa_offset 8
 417              		.cfi_offset 7, -8
 418              		.cfi_offset 14, -4
 419 012a 82B0     		sub	sp, sp, #8
 420              		.cfi_def_cfa_offset 16
 421 012c 00AF     		add	r7, sp, #0
 422              		.cfi_def_cfa_register 7
 287:.\Generated_Source\PSoC4/cyfitter_cfg.c **** 	/* Disable interrupts by default. Let user enable if/when they want. */
 288:.\Generated_Source\PSoC4/cyfitter_cfg.c **** 	CyGlobalIntDisable;
 423              		.loc 1 288 0
 424              	@ 288 ".\Generated_Source\PSoC4\cyfitter_cfg.c" 1
 425 012e 72B6     		CPSID   i
 426              	@ 0 "" 2
 289:.\Generated_Source\PSoC4/cyfitter_cfg.c **** 
 290:.\Generated_Source\PSoC4/cyfitter_cfg.c **** 	CY_SET_XTND_REG32((void CYFAR *)(CYREG_BLE_BLESS_LL_DSM_CTRL), 0x00000000u);
 427              		.loc 1 290 0
 428              		.code	16
 429 0130 374B     		ldr	r3, .L18
 430 0132 0022     		mov	r2, #0
 431 0134 1A60     		str	r2, [r3]
 432              	.LBB2:
 291:.\Generated_Source\PSoC4/cyfitter_cfg.c **** 
 292:.\Generated_Source\PSoC4/cyfitter_cfg.c **** 	{
 293:.\Generated_Source\PSoC4/cyfitter_cfg.c **** 
 294:.\Generated_Source\PSoC4/cyfitter_cfg.c **** 		CYPACKED typedef struct {
 295:.\Generated_Source\PSoC4/cyfitter_cfg.c **** 			void CYFAR *address;
 296:.\Generated_Source\PSoC4/cyfitter_cfg.c **** 			uint16 size;
 297:.\Generated_Source\PSoC4/cyfitter_cfg.c **** 		} CYPACKED_ATTR cfg_memset_t;
 298:.\Generated_Source\PSoC4/cyfitter_cfg.c **** 
 299:.\Generated_Source\PSoC4/cyfitter_cfg.c **** 		static const cfg_memset_t CYCODE cfg_memset_list [] = {
 300:.\Generated_Source\PSoC4/cyfitter_cfg.c **** 			/* address, size */
 301:.\Generated_Source\PSoC4/cyfitter_cfg.c **** 			{(void CYFAR *)(CYDEV_UDB_P0_U0_BASE), 1024u},
 302:.\Generated_Source\PSoC4/cyfitter_cfg.c **** 			{(void CYFAR *)(CYDEV_UDB_DSI0_BASE), 1024u},
 303:.\Generated_Source\PSoC4/cyfitter_cfg.c **** 		};
 304:.\Generated_Source\PSoC4/cyfitter_cfg.c **** 
 305:.\Generated_Source\PSoC4/cyfitter_cfg.c **** 		uint8 CYDATA i;
 306:.\Generated_Source\PSoC4/cyfitter_cfg.c **** 
 307:.\Generated_Source\PSoC4/cyfitter_cfg.c **** 		/* Zero out critical memory blocks before beginning configuration */
 308:.\Generated_Source\PSoC4/cyfitter_cfg.c **** 		for (i = 0u; i < (sizeof(cfg_memset_list)/sizeof(cfg_memset_list[0])); i++)
 433              		.loc 1 308 0
ARM GAS  C:\Users\Matthew\AppData\Local\Temp\cc8QF7ya.s 			page 14


 434 0136 FB1D     		add	r3, r7, #7
 435 0138 0022     		mov	r2, #0
 436 013a 1A70     		strb	r2, [r3]
 437 013c 23E0     		b	.L16
 438              	.L17:
 439              	.LBB3:
 309:.\Generated_Source\PSoC4/cyfitter_cfg.c **** 		{
 310:.\Generated_Source\PSoC4/cyfitter_cfg.c **** 			const cfg_memset_t CYCODE * CYDATA ms = &cfg_memset_list[i];
 440              		.loc 1 310 0 discriminator 3
 441 013e FB1D     		add	r3, r7, #7
 442 0140 1A78     		ldrb	r2, [r3]
 443 0142 131C     		mov	r3, r2
 444 0144 5B00     		lsl	r3, r3, #1
 445 0146 9B18     		add	r3, r3, r2
 446 0148 5B00     		lsl	r3, r3, #1
 447 014a 324A     		ldr	r2, .L18+4
 448 014c 9B18     		add	r3, r3, r2
 449 014e 3B60     		str	r3, [r7]
 311:.\Generated_Source\PSoC4/cyfitter_cfg.c **** 			CYMEMZERO(ms->address, (size_t)(uint32)(ms->size));
 450              		.loc 1 311 0 discriminator 3
 451 0150 3B68     		ldr	r3, [r7]
 452 0152 1A78     		ldrb	r2, [r3]
 453 0154 5978     		ldrb	r1, [r3, #1]
 454 0156 0902     		lsl	r1, r1, #8
 455 0158 0A43     		orr	r2, r1
 456 015a 9978     		ldrb	r1, [r3, #2]
 457 015c 0904     		lsl	r1, r1, #16
 458 015e 0A43     		orr	r2, r1
 459 0160 DB78     		ldrb	r3, [r3, #3]
 460 0162 1B06     		lsl	r3, r3, #24
 461 0164 1343     		orr	r3, r2
 462 0166 191C     		mov	r1, r3
 463 0168 3B68     		ldr	r3, [r7]
 464 016a 1A79     		ldrb	r2, [r3, #4]
 465 016c 5B79     		ldrb	r3, [r3, #5]
 466 016e 1B02     		lsl	r3, r3, #8
 467 0170 1343     		orr	r3, r2
 468 0172 9BB2     		uxth	r3, r3
 469 0174 081C     		mov	r0, r1
 470 0176 191C     		mov	r1, r3
 471 0178 FFF7FEFF 		bl	CYMEMZERO
 472              	.LBE3:
 308:.\Generated_Source\PSoC4/cyfitter_cfg.c **** 		{
 473              		.loc 1 308 0 discriminator 3
 474 017c FB1D     		add	r3, r7, #7
 475 017e 1A78     		ldrb	r2, [r3]
 476 0180 FB1D     		add	r3, r7, #7
 477 0182 0132     		add	r2, r2, #1
 478 0184 1A70     		strb	r2, [r3]
 479              	.L16:
 308:.\Generated_Source\PSoC4/cyfitter_cfg.c **** 		{
 480              		.loc 1 308 0 is_stmt 0 discriminator 1
 481 0186 FB1D     		add	r3, r7, #7
 482 0188 1B78     		ldrb	r3, [r3]
 483 018a 012B     		cmp	r3, #1
 484 018c D7D9     		bls	.L17
 312:.\Generated_Source\PSoC4/cyfitter_cfg.c **** 		}
ARM GAS  C:\Users\Matthew\AppData\Local\Temp\cc8QF7ya.s 			page 15


 313:.\Generated_Source\PSoC4/cyfitter_cfg.c **** 
 314:.\Generated_Source\PSoC4/cyfitter_cfg.c **** 		/* HSIOM Starting address: CYDEV_HSIOM_BASE */
 315:.\Generated_Source\PSoC4/cyfitter_cfg.c **** 		CY_SET_XTND_REG32((void CYFAR *)(CYDEV_HSIOM_BASE), 0xEE000000u);
 485              		.loc 1 315 0 is_stmt 1
 486 018e 224B     		ldr	r3, .L18+8
 487 0190 EE22     		mov	r2, #238
 488 0192 1206     		lsl	r2, r2, #24
 489 0194 1A60     		str	r2, [r3]
 316:.\Generated_Source\PSoC4/cyfitter_cfg.c **** 		CY_SET_XTND_REG32((void CYFAR *)(CYREG_HSIOM_PORT_SEL3), 0x00EE0000u);
 490              		.loc 1 316 0
 491 0196 214B     		ldr	r3, .L18+12
 492 0198 EE22     		mov	r2, #238
 493 019a 1204     		lsl	r2, r2, #16
 494 019c 1A60     		str	r2, [r3]
 317:.\Generated_Source\PSoC4/cyfitter_cfg.c **** 
 318:.\Generated_Source\PSoC4/cyfitter_cfg.c **** 		/* UDB_PA_0 Starting address: CYDEV_UDB_PA0_BASE */
 319:.\Generated_Source\PSoC4/cyfitter_cfg.c **** 		CY_SET_XTND_REG32((void CYFAR *)(CYDEV_UDB_PA0_BASE), 0x00990000u);
 495              		.loc 1 319 0
 496 019e 204B     		ldr	r3, .L18+16
 497 01a0 9922     		mov	r2, #153
 498 01a2 1204     		lsl	r2, r2, #16
 499 01a4 1A60     		str	r2, [r3]
 320:.\Generated_Source\PSoC4/cyfitter_cfg.c **** 
 321:.\Generated_Source\PSoC4/cyfitter_cfg.c **** 		/* UDB_PA_3 Starting address: CYDEV_UDB_PA3_BASE */
 322:.\Generated_Source\PSoC4/cyfitter_cfg.c **** 		CY_SET_XTND_REG32((void CYFAR *)(CYDEV_UDB_PA3_BASE), 0x00990000u);
 500              		.loc 1 322 0
 501 01a6 1F4B     		ldr	r3, .L18+20
 502 01a8 9922     		mov	r2, #153
 503 01aa 1204     		lsl	r2, r2, #16
 504 01ac 1A60     		str	r2, [r3]
 323:.\Generated_Source\PSoC4/cyfitter_cfg.c **** 
 324:.\Generated_Source\PSoC4/cyfitter_cfg.c **** 		/* Enable digital routing */
 325:.\Generated_Source\PSoC4/cyfitter_cfg.c **** 		CY_SET_XTND_REG8((void *)CYREG_UDB_UDBIF_BANK_CTL, CY_GET_XTND_REG8((void *)CYREG_UDB_UDBIF_BANK_
 505              		.loc 1 325 0
 506 01ae 1E4A     		ldr	r2, .L18+24
 507 01b0 1D4B     		ldr	r3, .L18+24
 508 01b2 1B78     		ldrb	r3, [r3]
 509 01b4 DBB2     		uxtb	r3, r3
 510 01b6 0221     		mov	r1, #2
 511 01b8 0B43     		orr	r3, r1
 512 01ba DBB2     		uxtb	r3, r3
 513 01bc 1370     		strb	r3, [r2]
 326:.\Generated_Source\PSoC4/cyfitter_cfg.c **** 
 327:.\Generated_Source\PSoC4/cyfitter_cfg.c **** 		/* Enable UDB array */
 328:.\Generated_Source\PSoC4/cyfitter_cfg.c **** 		CY_SET_XTND_REG8((void *)CYREG_UDB_UDBIF_WAIT_CFG, (uint8)((CY_GET_XTND_REG8((void *)CYREG_UDB_UD
 514              		.loc 1 328 0
 515 01be 1B4A     		ldr	r2, .L18+28
 516 01c0 1A4B     		ldr	r3, .L18+28
 517 01c2 1B78     		ldrb	r3, [r3]
 518 01c4 DBB2     		uxtb	r3, r3
 519 01c6 3C21     		mov	r1, #60
 520 01c8 8B43     		bic	r3, r1
 521 01ca DBB2     		uxtb	r3, r3
 522 01cc 1421     		mov	r1, #20
 523 01ce 0B43     		orr	r3, r1
 524 01d0 DBB2     		uxtb	r3, r3
 525 01d2 1370     		strb	r3, [r2]
ARM GAS  C:\Users\Matthew\AppData\Local\Temp\cc8QF7ya.s 			page 16


 329:.\Generated_Source\PSoC4/cyfitter_cfg.c **** 		CY_SET_XTND_REG8((void *)CYREG_UDB_UDBIF_BANK_CTL, (uint8)(CY_GET_XTND_REG8((void *)CYREG_UDB_UDB
 526              		.loc 1 329 0
 527 01d4 144A     		ldr	r2, .L18+24
 528 01d6 144B     		ldr	r3, .L18+24
 529 01d8 1B78     		ldrb	r3, [r3]
 530 01da DBB2     		uxtb	r3, r3
 531 01dc 1621     		mov	r1, #22
 532 01de 0B43     		orr	r3, r1
 533 01e0 DBB2     		uxtb	r3, r3
 534 01e2 1370     		strb	r3, [r2]
 535              	.LBE2:
 330:.\Generated_Source\PSoC4/cyfitter_cfg.c **** 	}
 331:.\Generated_Source\PSoC4/cyfitter_cfg.c **** 
 332:.\Generated_Source\PSoC4/cyfitter_cfg.c **** 	/* Perform second pass device configuration. These items must be configured in specific order afte
 333:.\Generated_Source\PSoC4/cyfitter_cfg.c **** 	/* IOPINS0_0 Starting address: CYDEV_GPIO_PRT0_BASE */
 334:.\Generated_Source\PSoC4/cyfitter_cfg.c **** 	CY_SET_XTND_REG32((void CYFAR *)(CYREG_GPIO_PRT0_PC), 0x00D80000u);
 536              		.loc 1 334 0
 537 01e4 124B     		ldr	r3, .L18+32
 538 01e6 D822     		mov	r2, #216
 539 01e8 1204     		lsl	r2, r2, #16
 540 01ea 1A60     		str	r2, [r3]
 335:.\Generated_Source\PSoC4/cyfitter_cfg.c **** 
 336:.\Generated_Source\PSoC4/cyfitter_cfg.c **** 	/* IOPINS0_3 Starting address: CYDEV_GPIO_PRT3_BASE */
 337:.\Generated_Source\PSoC4/cyfitter_cfg.c **** 	CY_SET_XTND_REG32((void CYFAR *)(CYDEV_GPIO_PRT3_BASE), 0x0000003Cu);
 541              		.loc 1 337 0
 542 01ec 114B     		ldr	r3, .L18+36
 543 01ee 3C22     		mov	r2, #60
 544 01f0 1A60     		str	r2, [r3]
 338:.\Generated_Source\PSoC4/cyfitter_cfg.c **** 	CY_SET_XTND_REG32((void CYFAR *)(CYREG_GPIO_PRT3_PC), 0x00024000u);
 545              		.loc 1 338 0
 546 01f2 114B     		ldr	r3, .L18+40
 547 01f4 9022     		mov	r2, #144
 548 01f6 9202     		lsl	r2, r2, #10
 549 01f8 1A60     		str	r2, [r3]
 339:.\Generated_Source\PSoC4/cyfitter_cfg.c **** 	CY_SET_XTND_REG32((void CYFAR *)(CYREG_GPIO_PRT3_PC2), 0x0000000Cu);
 550              		.loc 1 339 0
 551 01fa 104B     		ldr	r3, .L18+44
 552 01fc 0C22     		mov	r2, #12
 553 01fe 1A60     		str	r2, [r3]
 340:.\Generated_Source\PSoC4/cyfitter_cfg.c **** 
 341:.\Generated_Source\PSoC4/cyfitter_cfg.c **** 
 342:.\Generated_Source\PSoC4/cyfitter_cfg.c **** 	/* Setup clocks based on selections from Clock DWR */
 343:.\Generated_Source\PSoC4/cyfitter_cfg.c **** 	ClockSetup();
 554              		.loc 1 343 0
 555 0200 FFF7FEFE 		bl	ClockSetup
 344:.\Generated_Source\PSoC4/cyfitter_cfg.c **** 
 345:.\Generated_Source\PSoC4/cyfitter_cfg.c **** 	/* Perform basic analog initialization to defaults */
 346:.\Generated_Source\PSoC4/cyfitter_cfg.c **** 	AnalogSetDefault();
 556              		.loc 1 346 0
 557 0204 FFF7FEFF 		bl	AnalogSetDefault
 347:.\Generated_Source\PSoC4/cyfitter_cfg.c **** 
 348:.\Generated_Source\PSoC4/cyfitter_cfg.c **** }
 558              		.loc 1 348 0
 559 0208 BD46     		mov	sp, r7
 560 020a 02B0     		add	sp, sp, #8
 561              		@ sp needed
 562 020c 80BD     		pop	{r7, pc}
ARM GAS  C:\Users\Matthew\AppData\Local\Temp\cc8QF7ya.s 			page 17


 563              	.L19:
 564 020e C046     		.align	2
 565              	.L18:
 566 0210 6CF02E40 		.word	1076818028
 567 0214 00000000 		.word	cfg_memset_list.4764
 568 0218 00000240 		.word	1073872896
 569 021c 00030240 		.word	1073873664
 570 0220 00500F40 		.word	1074745344
 571 0224 30500F40 		.word	1074745392
 572 0228 00700F40 		.word	1074753536
 573 022c 01700F40 		.word	1074753537
 574 0230 08000440 		.word	1074003976
 575 0234 00030440 		.word	1074004736
 576 0238 08030440 		.word	1074004744
 577 023c 18030440 		.word	1074004760
 578              		.cfi_endproc
 579              	.LFE8:
 580              		.size	cyfitter_cfg, .-cyfitter_cfg
 581              		.section	.rodata
 582              		.align	2
 583              		.type	cfg_memset_list.4764, %object
 584              		.size	cfg_memset_list.4764, 12
 585              	cfg_memset_list.4764:
 586 0000 00300F40 		.word	1074737152
 587 0004 0004     		.short	1024
 588 0006 00400F40 		.4byte	1074741248
 589 000a 0004     		.short	1024
 590              		.text
 591              	.Letext0:
 592              		.file 2 "c:\\program files (x86)\\cypress\\psoc creator\\3.3\\psoc creator\\import\\gnu\\arm\\4.9.
 593              		.file 3 ".\\Generated_Source\\PSoC4\\cytypes.h"
 594              		.section	.debug_info,"",%progbits
 595              	.Ldebug_info0:
 596 0000 80020000 		.4byte	0x280
 597 0004 0400     		.2byte	0x4
 598 0006 00000000 		.4byte	.Ldebug_abbrev0
 599 000a 04       		.byte	0x4
 600 000b 01       		.uleb128 0x1
 601 000c 0E010000 		.4byte	.LASF31
 602 0010 01       		.byte	0x1
 603 0011 E3010000 		.4byte	.LASF32
 604 0015 5C000000 		.4byte	.LASF33
 605 0019 00000000 		.4byte	.Ldebug_ranges0+0
 606 001d 00000000 		.4byte	0
 607 0021 00000000 		.4byte	.Ldebug_line0
 608 0025 02       		.uleb128 0x2
 609 0026 04       		.byte	0x4
 610 0027 05       		.byte	0x5
 611 0028 696E7400 		.ascii	"int\000"
 612 002c 03       		.uleb128 0x3
 613 002d 16000000 		.4byte	.LASF11
 614 0031 02       		.byte	0x2
 615 0032 D4       		.byte	0xd4
 616 0033 37000000 		.4byte	0x37
 617 0037 04       		.uleb128 0x4
 618 0038 04       		.byte	0x4
 619 0039 07       		.byte	0x7
ARM GAS  C:\Users\Matthew\AppData\Local\Temp\cc8QF7ya.s 			page 18


 620 003a AA010000 		.4byte	.LASF0
 621 003e 04       		.uleb128 0x4
 622 003f 01       		.byte	0x1
 623 0040 06       		.byte	0x6
 624 0041 42020000 		.4byte	.LASF1
 625 0045 04       		.uleb128 0x4
 626 0046 01       		.byte	0x1
 627 0047 08       		.byte	0x8
 628 0048 EC000000 		.4byte	.LASF2
 629 004c 04       		.uleb128 0x4
 630 004d 02       		.byte	0x2
 631 004e 05       		.byte	0x5
 632 004f 27020000 		.4byte	.LASF3
 633 0053 04       		.uleb128 0x4
 634 0054 02       		.byte	0x2
 635 0055 07       		.byte	0x7
 636 0056 49000000 		.4byte	.LASF4
 637 005a 04       		.uleb128 0x4
 638 005b 04       		.byte	0x4
 639 005c 05       		.byte	0x5
 640 005d 39020000 		.4byte	.LASF5
 641 0061 04       		.uleb128 0x4
 642 0062 04       		.byte	0x4
 643 0063 07       		.byte	0x7
 644 0064 B4000000 		.4byte	.LASF6
 645 0068 04       		.uleb128 0x4
 646 0069 08       		.byte	0x8
 647 006a 05       		.byte	0x5
 648 006b 14020000 		.4byte	.LASF7
 649 006f 04       		.uleb128 0x4
 650 0070 08       		.byte	0x8
 651 0071 07       		.byte	0x7
 652 0072 BF010000 		.4byte	.LASF8
 653 0076 04       		.uleb128 0x4
 654 0077 04       		.byte	0x4
 655 0078 07       		.byte	0x7
 656 0079 0B020000 		.4byte	.LASF9
 657 007d 05       		.uleb128 0x5
 658 007e 04       		.byte	0x4
 659 007f 04       		.uleb128 0x4
 660 0080 01       		.byte	0x1
 661 0081 08       		.byte	0x8
 662 0082 22020000 		.4byte	.LASF10
 663 0086 06       		.uleb128 0x6
 664 0087 C6000000 		.4byte	.LASF12
 665 008b 03       		.byte	0x3
 666 008c 9801     		.2byte	0x198
 667 008e 45000000 		.4byte	0x45
 668 0092 06       		.uleb128 0x6
 669 0093 9C010000 		.4byte	.LASF13
 670 0097 03       		.byte	0x3
 671 0098 9901     		.2byte	0x199
 672 009a 53000000 		.4byte	0x53
 673 009e 06       		.uleb128 0x6
 674 009f A3010000 		.4byte	.LASF14
 675 00a3 03       		.byte	0x3
 676 00a4 9A01     		.2byte	0x19a
ARM GAS  C:\Users\Matthew\AppData\Local\Temp\cc8QF7ya.s 			page 19


 677 00a6 61000000 		.4byte	0x61
 678 00aa 04       		.uleb128 0x4
 679 00ab 04       		.byte	0x4
 680 00ac 04       		.byte	0x4
 681 00ad 9F000000 		.4byte	.LASF15
 682 00b1 04       		.uleb128 0x4
 683 00b2 08       		.byte	0x8
 684 00b3 04       		.byte	0x4
 685 00b4 FA000000 		.4byte	.LASF16
 686 00b8 06       		.uleb128 0x6
 687 00b9 AF000000 		.4byte	.LASF17
 688 00bd 03       		.byte	0x3
 689 00be 4202     		.2byte	0x242
 690 00c0 C4000000 		.4byte	0xc4
 691 00c4 07       		.uleb128 0x7
 692 00c5 86000000 		.4byte	0x86
 693 00c9 06       		.uleb128 0x6
 694 00ca 10000000 		.4byte	.LASF18
 695 00ce 03       		.byte	0x3
 696 00cf 4402     		.2byte	0x244
 697 00d1 D5000000 		.4byte	0xd5
 698 00d5 07       		.uleb128 0x7
 699 00d6 9E000000 		.4byte	0x9e
 700 00da 08       		.uleb128 0x8
 701 00db CC000000 		.4byte	.LASF19
 702 00df 01       		.byte	0x1
 703 00e0 3D       		.byte	0x3d
 704 00e1 00000000 		.4byte	.LFB2
 705 00e5 1E000000 		.4byte	.LFE2-.LFB2
 706 00e9 01       		.uleb128 0x1
 707 00ea 9C       		.byte	0x9c
 708 00eb 08010000 		.4byte	0x108
 709 00ef 09       		.uleb128 0x9
 710 00f0 7300     		.ascii	"s\000"
 711 00f2 01       		.byte	0x1
 712 00f3 3D       		.byte	0x3d
 713 00f4 7D000000 		.4byte	0x7d
 714 00f8 02       		.uleb128 0x2
 715 00f9 91       		.byte	0x91
 716 00fa 74       		.sleb128 -12
 717 00fb 09       		.uleb128 0x9
 718 00fc 6E00     		.ascii	"n\000"
 719 00fe 01       		.byte	0x1
 720 00ff 3D       		.byte	0x3d
 721 0100 2C000000 		.4byte	0x2c
 722 0104 02       		.uleb128 0x2
 723 0105 91       		.byte	0x91
 724 0106 70       		.sleb128 -16
 725 0107 00       		.byte	0
 726 0108 08       		.uleb128 0x8
 727 0109 57020000 		.4byte	.LASF20
 728 010d 01       		.byte	0x1
 729 010e 44       		.byte	0x44
 730 010f 00000000 		.4byte	.LFB3
 731 0113 22000000 		.4byte	.LFE3-.LFB3
 732 0117 01       		.uleb128 0x1
 733 0118 9C       		.byte	0x9c
ARM GAS  C:\Users\Matthew\AppData\Local\Temp\cc8QF7ya.s 			page 20


 734 0119 46010000 		.4byte	0x146
 735 011d 0A       		.uleb128 0xa
 736 011e A5000000 		.4byte	.LASF21
 737 0122 01       		.byte	0x1
 738 0123 44       		.byte	0x44
 739 0124 7D000000 		.4byte	0x7d
 740 0128 02       		.uleb128 0x2
 741 0129 91       		.byte	0x91
 742 012a 74       		.sleb128 -12
 743 012b 09       		.uleb128 0x9
 744 012c 73726300 		.ascii	"src\000"
 745 0130 01       		.byte	0x1
 746 0131 44       		.byte	0x44
 747 0132 46010000 		.4byte	0x146
 748 0136 02       		.uleb128 0x2
 749 0137 91       		.byte	0x91
 750 0138 70       		.sleb128 -16
 751 0139 09       		.uleb128 0x9
 752 013a 6E00     		.ascii	"n\000"
 753 013c 01       		.byte	0x1
 754 013d 44       		.byte	0x44
 755 013e 2C000000 		.4byte	0x2c
 756 0142 02       		.uleb128 0x2
 757 0143 91       		.byte	0x91
 758 0144 6C       		.sleb128 -20
 759 0145 00       		.byte	0
 760 0146 0B       		.uleb128 0xb
 761 0147 04       		.byte	0x4
 762 0148 4C010000 		.4byte	0x14c
 763 014c 0C       		.uleb128 0xc
 764 014d 08       		.uleb128 0x8
 765 014e 00000000 		.4byte	.LASF22
 766 0152 01       		.byte	0x1
 767 0153 4B       		.byte	0x4b
 768 0154 00000000 		.4byte	.LFB4
 769 0158 22000000 		.4byte	.LFE4-.LFB4
 770 015c 01       		.uleb128 0x1
 771 015d 9C       		.byte	0x9c
 772 015e 8B010000 		.4byte	0x18b
 773 0162 0A       		.uleb128 0xa
 774 0163 A5000000 		.4byte	.LASF21
 775 0167 01       		.byte	0x1
 776 0168 4B       		.byte	0x4b
 777 0169 7D000000 		.4byte	0x7d
 778 016d 02       		.uleb128 0x2
 779 016e 91       		.byte	0x91
 780 016f 74       		.sleb128 -12
 781 0170 09       		.uleb128 0x9
 782 0171 73726300 		.ascii	"src\000"
 783 0175 01       		.byte	0x1
 784 0176 4B       		.byte	0x4b
 785 0177 46010000 		.4byte	0x146
 786 017b 02       		.uleb128 0x2
 787 017c 91       		.byte	0x91
 788 017d 70       		.sleb128 -16
 789 017e 09       		.uleb128 0x9
 790 017f 6E00     		.ascii	"n\000"
ARM GAS  C:\Users\Matthew\AppData\Local\Temp\cc8QF7ya.s 			page 21


 791 0181 01       		.byte	0x1
 792 0182 4B       		.byte	0x4b
 793 0183 2C000000 		.4byte	0x2c
 794 0187 02       		.uleb128 0x2
 795 0188 91       		.byte	0x91
 796 0189 6C       		.sleb128 -20
 797 018a 00       		.byte	0
 798 018b 0D       		.uleb128 0xd
 799 018c 3E000000 		.4byte	.LASF23
 800 0190 01       		.byte	0x1
 801 0191 92       		.byte	0x92
 802 0192 00000000 		.4byte	.LFB5
 803 0196 28010000 		.4byte	.LFE5-.LFB5
 804 019a 01       		.uleb128 0x1
 805 019b 9C       		.byte	0x9c
 806 019c 0D       		.uleb128 0xd
 807 019d 1D000000 		.4byte	.LASF24
 808 01a1 01       		.byte	0x1
 809 01a2 DF       		.byte	0xdf
 810 01a3 00000000 		.4byte	.LFB6
 811 01a7 4C000000 		.4byte	.LFE6-.LFB6
 812 01ab 01       		.uleb128 0x1
 813 01ac 9C       		.byte	0x9c
 814 01ad 0E       		.uleb128 0xe
 815 01ae D6000000 		.4byte	.LASF34
 816 01b2 01       		.byte	0x1
 817 01b3 FB       		.byte	0xfb
 818 01b4 00000000 		.4byte	.LFB7
 819 01b8 40000000 		.4byte	.LFE7-.LFB7
 820 01bc 01       		.uleb128 0x1
 821 01bd 9C       		.byte	0x9c
 822 01be DF010000 		.4byte	0x1df
 823 01c2 0A       		.uleb128 0xa
 824 01c3 31020000 		.4byte	.LASF25
 825 01c7 01       		.byte	0x1
 826 01c8 FB       		.byte	0xfb
 827 01c9 86000000 		.4byte	0x86
 828 01cd 02       		.uleb128 0x2
 829 01ce 91       		.byte	0x91
 830 01cf 6F       		.sleb128 -17
 831 01d0 0F       		.uleb128 0xf
 832 01d1 4E020000 		.4byte	.LASF29
 833 01d5 01       		.byte	0x1
 834 01d6 FD       		.byte	0xfd
 835 01d7 9E000000 		.4byte	0x9e
 836 01db 02       		.uleb128 0x2
 837 01dc 91       		.byte	0x91
 838 01dd 74       		.sleb128 -12
 839 01de 00       		.byte	0
 840 01df 10       		.uleb128 0x10
 841 01e0 01010000 		.4byte	.LASF35
 842 01e4 01       		.byte	0x1
 843 01e5 1D01     		.2byte	0x11d
 844 01e7 28010000 		.4byte	.LFB8
 845 01eb 18010000 		.4byte	.LFE8-.LFB8
 846 01ef 01       		.uleb128 0x1
 847 01f0 9C       		.byte	0x9c
ARM GAS  C:\Users\Matthew\AppData\Local\Temp\cc8QF7ya.s 			page 22


 848 01f1 11       		.uleb128 0x11
 849 01f2 36010000 		.4byte	.LBB2
 850 01f6 AE000000 		.4byte	.LBE2-.LBB2
 851 01fa 12       		.uleb128 0x12
 852 01fb 06       		.byte	0x6
 853 01fc 01       		.byte	0x1
 854 01fd 2601     		.2byte	0x126
 855 01ff 1E020000 		.4byte	0x21e
 856 0203 13       		.uleb128 0x13
 857 0204 B7010000 		.4byte	.LASF26
 858 0208 01       		.byte	0x1
 859 0209 2701     		.2byte	0x127
 860 020b 7D000000 		.4byte	0x7d
 861 020f 00       		.byte	0
 862 0210 13       		.uleb128 0x13
 863 0211 AA000000 		.4byte	.LASF27
 864 0215 01       		.byte	0x1
 865 0216 2801     		.2byte	0x128
 866 0218 92000000 		.4byte	0x92
 867 021c 04       		.byte	0x4
 868 021d 00       		.byte	0
 869 021e 06       		.uleb128 0x6
 870 021f D6010000 		.4byte	.LASF28
 871 0223 01       		.byte	0x1
 872 0224 2901     		.2byte	0x129
 873 0226 FA010000 		.4byte	0x1fa
 874 022a 14       		.uleb128 0x14
 875 022b 1E020000 		.4byte	0x21e
 876 022f 3A020000 		.4byte	0x23a
 877 0233 15       		.uleb128 0x15
 878 0234 76000000 		.4byte	0x76
 879 0238 01       		.byte	0x1
 880 0239 00       		.byte	0
 881 023a 16       		.uleb128 0x16
 882 023b 2E000000 		.4byte	.LASF30
 883 023f 01       		.byte	0x1
 884 0240 2B01     		.2byte	0x12b
 885 0242 4C020000 		.4byte	0x24c
 886 0246 05       		.uleb128 0x5
 887 0247 03       		.byte	0x3
 888 0248 00000000 		.4byte	cfg_memset_list.4764
 889 024c 17       		.uleb128 0x17
 890 024d 2A020000 		.4byte	0x22a
 891 0251 18       		.uleb128 0x18
 892 0252 6900     		.ascii	"i\000"
 893 0254 01       		.byte	0x1
 894 0255 3101     		.2byte	0x131
 895 0257 86000000 		.4byte	0x86
 896 025b 02       		.uleb128 0x2
 897 025c 91       		.byte	0x91
 898 025d 77       		.sleb128 -9
 899 025e 11       		.uleb128 0x11
 900 025f 3E010000 		.4byte	.LBB3
 901 0263 3E000000 		.4byte	.LBE3-.LBB3
 902 0267 18       		.uleb128 0x18
 903 0268 6D7300   		.ascii	"ms\000"
 904 026b 01       		.byte	0x1
ARM GAS  C:\Users\Matthew\AppData\Local\Temp\cc8QF7ya.s 			page 23


 905 026c 3601     		.2byte	0x136
 906 026e 75020000 		.4byte	0x275
 907 0272 02       		.uleb128 0x2
 908 0273 91       		.byte	0x91
 909 0274 70       		.sleb128 -16
 910 0275 0B       		.uleb128 0xb
 911 0276 04       		.byte	0x4
 912 0277 7B020000 		.4byte	0x27b
 913 027b 17       		.uleb128 0x17
 914 027c 1E020000 		.4byte	0x21e
 915 0280 00       		.byte	0
 916 0281 00       		.byte	0
 917 0282 00       		.byte	0
 918 0283 00       		.byte	0
 919              		.section	.debug_abbrev,"",%progbits
 920              	.Ldebug_abbrev0:
 921 0000 01       		.uleb128 0x1
 922 0001 11       		.uleb128 0x11
 923 0002 01       		.byte	0x1
 924 0003 25       		.uleb128 0x25
 925 0004 0E       		.uleb128 0xe
 926 0005 13       		.uleb128 0x13
 927 0006 0B       		.uleb128 0xb
 928 0007 03       		.uleb128 0x3
 929 0008 0E       		.uleb128 0xe
 930 0009 1B       		.uleb128 0x1b
 931 000a 0E       		.uleb128 0xe
 932 000b 55       		.uleb128 0x55
 933 000c 17       		.uleb128 0x17
 934 000d 11       		.uleb128 0x11
 935 000e 01       		.uleb128 0x1
 936 000f 10       		.uleb128 0x10
 937 0010 17       		.uleb128 0x17
 938 0011 00       		.byte	0
 939 0012 00       		.byte	0
 940 0013 02       		.uleb128 0x2
 941 0014 24       		.uleb128 0x24
 942 0015 00       		.byte	0
 943 0016 0B       		.uleb128 0xb
 944 0017 0B       		.uleb128 0xb
 945 0018 3E       		.uleb128 0x3e
 946 0019 0B       		.uleb128 0xb
 947 001a 03       		.uleb128 0x3
 948 001b 08       		.uleb128 0x8
 949 001c 00       		.byte	0
 950 001d 00       		.byte	0
 951 001e 03       		.uleb128 0x3
 952 001f 16       		.uleb128 0x16
 953 0020 00       		.byte	0
 954 0021 03       		.uleb128 0x3
 955 0022 0E       		.uleb128 0xe
 956 0023 3A       		.uleb128 0x3a
 957 0024 0B       		.uleb128 0xb
 958 0025 3B       		.uleb128 0x3b
 959 0026 0B       		.uleb128 0xb
 960 0027 49       		.uleb128 0x49
 961 0028 13       		.uleb128 0x13
ARM GAS  C:\Users\Matthew\AppData\Local\Temp\cc8QF7ya.s 			page 24


 962 0029 00       		.byte	0
 963 002a 00       		.byte	0
 964 002b 04       		.uleb128 0x4
 965 002c 24       		.uleb128 0x24
 966 002d 00       		.byte	0
 967 002e 0B       		.uleb128 0xb
 968 002f 0B       		.uleb128 0xb
 969 0030 3E       		.uleb128 0x3e
 970 0031 0B       		.uleb128 0xb
 971 0032 03       		.uleb128 0x3
 972 0033 0E       		.uleb128 0xe
 973 0034 00       		.byte	0
 974 0035 00       		.byte	0
 975 0036 05       		.uleb128 0x5
 976 0037 0F       		.uleb128 0xf
 977 0038 00       		.byte	0
 978 0039 0B       		.uleb128 0xb
 979 003a 0B       		.uleb128 0xb
 980 003b 00       		.byte	0
 981 003c 00       		.byte	0
 982 003d 06       		.uleb128 0x6
 983 003e 16       		.uleb128 0x16
 984 003f 00       		.byte	0
 985 0040 03       		.uleb128 0x3
 986 0041 0E       		.uleb128 0xe
 987 0042 3A       		.uleb128 0x3a
 988 0043 0B       		.uleb128 0xb
 989 0044 3B       		.uleb128 0x3b
 990 0045 05       		.uleb128 0x5
 991 0046 49       		.uleb128 0x49
 992 0047 13       		.uleb128 0x13
 993 0048 00       		.byte	0
 994 0049 00       		.byte	0
 995 004a 07       		.uleb128 0x7
 996 004b 35       		.uleb128 0x35
 997 004c 00       		.byte	0
 998 004d 49       		.uleb128 0x49
 999 004e 13       		.uleb128 0x13
 1000 004f 00       		.byte	0
 1001 0050 00       		.byte	0
 1002 0051 08       		.uleb128 0x8
 1003 0052 2E       		.uleb128 0x2e
 1004 0053 01       		.byte	0x1
 1005 0054 03       		.uleb128 0x3
 1006 0055 0E       		.uleb128 0xe
 1007 0056 3A       		.uleb128 0x3a
 1008 0057 0B       		.uleb128 0xb
 1009 0058 3B       		.uleb128 0x3b
 1010 0059 0B       		.uleb128 0xb
 1011 005a 27       		.uleb128 0x27
 1012 005b 19       		.uleb128 0x19
 1013 005c 11       		.uleb128 0x11
 1014 005d 01       		.uleb128 0x1
 1015 005e 12       		.uleb128 0x12
 1016 005f 06       		.uleb128 0x6
 1017 0060 40       		.uleb128 0x40
 1018 0061 18       		.uleb128 0x18
ARM GAS  C:\Users\Matthew\AppData\Local\Temp\cc8QF7ya.s 			page 25


 1019 0062 9642     		.uleb128 0x2116
 1020 0064 19       		.uleb128 0x19
 1021 0065 01       		.uleb128 0x1
 1022 0066 13       		.uleb128 0x13
 1023 0067 00       		.byte	0
 1024 0068 00       		.byte	0
 1025 0069 09       		.uleb128 0x9
 1026 006a 05       		.uleb128 0x5
 1027 006b 00       		.byte	0
 1028 006c 03       		.uleb128 0x3
 1029 006d 08       		.uleb128 0x8
 1030 006e 3A       		.uleb128 0x3a
 1031 006f 0B       		.uleb128 0xb
 1032 0070 3B       		.uleb128 0x3b
 1033 0071 0B       		.uleb128 0xb
 1034 0072 49       		.uleb128 0x49
 1035 0073 13       		.uleb128 0x13
 1036 0074 02       		.uleb128 0x2
 1037 0075 18       		.uleb128 0x18
 1038 0076 00       		.byte	0
 1039 0077 00       		.byte	0
 1040 0078 0A       		.uleb128 0xa
 1041 0079 05       		.uleb128 0x5
 1042 007a 00       		.byte	0
 1043 007b 03       		.uleb128 0x3
 1044 007c 0E       		.uleb128 0xe
 1045 007d 3A       		.uleb128 0x3a
 1046 007e 0B       		.uleb128 0xb
 1047 007f 3B       		.uleb128 0x3b
 1048 0080 0B       		.uleb128 0xb
 1049 0081 49       		.uleb128 0x49
 1050 0082 13       		.uleb128 0x13
 1051 0083 02       		.uleb128 0x2
 1052 0084 18       		.uleb128 0x18
 1053 0085 00       		.byte	0
 1054 0086 00       		.byte	0
 1055 0087 0B       		.uleb128 0xb
 1056 0088 0F       		.uleb128 0xf
 1057 0089 00       		.byte	0
 1058 008a 0B       		.uleb128 0xb
 1059 008b 0B       		.uleb128 0xb
 1060 008c 49       		.uleb128 0x49
 1061 008d 13       		.uleb128 0x13
 1062 008e 00       		.byte	0
 1063 008f 00       		.byte	0
 1064 0090 0C       		.uleb128 0xc
 1065 0091 26       		.uleb128 0x26
 1066 0092 00       		.byte	0
 1067 0093 00       		.byte	0
 1068 0094 00       		.byte	0
 1069 0095 0D       		.uleb128 0xd
 1070 0096 2E       		.uleb128 0x2e
 1071 0097 00       		.byte	0
 1072 0098 03       		.uleb128 0x3
 1073 0099 0E       		.uleb128 0xe
 1074 009a 3A       		.uleb128 0x3a
 1075 009b 0B       		.uleb128 0xb
ARM GAS  C:\Users\Matthew\AppData\Local\Temp\cc8QF7ya.s 			page 26


 1076 009c 3B       		.uleb128 0x3b
 1077 009d 0B       		.uleb128 0xb
 1078 009e 27       		.uleb128 0x27
 1079 009f 19       		.uleb128 0x19
 1080 00a0 11       		.uleb128 0x11
 1081 00a1 01       		.uleb128 0x1
 1082 00a2 12       		.uleb128 0x12
 1083 00a3 06       		.uleb128 0x6
 1084 00a4 40       		.uleb128 0x40
 1085 00a5 18       		.uleb128 0x18
 1086 00a6 9642     		.uleb128 0x2116
 1087 00a8 19       		.uleb128 0x19
 1088 00a9 00       		.byte	0
 1089 00aa 00       		.byte	0
 1090 00ab 0E       		.uleb128 0xe
 1091 00ac 2E       		.uleb128 0x2e
 1092 00ad 01       		.byte	0x1
 1093 00ae 3F       		.uleb128 0x3f
 1094 00af 19       		.uleb128 0x19
 1095 00b0 03       		.uleb128 0x3
 1096 00b1 0E       		.uleb128 0xe
 1097 00b2 3A       		.uleb128 0x3a
 1098 00b3 0B       		.uleb128 0xb
 1099 00b4 3B       		.uleb128 0x3b
 1100 00b5 0B       		.uleb128 0xb
 1101 00b6 27       		.uleb128 0x27
 1102 00b7 19       		.uleb128 0x19
 1103 00b8 11       		.uleb128 0x11
 1104 00b9 01       		.uleb128 0x1
 1105 00ba 12       		.uleb128 0x12
 1106 00bb 06       		.uleb128 0x6
 1107 00bc 40       		.uleb128 0x40
 1108 00bd 18       		.uleb128 0x18
 1109 00be 9742     		.uleb128 0x2117
 1110 00c0 19       		.uleb128 0x19
 1111 00c1 01       		.uleb128 0x1
 1112 00c2 13       		.uleb128 0x13
 1113 00c3 00       		.byte	0
 1114 00c4 00       		.byte	0
 1115 00c5 0F       		.uleb128 0xf
 1116 00c6 34       		.uleb128 0x34
 1117 00c7 00       		.byte	0
 1118 00c8 03       		.uleb128 0x3
 1119 00c9 0E       		.uleb128 0xe
 1120 00ca 3A       		.uleb128 0x3a
 1121 00cb 0B       		.uleb128 0xb
 1122 00cc 3B       		.uleb128 0x3b
 1123 00cd 0B       		.uleb128 0xb
 1124 00ce 49       		.uleb128 0x49
 1125 00cf 13       		.uleb128 0x13
 1126 00d0 02       		.uleb128 0x2
 1127 00d1 18       		.uleb128 0x18
 1128 00d2 00       		.byte	0
 1129 00d3 00       		.byte	0
 1130 00d4 10       		.uleb128 0x10
 1131 00d5 2E       		.uleb128 0x2e
 1132 00d6 01       		.byte	0x1
ARM GAS  C:\Users\Matthew\AppData\Local\Temp\cc8QF7ya.s 			page 27


 1133 00d7 3F       		.uleb128 0x3f
 1134 00d8 19       		.uleb128 0x19
 1135 00d9 03       		.uleb128 0x3
 1136 00da 0E       		.uleb128 0xe
 1137 00db 3A       		.uleb128 0x3a
 1138 00dc 0B       		.uleb128 0xb
 1139 00dd 3B       		.uleb128 0x3b
 1140 00de 05       		.uleb128 0x5
 1141 00df 27       		.uleb128 0x27
 1142 00e0 19       		.uleb128 0x19
 1143 00e1 11       		.uleb128 0x11
 1144 00e2 01       		.uleb128 0x1
 1145 00e3 12       		.uleb128 0x12
 1146 00e4 06       		.uleb128 0x6
 1147 00e5 40       		.uleb128 0x40
 1148 00e6 18       		.uleb128 0x18
 1149 00e7 9642     		.uleb128 0x2116
 1150 00e9 19       		.uleb128 0x19
 1151 00ea 00       		.byte	0
 1152 00eb 00       		.byte	0
 1153 00ec 11       		.uleb128 0x11
 1154 00ed 0B       		.uleb128 0xb
 1155 00ee 01       		.byte	0x1
 1156 00ef 11       		.uleb128 0x11
 1157 00f0 01       		.uleb128 0x1
 1158 00f1 12       		.uleb128 0x12
 1159 00f2 06       		.uleb128 0x6
 1160 00f3 00       		.byte	0
 1161 00f4 00       		.byte	0
 1162 00f5 12       		.uleb128 0x12
 1163 00f6 13       		.uleb128 0x13
 1164 00f7 01       		.byte	0x1
 1165 00f8 0B       		.uleb128 0xb
 1166 00f9 0B       		.uleb128 0xb
 1167 00fa 3A       		.uleb128 0x3a
 1168 00fb 0B       		.uleb128 0xb
 1169 00fc 3B       		.uleb128 0x3b
 1170 00fd 05       		.uleb128 0x5
 1171 00fe 01       		.uleb128 0x1
 1172 00ff 13       		.uleb128 0x13
 1173 0100 00       		.byte	0
 1174 0101 00       		.byte	0
 1175 0102 13       		.uleb128 0x13
 1176 0103 0D       		.uleb128 0xd
 1177 0104 00       		.byte	0
 1178 0105 03       		.uleb128 0x3
 1179 0106 0E       		.uleb128 0xe
 1180 0107 3A       		.uleb128 0x3a
 1181 0108 0B       		.uleb128 0xb
 1182 0109 3B       		.uleb128 0x3b
 1183 010a 05       		.uleb128 0x5
 1184 010b 49       		.uleb128 0x49
 1185 010c 13       		.uleb128 0x13
 1186 010d 38       		.uleb128 0x38
 1187 010e 0B       		.uleb128 0xb
 1188 010f 00       		.byte	0
 1189 0110 00       		.byte	0
ARM GAS  C:\Users\Matthew\AppData\Local\Temp\cc8QF7ya.s 			page 28


 1190 0111 14       		.uleb128 0x14
 1191 0112 01       		.uleb128 0x1
 1192 0113 01       		.byte	0x1
 1193 0114 49       		.uleb128 0x49
 1194 0115 13       		.uleb128 0x13
 1195 0116 01       		.uleb128 0x1
 1196 0117 13       		.uleb128 0x13
 1197 0118 00       		.byte	0
 1198 0119 00       		.byte	0
 1199 011a 15       		.uleb128 0x15
 1200 011b 21       		.uleb128 0x21
 1201 011c 00       		.byte	0
 1202 011d 49       		.uleb128 0x49
 1203 011e 13       		.uleb128 0x13
 1204 011f 2F       		.uleb128 0x2f
 1205 0120 0B       		.uleb128 0xb
 1206 0121 00       		.byte	0
 1207 0122 00       		.byte	0
 1208 0123 16       		.uleb128 0x16
 1209 0124 34       		.uleb128 0x34
 1210 0125 00       		.byte	0
 1211 0126 03       		.uleb128 0x3
 1212 0127 0E       		.uleb128 0xe
 1213 0128 3A       		.uleb128 0x3a
 1214 0129 0B       		.uleb128 0xb
 1215 012a 3B       		.uleb128 0x3b
 1216 012b 05       		.uleb128 0x5
 1217 012c 49       		.uleb128 0x49
 1218 012d 13       		.uleb128 0x13
 1219 012e 02       		.uleb128 0x2
 1220 012f 18       		.uleb128 0x18
 1221 0130 00       		.byte	0
 1222 0131 00       		.byte	0
 1223 0132 17       		.uleb128 0x17
 1224 0133 26       		.uleb128 0x26
 1225 0134 00       		.byte	0
 1226 0135 49       		.uleb128 0x49
 1227 0136 13       		.uleb128 0x13
 1228 0137 00       		.byte	0
 1229 0138 00       		.byte	0
 1230 0139 18       		.uleb128 0x18
 1231 013a 34       		.uleb128 0x34
 1232 013b 00       		.byte	0
 1233 013c 03       		.uleb128 0x3
 1234 013d 08       		.uleb128 0x8
 1235 013e 3A       		.uleb128 0x3a
 1236 013f 0B       		.uleb128 0xb
 1237 0140 3B       		.uleb128 0x3b
 1238 0141 05       		.uleb128 0x5
 1239 0142 49       		.uleb128 0x49
 1240 0143 13       		.uleb128 0x13
 1241 0144 02       		.uleb128 0x2
 1242 0145 18       		.uleb128 0x18
 1243 0146 00       		.byte	0
 1244 0147 00       		.byte	0
 1245 0148 00       		.byte	0
 1246              		.section	.debug_aranges,"",%progbits
ARM GAS  C:\Users\Matthew\AppData\Local\Temp\cc8QF7ya.s 			page 29


 1247 0000 4C000000 		.4byte	0x4c
 1248 0004 0200     		.2byte	0x2
 1249 0006 00000000 		.4byte	.Ldebug_info0
 1250 000a 04       		.byte	0x4
 1251 000b 00       		.byte	0
 1252 000c 0000     		.2byte	0
 1253 000e 0000     		.2byte	0
 1254 0010 00000000 		.4byte	.LFB2
 1255 0014 1E000000 		.4byte	.LFE2-.LFB2
 1256 0018 00000000 		.4byte	.LFB3
 1257 001c 22000000 		.4byte	.LFE3-.LFB3
 1258 0020 00000000 		.4byte	.LFB4
 1259 0024 22000000 		.4byte	.LFE4-.LFB4
 1260 0028 00000000 		.4byte	.LFB5
 1261 002c 28010000 		.4byte	.LFE5-.LFB5
 1262 0030 00000000 		.4byte	.LFB6
 1263 0034 4C000000 		.4byte	.LFE6-.LFB6
 1264 0038 00000000 		.4byte	.LFB7
 1265 003c 40000000 		.4byte	.LFE7-.LFB7
 1266 0040 28010000 		.4byte	.LFB8
 1267 0044 18010000 		.4byte	.LFE8-.LFB8
 1268 0048 00000000 		.4byte	0
 1269 004c 00000000 		.4byte	0
 1270              		.section	.debug_ranges,"",%progbits
 1271              	.Ldebug_ranges0:
 1272 0000 00000000 		.4byte	.LFB2
 1273 0004 1E000000 		.4byte	.LFE2
 1274 0008 00000000 		.4byte	.LFB3
 1275 000c 22000000 		.4byte	.LFE3
 1276 0010 00000000 		.4byte	.LFB4
 1277 0014 22000000 		.4byte	.LFE4
 1278 0018 00000000 		.4byte	.LFB5
 1279 001c 28010000 		.4byte	.LFE5
 1280 0020 00000000 		.4byte	.LFB6
 1281 0024 4C000000 		.4byte	.LFE6
 1282 0028 00000000 		.4byte	.LFB7
 1283 002c 40000000 		.4byte	.LFE7
 1284 0030 28010000 		.4byte	.LFB8
 1285 0034 40020000 		.4byte	.LFE8
 1286 0038 00000000 		.4byte	0
 1287 003c 00000000 		.4byte	0
 1288              		.section	.debug_line,"",%progbits
 1289              	.Ldebug_line0:
 1290 0000 91010000 		.section	.debug_str,"MS",%progbits,1
 1290      0200CD00 
 1290      00000201 
 1290      FB0E0D00 
 1290      01010101 
 1291              	.LASF22:
 1292 0000 4359434F 		.ascii	"CYCONFIGCPYCODE\000"
 1292      4E464947 
 1292      43505943 
 1292      4F444500 
 1293              	.LASF18:
 1294 0010 72656733 		.ascii	"reg32\000"
 1294      3200
 1295              	.LASF11:
ARM GAS  C:\Users\Matthew\AppData\Local\Temp\cc8QF7ya.s 			page 30


 1296 0016 73697A65 		.ascii	"size_t\000"
 1296      5F7400
 1297              	.LASF24:
 1298 001d 416E616C 		.ascii	"AnalogSetDefault\000"
 1298      6F675365 
 1298      74446566 
 1298      61756C74 
 1298      00
 1299              	.LASF30:
 1300 002e 6366675F 		.ascii	"cfg_memset_list\000"
 1300      6D656D73 
 1300      65745F6C 
 1300      69737400 
 1301              	.LASF23:
 1302 003e 436C6F63 		.ascii	"ClockSetup\000"
 1302      6B536574 
 1302      757000
 1303              	.LASF4:
 1304 0049 73686F72 		.ascii	"short unsigned int\000"
 1304      7420756E 
 1304      7369676E 
 1304      65642069 
 1304      6E7400
 1305              	.LASF33:
 1306 005c 433A5C55 		.ascii	"C:\\Users\\Matthew\\Documents\\GitHub\\BioSnap\\Mas"
 1306      73657273 
 1306      5C4D6174 
 1306      74686577 
 1306      5C446F63 
 1307 0089 7465725F 		.ascii	"ter_v2\\Master_2.cydsn\000"
 1307      76325C4D 
 1307      61737465 
 1307      725F322E 
 1307      63796473 
 1308              	.LASF15:
 1309 009f 666C6F61 		.ascii	"float\000"
 1309      7400
 1310              	.LASF21:
 1311 00a5 64657374 		.ascii	"dest\000"
 1311      00
 1312              	.LASF27:
 1313 00aa 73697A65 		.ascii	"size\000"
 1313      00
 1314              	.LASF17:
 1315 00af 72656738 		.ascii	"reg8\000"
 1315      00
 1316              	.LASF6:
 1317 00b4 6C6F6E67 		.ascii	"long unsigned int\000"
 1317      20756E73 
 1317      69676E65 
 1317      6420696E 
 1317      7400
 1318              	.LASF12:
 1319 00c6 75696E74 		.ascii	"uint8\000"
 1319      3800
 1320              	.LASF19:
 1321 00cc 43594D45 		.ascii	"CYMEMZERO\000"
ARM GAS  C:\Users\Matthew\AppData\Local\Temp\cc8QF7ya.s 			page 31


 1321      4D5A4552 
 1321      4F00
 1322              	.LASF34:
 1323 00d6 53657441 		.ascii	"SetAnalogRoutingPumps\000"
 1323      6E616C6F 
 1323      67526F75 
 1323      74696E67 
 1323      50756D70 
 1324              	.LASF2:
 1325 00ec 756E7369 		.ascii	"unsigned char\000"
 1325      676E6564 
 1325      20636861 
 1325      7200
 1326              	.LASF16:
 1327 00fa 646F7562 		.ascii	"double\000"
 1327      6C6500
 1328              	.LASF35:
 1329 0101 63796669 		.ascii	"cyfitter_cfg\000"
 1329      74746572 
 1329      5F636667 
 1329      00
 1330              	.LASF31:
 1331 010e 474E5520 		.ascii	"GNU C 4.9.3 20150303 (release) [ARM/embedded-4_9-br"
 1331      4320342E 
 1331      392E3320 
 1331      32303135 
 1331      30333033 
 1332 0141 616E6368 		.ascii	"anch revision 221220] -mcpu=cortex-m0 -mthumb -g -O"
 1332      20726576 
 1332      6973696F 
 1332      6E203232 
 1332      31323230 
 1333 0174 30202D66 		.ascii	"0 -ffunction-sections -ffat-lto-objects\000"
 1333      66756E63 
 1333      74696F6E 
 1333      2D736563 
 1333      74696F6E 
 1334              	.LASF13:
 1335 019c 75696E74 		.ascii	"uint16\000"
 1335      313600
 1336              	.LASF14:
 1337 01a3 75696E74 		.ascii	"uint32\000"
 1337      333200
 1338              	.LASF0:
 1339 01aa 756E7369 		.ascii	"unsigned int\000"
 1339      676E6564 
 1339      20696E74 
 1339      00
 1340              	.LASF26:
 1341 01b7 61646472 		.ascii	"address\000"
 1341      65737300 
 1342              	.LASF8:
 1343 01bf 6C6F6E67 		.ascii	"long long unsigned int\000"
 1343      206C6F6E 
 1343      6720756E 
 1343      7369676E 
 1343      65642069 
ARM GAS  C:\Users\Matthew\AppData\Local\Temp\cc8QF7ya.s 			page 32


 1344              	.LASF28:
 1345 01d6 6366675F 		.ascii	"cfg_memset_t\000"
 1345      6D656D73 
 1345      65745F74 
 1345      00
 1346              	.LASF32:
 1347 01e3 2E5C4765 		.ascii	".\\Generated_Source\\PSoC4\\cyfitter_cfg.c\000"
 1347      6E657261 
 1347      7465645F 
 1347      536F7572 
 1347      63655C50 
 1348              	.LASF9:
 1349 020b 73697A65 		.ascii	"sizetype\000"
 1349      74797065 
 1349      00
 1350              	.LASF7:
 1351 0214 6C6F6E67 		.ascii	"long long int\000"
 1351      206C6F6E 
 1351      6720696E 
 1351      7400
 1352              	.LASF10:
 1353 0222 63686172 		.ascii	"char\000"
 1353      00
 1354              	.LASF3:
 1355 0227 73686F72 		.ascii	"short int\000"
 1355      7420696E 
 1355      7400
 1356              	.LASF25:
 1357 0231 656E6162 		.ascii	"enabled\000"
 1357      6C656400 
 1358              	.LASF5:
 1359 0239 6C6F6E67 		.ascii	"long int\000"
 1359      20696E74 
 1359      00
 1360              	.LASF1:
 1361 0242 7369676E 		.ascii	"signed char\000"
 1361      65642063 
 1361      68617200 
 1362              	.LASF29:
 1363 024e 72656756 		.ascii	"regValue\000"
 1363      616C7565 
 1363      00
 1364              	.LASF20:
 1365 0257 4359434F 		.ascii	"CYCONFIGCPY\000"
 1365      4E464947 
 1365      43505900 
 1366              		.ident	"GCC: (GNU Tools for ARM Embedded Processors) 4.9.3 20150303 (release) [ARM/embedded-4_9-br
