ARM GAS  C:\Users\Matthew\AppData\Local\Temp\ccWksojX.s 			page 1


   1              		.cpu cortex-m0
   2              		.fpu softvfp
   3              		.eabi_attribute 20, 1
   4              		.eabi_attribute 21, 1
   5              		.eabi_attribute 23, 3
   6              		.eabi_attribute 24, 1
   7              		.eabi_attribute 25, 1
   8              		.eabi_attribute 26, 1
   9              		.eabi_attribute 30, 6
  10              		.eabi_attribute 34, 0
  11              		.eabi_attribute 18, 4
  12              		.code	16
  13              		.file	"temperature.c"
  14              		.text
  15              	.Ltext0:
  16              		.cfi_sections	.debug_frame
  17              		.section	.text.initTemperature,"ax",%progbits
  18              		.align	2
  19              		.global	initTemperature
  20              		.code	16
  21              		.thumb_func
  22              		.type	initTemperature, %function
  23              	initTemperature:
  24              	.LFB37:
  25              		.file 1 ".\\temperature.c"
   1:.\temperature.c **** /* ========================================
   2:.\temperature.c ****  *
   3:.\temperature.c ****  * Copyright YOUR COMPANY, THE YEAR
   4:.\temperature.c ****  * All Rights Reserved
   5:.\temperature.c ****  * UNPUBLISHED, LICENSED SOFTWARE.
   6:.\temperature.c ****  *
   7:.\temperature.c ****  * CONFIDENTIAL AND PROPRIETARY INFORMATION
   8:.\temperature.c ****  * WHICH IS THE PROPERTY OF your company.
   9:.\temperature.c ****  *
  10:.\temperature.c ****  * ========================================
  11:.\temperature.c **** */
  12:.\temperature.c **** 
  13:.\temperature.c **** #include <temperature.h>
  14:.\temperature.c **** 
  15:.\temperature.c **** void initTemperature(){
  26              		.loc 1 15 0
  27              		.cfi_startproc
  28 0000 80B5     		push	{r7, lr}
  29              		.cfi_def_cfa_offset 8
  30              		.cfi_offset 7, -8
  31              		.cfi_offset 14, -4
  32 0002 00AF     		add	r7, sp, #0
  33              		.cfi_def_cfa_register 7
  16:.\temperature.c ****     ADC_Start();
  34              		.loc 1 16 0
  35 0004 FFF7FEFF 		bl	ADC_Start
  17:.\temperature.c ****     ADC_StartConvert();
  36              		.loc 1 17 0
  37 0008 FFF7FEFF 		bl	ADC_StartConvert
  18:.\temperature.c **** }
  38              		.loc 1 18 0
  39 000c BD46     		mov	sp, r7
ARM GAS  C:\Users\Matthew\AppData\Local\Temp\ccWksojX.s 			page 2


  40              		@ sp needed
  41 000e 80BD     		pop	{r7, pc}
  42              		.cfi_endproc
  43              	.LFE37:
  44              		.size	initTemperature, .-initTemperature
  45              		.section	.text.getTemperature,"ax",%progbits
  46              		.align	2
  47              		.global	getTemperature
  48              		.code	16
  49              		.thumb_func
  50              		.type	getTemperature, %function
  51              	getTemperature:
  52              	.LFB38:
  19:.\temperature.c **** 
  20:.\temperature.c **** uint16 getTemperature(){
  53              		.loc 1 20 0
  54              		.cfi_startproc
  55 0000 80B5     		push	{r7, lr}
  56              		.cfi_def_cfa_offset 8
  57              		.cfi_offset 7, -8
  58              		.cfi_offset 14, -4
  59 0002 00AF     		add	r7, sp, #0
  60              		.cfi_def_cfa_register 7
  21:.\temperature.c ****     // Read from ADC abd convert to millivolts
  22:.\temperature.c ****     return ADC_CountsTo_mVolts(0, ADC_GetResult16(0));
  61              		.loc 1 22 0
  62 0004 0020     		mov	r0, #0
  63 0006 FFF7FEFF 		bl	ADC_GetResult16
  64 000a 031C     		mov	r3, r0
  65 000c 0020     		mov	r0, #0
  66 000e 191C     		mov	r1, r3
  67 0010 FFF7FEFF 		bl	ADC_CountsTo_mVolts
  68 0014 031C     		mov	r3, r0
  69 0016 9BB2     		uxth	r3, r3
  23:.\temperature.c **** }...
  70              		.loc 1 23 0
  71 0018 181C     		mov	r0, r3
  72 001a BD46     		mov	sp, r7
  73              		@ sp needed
  74 001c 80BD     		pop	{r7, pc}
  75              		.cfi_endproc
  76              	.LFE38:
  77              		.size	getTemperature, .-getTemperature
  78 001e C046     		.text
  79              	.Letext0:
  80              		.file 2 "Generated_Source\\PSoC4/cytypes.h"
  81              		.section	.debug_info,"",%progbits
  82              	.Ldebug_info0:
  83 0000 B6000000 		.4byte	0xb6
  84 0004 0400     		.2byte	0x4
  85 0006 00000000 		.4byte	.Ldebug_abbrev0
  86 000a 04       		.byte	0x4
  87 000b 01       		.uleb128 0x1
  88 000c 0E000000 		.4byte	.LASF13
  89 0010 01       		.byte	0x1
  90 0011 38010000 		.4byte	.LASF14
  91 0015 CD000000 		.4byte	.LASF15
ARM GAS  C:\Users\Matthew\AppData\Local\Temp\ccWksojX.s 			page 3


  92 0019 00000000 		.4byte	.Ldebug_ranges0+0
  93 001d 00000000 		.4byte	0
  94 0021 00000000 		.4byte	.Ldebug_line0
  95 0025 02       		.uleb128 0x2
  96 0026 01       		.byte	0x1
  97 0027 06       		.byte	0x6
  98 0028 6B010000 		.4byte	.LASF0
  99 002c 02       		.uleb128 0x2
 100 002d 01       		.byte	0x1
 101 002e 08       		.byte	0x8
 102 002f 25010000 		.4byte	.LASF1
 103 0033 02       		.uleb128 0x2
 104 0034 02       		.byte	0x2
 105 0035 05       		.byte	0x5
 106 0036 7D010000 		.4byte	.LASF2
 107 003a 02       		.uleb128 0x2
 108 003b 02       		.byte	0x2
 109 003c 07       		.byte	0x7
 110 003d 58010000 		.4byte	.LASF3
 111 0041 02       		.uleb128 0x2
 112 0042 04       		.byte	0x4
 113 0043 05       		.byte	0x5
 114 0044 48010000 		.4byte	.LASF4
 115 0048 02       		.uleb128 0x2
 116 0049 04       		.byte	0x4
 117 004a 07       		.byte	0x7
 118 004b BB000000 		.4byte	.LASF5
 119 004f 02       		.uleb128 0x2
 120 0050 08       		.byte	0x8
 121 0051 05       		.byte	0x5
 122 0052 00000000 		.4byte	.LASF6
 123 0056 02       		.uleb128 0x2
 124 0057 08       		.byte	0x8
 125 0058 07       		.byte	0x7
 126 0059 0E010000 		.4byte	.LASF7
 127 005d 03       		.uleb128 0x3
 128 005e 04       		.byte	0x4
 129 005f 05       		.byte	0x5
 130 0060 696E7400 		.ascii	"int\000"
 131 0064 02       		.uleb128 0x2
 132 0065 04       		.byte	0x4
 133 0066 07       		.byte	0x7
 134 0067 8E010000 		.4byte	.LASF8
 135 006b 04       		.uleb128 0x4
 136 006c 87010000 		.4byte	.LASF16
 137 0070 02       		.byte	0x2
 138 0071 9901     		.2byte	0x199
 139 0073 3A000000 		.4byte	0x3a
 140 0077 02       		.uleb128 0x2
 141 0078 04       		.byte	0x4
 142 0079 04       		.byte	0x4
 143 007a 77010000 		.4byte	.LASF9
 144 007e 02       		.uleb128 0x2
 145 007f 08       		.byte	0x8
 146 0080 04       		.byte	0x4
 147 0081 51010000 		.4byte	.LASF10
 148 0085 02       		.uleb128 0x2
ARM GAS  C:\Users\Matthew\AppData\Local\Temp\ccWksojX.s 			page 4


 149 0086 01       		.byte	0x1
 150 0087 08       		.byte	0x8
 151 0088 33010000 		.4byte	.LASF11
 152 008c 02       		.uleb128 0x2
 153 008d 04       		.byte	0x4
 154 008e 07       		.byte	0x7
 155 008f 9B010000 		.4byte	.LASF12
 156 0093 05       		.uleb128 0x5
 157 0094 9C000000 		.4byte	.LASF17
 158 0098 01       		.byte	0x1
 159 0099 0F       		.byte	0xf
 160 009a 00000000 		.4byte	.LFB37
 161 009e 10000000 		.4byte	.LFE37-.LFB37
 162 00a2 01       		.uleb128 0x1
 163 00a3 9C       		.byte	0x9c
 164 00a4 06       		.uleb128 0x6
 165 00a5 AC000000 		.4byte	.LASF18
 166 00a9 01       		.byte	0x1
 167 00aa 14       		.byte	0x14
 168 00ab 6B000000 		.4byte	0x6b
 169 00af 00000000 		.4byte	.LFB38
 170 00b3 1E000000 		.4byte	.LFE38-.LFB38
 171 00b7 01       		.uleb128 0x1
 172 00b8 9C       		.byte	0x9c
 173 00b9 00       		.byte	0
 174              		.section	.debug_abbrev,"",%progbits
 175              	.Ldebug_abbrev0:
 176 0000 01       		.uleb128 0x1
 177 0001 11       		.uleb128 0x11
 178 0002 01       		.byte	0x1
 179 0003 25       		.uleb128 0x25
 180 0004 0E       		.uleb128 0xe
 181 0005 13       		.uleb128 0x13
 182 0006 0B       		.uleb128 0xb
 183 0007 03       		.uleb128 0x3
 184 0008 0E       		.uleb128 0xe
 185 0009 1B       		.uleb128 0x1b
 186 000a 0E       		.uleb128 0xe
 187 000b 55       		.uleb128 0x55
 188 000c 17       		.uleb128 0x17
 189 000d 11       		.uleb128 0x11
 190 000e 01       		.uleb128 0x1
 191 000f 10       		.uleb128 0x10
 192 0010 17       		.uleb128 0x17
 193 0011 00       		.byte	0
 194 0012 00       		.byte	0
 195 0013 02       		.uleb128 0x2
 196 0014 24       		.uleb128 0x24
 197 0015 00       		.byte	0
 198 0016 0B       		.uleb128 0xb
 199 0017 0B       		.uleb128 0xb
 200 0018 3E       		.uleb128 0x3e
 201 0019 0B       		.uleb128 0xb
 202 001a 03       		.uleb128 0x3
 203 001b 0E       		.uleb128 0xe
 204 001c 00       		.byte	0
 205 001d 00       		.byte	0
ARM GAS  C:\Users\Matthew\AppData\Local\Temp\ccWksojX.s 			page 5


 206 001e 03       		.uleb128 0x3
 207 001f 24       		.uleb128 0x24
 208 0020 00       		.byte	0
 209 0021 0B       		.uleb128 0xb
 210 0022 0B       		.uleb128 0xb
 211 0023 3E       		.uleb128 0x3e
 212 0024 0B       		.uleb128 0xb
 213 0025 03       		.uleb128 0x3
 214 0026 08       		.uleb128 0x8
 215 0027 00       		.byte	0
 216 0028 00       		.byte	0
 217 0029 04       		.uleb128 0x4
 218 002a 16       		.uleb128 0x16
 219 002b 00       		.byte	0
 220 002c 03       		.uleb128 0x3
 221 002d 0E       		.uleb128 0xe
 222 002e 3A       		.uleb128 0x3a
 223 002f 0B       		.uleb128 0xb
 224 0030 3B       		.uleb128 0x3b
 225 0031 05       		.uleb128 0x5
 226 0032 49       		.uleb128 0x49
 227 0033 13       		.uleb128 0x13
 228 0034 00       		.byte	0
 229 0035 00       		.byte	0
 230 0036 05       		.uleb128 0x5
 231 0037 2E       		.uleb128 0x2e
 232 0038 00       		.byte	0
 233 0039 3F       		.uleb128 0x3f
 234 003a 19       		.uleb128 0x19
 235 003b 03       		.uleb128 0x3
 236 003c 0E       		.uleb128 0xe
 237 003d 3A       		.uleb128 0x3a
 238 003e 0B       		.uleb128 0xb
 239 003f 3B       		.uleb128 0x3b
 240 0040 0B       		.uleb128 0xb
 241 0041 11       		.uleb128 0x11
 242 0042 01       		.uleb128 0x1
 243 0043 12       		.uleb128 0x12
 244 0044 06       		.uleb128 0x6
 245 0045 40       		.uleb128 0x40
 246 0046 18       		.uleb128 0x18
 247 0047 9642     		.uleb128 0x2116
 248 0049 19       		.uleb128 0x19
 249 004a 00       		.byte	0
 250 004b 00       		.byte	0
 251 004c 06       		.uleb128 0x6
 252 004d 2E       		.uleb128 0x2e
 253 004e 00       		.byte	0
 254 004f 3F       		.uleb128 0x3f
 255 0050 19       		.uleb128 0x19
 256 0051 03       		.uleb128 0x3
 257 0052 0E       		.uleb128 0xe
 258 0053 3A       		.uleb128 0x3a
 259 0054 0B       		.uleb128 0xb
 260 0055 3B       		.uleb128 0x3b
 261 0056 0B       		.uleb128 0xb
 262 0057 49       		.uleb128 0x49
ARM GAS  C:\Users\Matthew\AppData\Local\Temp\ccWksojX.s 			page 6


 263 0058 13       		.uleb128 0x13
 264 0059 11       		.uleb128 0x11
 265 005a 01       		.uleb128 0x1
 266 005b 12       		.uleb128 0x12
 267 005c 06       		.uleb128 0x6
 268 005d 40       		.uleb128 0x40
 269 005e 18       		.uleb128 0x18
 270 005f 9642     		.uleb128 0x2116
 271 0061 19       		.uleb128 0x19
 272 0062 00       		.byte	0
 273 0063 00       		.byte	0
 274 0064 00       		.byte	0
 275              		.section	.debug_aranges,"",%progbits
 276 0000 24000000 		.4byte	0x24
 277 0004 0200     		.2byte	0x2
 278 0006 00000000 		.4byte	.Ldebug_info0
 279 000a 04       		.byte	0x4
 280 000b 00       		.byte	0
 281 000c 0000     		.2byte	0
 282 000e 0000     		.2byte	0
 283 0010 00000000 		.4byte	.LFB37
 284 0014 10000000 		.4byte	.LFE37-.LFB37
 285 0018 00000000 		.4byte	.LFB38
 286 001c 1E000000 		.4byte	.LFE38-.LFB38
 287 0020 00000000 		.4byte	0
 288 0024 00000000 		.4byte	0
 289              		.section	.debug_ranges,"",%progbits
 290              	.Ldebug_ranges0:
 291 0000 00000000 		.4byte	.LFB37
 292 0004 10000000 		.4byte	.LFE37
 293 0008 00000000 		.4byte	.LFB38
 294 000c 1E000000 		.4byte	.LFE38
 295 0010 00000000 		.4byte	0
 296 0014 00000000 		.4byte	0
 297              		.section	.debug_line,"",%progbits
 298              	.Ldebug_line0:
 299 0000 73000000 		.section	.debug_str,"MS",%progbits,1
 299      02004A00 
 299      00000201 
 299      FB0E0D00 
 299      01010101 
 300              	.LASF6:
 301 0000 6C6F6E67 		.ascii	"long long int\000"
 301      206C6F6E 
 301      6720696E 
 301      7400
 302              	.LASF13:
 303 000e 474E5520 		.ascii	"GNU C 4.9.3 20150303 (release) [ARM/embedded-4_9-br"
 303      4320342E 
 303      392E3320 
 303      32303135 
 303      30333033 
 304 0041 616E6368 		.ascii	"anch revision 221220] -mcpu=cortex-m0 -mthumb -g -O"
 304      20726576 
 304      6973696F 
 304      6E203232 
 304      31323230 
ARM GAS  C:\Users\Matthew\AppData\Local\Temp\ccWksojX.s 			page 7


 305 0074 30202D66 		.ascii	"0 -ffunction-sections -ffat-lto-objects\000"
 305      66756E63 
 305      74696F6E 
 305      2D736563 
 305      74696F6E 
 306              	.LASF17:
 307 009c 696E6974 		.ascii	"initTemperature\000"
 307      54656D70 
 307      65726174 
 307      75726500 
 308              	.LASF18:
 309 00ac 67657454 		.ascii	"getTemperature\000"
 309      656D7065 
 309      72617475 
 309      726500
 310              	.LASF5:
 311 00bb 6C6F6E67 		.ascii	"long unsigned int\000"
 311      20756E73 
 311      69676E65 
 311      6420696E 
 311      7400
 312              	.LASF15:
 313 00cd 433A5C55 		.ascii	"C:\\Users\\Matthew\\Documents\\PSoC Creator\\Master"
 313      73657273 
 313      5C4D6174 
 313      74686577 
 313      5C446F63 
 314 00fb 5F76325C 		.ascii	"_v2\\Master_2.cydsn\000"
 314      4D617374 
 314      65725F32 
 314      2E637964 
 314      736E00
 315              	.LASF7:
 316 010e 6C6F6E67 		.ascii	"long long unsigned int\000"
 316      206C6F6E 
 316      6720756E 
 316      7369676E 
 316      65642069 
 317              	.LASF1:
 318 0125 756E7369 		.ascii	"unsigned char\000"
 318      676E6564 
 318      20636861 
 318      7200
 319              	.LASF11:
 320 0133 63686172 		.ascii	"char\000"
 320      00
 321              	.LASF14:
 322 0138 2E5C7465 		.ascii	".\\temperature.c\000"
 322      6D706572 
 322      61747572 
 322      652E6300 
 323              	.LASF4:
 324 0148 6C6F6E67 		.ascii	"long int\000"
 324      20696E74 
 324      00
 325              	.LASF10:
 326 0151 646F7562 		.ascii	"double\000"
ARM GAS  C:\Users\Matthew\AppData\Local\Temp\ccWksojX.s 			page 8


 326      6C6500
 327              	.LASF3:
 328 0158 73686F72 		.ascii	"short unsigned int\000"
 328      7420756E 
 328      7369676E 
 328      65642069 
 328      6E7400
 329              	.LASF0:
 330 016b 7369676E 		.ascii	"signed char\000"
 330      65642063 
 330      68617200 
 331              	.LASF9:
 332 0177 666C6F61 		.ascii	"float\000"
 332      7400
 333              	.LASF2:
 334 017d 73686F72 		.ascii	"short int\000"
 334      7420696E 
 334      7400
 335              	.LASF16:
 336 0187 75696E74 		.ascii	"uint16\000"
 336      313600
 337              	.LASF8:
 338 018e 756E7369 		.ascii	"unsigned int\000"
 338      676E6564 
 338      20696E74 
 338      00
 339              	.LASF12:
 340 019b 73697A65 		.ascii	"sizetype\000"
 340      74797065 
 340      00
 341              		.ident	"GCC: (GNU Tools for ARM Embedded Processors) 4.9.3 20150303 (release) [ARM/embedded-4_9-br
