ARM GAS  C:\Users\Matthew\AppData\Local\Temp\ccanW4ip.s 			page 1


   1              		.cpu cortex-m0
   2              		.fpu softvfp
   3              		.eabi_attribute 20, 1
   4              		.eabi_attribute 21, 1
   5              		.eabi_attribute 23, 3
   6              		.eabi_attribute 24, 1
   7              		.eabi_attribute 25, 1
   8              		.eabi_attribute 26, 1
   9              		.eabi_attribute 30, 6
  10              		.eabi_attribute 34, 0
  11              		.eabi_attribute 18, 4
  12              		.code	16
  13              		.file	"tempAndBat.c"
  14              		.text
  15              	.Ltext0:
  16              		.cfi_sections	.debug_frame
  17              		.section	.text.initTemperatureAndBattery,"ax",%progbits
  18              		.align	2
  19              		.global	initTemperatureAndBattery
  20              		.code	16
  21              		.thumb_func
  22              		.type	initTemperatureAndBattery, %function
  23              	initTemperatureAndBattery:
  24              	.LFB37:
  25              		.file 1 ".\\tempAndBat.c"
   1:.\tempAndBat.c **** /* ========================================
   2:.\tempAndBat.c ****  *
   3:.\tempAndBat.c ****  * Copyright YOUR COMPANY, THE YEAR
   4:.\tempAndBat.c ****  * All Rights Reserved
   5:.\tempAndBat.c ****  * UNPUBLISHED, LICENSED SOFTWARE.
   6:.\tempAndBat.c ****  *
   7:.\tempAndBat.c ****  * CONFIDENTIAL AND PROPRIETARY INFORMATION
   8:.\tempAndBat.c ****  * WHICH IS THE PROPERTY OF your company.
   9:.\tempAndBat.c ****  *
  10:.\tempAndBat.c ****  * ========================================
  11:.\tempAndBat.c **** */
  12:.\tempAndBat.c **** 
  13:.\tempAndBat.c **** #include <tempAndBat.h>
  14:.\tempAndBat.c **** 
  15:.\tempAndBat.c **** void initTemperatureAndBattery(){
  26              		.loc 1 15 0
  27              		.cfi_startproc
  28 0000 80B5     		push	{r7, lr}
  29              		.cfi_def_cfa_offset 8
  30              		.cfi_offset 7, -8
  31              		.cfi_offset 14, -4
  32 0002 00AF     		add	r7, sp, #0
  33              		.cfi_def_cfa_register 7
  16:.\tempAndBat.c ****     
  17:.\tempAndBat.c **** }
  34              		.loc 1 17 0
  35 0004 BD46     		mov	sp, r7
  36              		@ sp needed
  37 0006 80BD     		pop	{r7, pc}
  38              		.cfi_endproc
  39              	.LFE37:
  40              		.size	initTemperatureAndBattery, .-initTemperatureAndBattery
ARM GAS  C:\Users\Matthew\AppData\Local\Temp\ccanW4ip.s 			page 2


  41              		.section	.text.getTemperature,"ax",%progbits
  42              		.align	2
  43              		.global	getTemperature
  44              		.code	16
  45              		.thumb_func
  46              		.type	getTemperature, %function
  47              	getTemperature:
  48              	.LFB38:
  18:.\tempAndBat.c **** 
  19:.\tempAndBat.c **** uint16 getTemperature(){
  49              		.loc 1 19 0
  50              		.cfi_startproc
  51 0000 80B5     		push	{r7, lr}
  52              		.cfi_def_cfa_offset 8
  53              		.cfi_offset 7, -8
  54              		.cfi_offset 14, -4
  55 0002 00AF     		add	r7, sp, #0
  56              		.cfi_def_cfa_register 7
  20:.\tempAndBat.c ****     // Read from ADC abd convert to millivolts
  21:.\tempAndBat.c ****     return ADC_CountsTo_mVolts(0, ADC_GetResult16(0));
  57              		.loc 1 21 0
  58 0004 0020     		mov	r0, #0
  59 0006 FFF7FEFF 		bl	ADC_GetResult16
  60 000a 031C     		mov	r3, r0
  61 000c 0020     		mov	r0, #0
  62 000e 191C     		mov	r1, r3
  63 0010 FFF7FEFF 		bl	ADC_CountsTo_mVolts
  64 0014 031C     		mov	r3, r0
  65 0016 9BB2     		uxth	r3, r3
  22:.\tempAndBat.c **** }
  66              		.loc 1 22 0
  67 0018 181C     		mov	r0, r3
  68 001a BD46     		mov	sp, r7
  69              		@ sp needed
  70 001c 80BD     		pop	{r7, pc}
  71              		.cfi_endproc
  72              	.LFE38:
  73              		.size	getTemperature, .-getTemperature
  74 001e C046     		.section	.text.getBattery,"ax",%progbits
  75              		.align	2
  76              		.global	getBattery
  77              		.code	16
  78              		.thumb_func
  79              		.type	getBattery, %function
  80              	getBattery:
  81              	.LFB39:
  23:.\tempAndBat.c **** 
  24:.\tempAndBat.c **** uint16 getBattery(){
  82              		.loc 1 24 0
  83              		.cfi_startproc
  84 0000 80B5     		push	{r7, lr}
  85              		.cfi_def_cfa_offset 8
  86              		.cfi_offset 7, -8
  87              		.cfi_offset 14, -4
  88 0002 00AF     		add	r7, sp, #0
  89              		.cfi_def_cfa_register 7
  25:.\tempAndBat.c ****     // Read from ADC abd convert to millivolts
ARM GAS  C:\Users\Matthew\AppData\Local\Temp\ccanW4ip.s 			page 3


  26:.\tempAndBat.c ****     return ADC_CountsTo_mVolts(1, ADC_GetResult16(1));
  90              		.loc 1 26 0
  91 0004 0120     		mov	r0, #1
  92 0006 FFF7FEFF 		bl	ADC_GetResult16
  93 000a 031C     		mov	r3, r0
  94 000c 0120     		mov	r0, #1
  95 000e 191C     		mov	r1, r3
  96 0010 FFF7FEFF 		bl	ADC_CountsTo_mVolts
  97 0014 031C     		mov	r3, r0
  98 0016 9BB2     		uxth	r3, r3
  27:.\tempAndBat.c **** }...
  99              		.loc 1 27 0
 100 0018 181C     		mov	r0, r3
 101 001a BD46     		mov	sp, r7
 102              		@ sp needed
 103 001c 80BD     		pop	{r7, pc}
 104              		.cfi_endproc
 105              	.LFE39:
 106              		.size	getBattery, .-getBattery
 107 001e C046     		.text
 108              	.Letext0:
 109              		.file 2 "Generated_Source\\PSoC4/cytypes.h"
 110              		.section	.debug_info,"",%progbits
 111              	.Ldebug_info0:
 112 0000 CB000000 		.4byte	0xcb
 113 0004 0400     		.2byte	0x4
 114 0006 00000000 		.4byte	.Ldebug_abbrev0
 115 000a 04       		.byte	0x4
 116 000b 01       		.uleb128 0x1
 117 000c 0E000000 		.4byte	.LASF15
 118 0010 01       		.byte	0x1
 119 0011 A9000000 		.4byte	.LASF16
 120 0015 47010000 		.4byte	.LASF17
 121 0019 00000000 		.4byte	.Ldebug_ranges0+0
 122 001d 00000000 		.4byte	0
 123 0021 00000000 		.4byte	.Ldebug_line0
 124 0025 02       		.uleb128 0x2
 125 0026 01       		.byte	0x1
 126 0027 06       		.byte	0x6
 127 0028 3B010000 		.4byte	.LASF0
 128 002c 02       		.uleb128 0x2
 129 002d 01       		.byte	0x1
 130 002e 08       		.byte	0x8
 131 002f F0000000 		.4byte	.LASF1
 132 0033 02       		.uleb128 0x2
 133 0034 02       		.byte	0x2
 134 0035 05       		.byte	0x5
 135 0036 0C010000 		.4byte	.LASF2
 136 003a 02       		.uleb128 0x2
 137 003b 02       		.byte	0x2
 138 003c 07       		.byte	0x7
 139 003d 28010000 		.4byte	.LASF3
 140 0041 02       		.uleb128 0x2
 141 0042 04       		.byte	0x4
 142 0043 05       		.byte	0x5
 143 0044 03010000 		.4byte	.LASF4
 144 0048 02       		.uleb128 0x2
ARM GAS  C:\Users\Matthew\AppData\Local\Temp\ccanW4ip.s 			page 4


 145 0049 04       		.byte	0x4
 146 004a 07       		.byte	0x7
 147 004b C7000000 		.4byte	.LASF5
 148 004f 02       		.uleb128 0x2
 149 0050 08       		.byte	0x8
 150 0051 05       		.byte	0x5
 151 0052 00000000 		.4byte	.LASF6
 152 0056 02       		.uleb128 0x2
 153 0057 08       		.byte	0x8
 154 0058 07       		.byte	0x7
 155 0059 D9000000 		.4byte	.LASF7
 156 005d 03       		.uleb128 0x3
 157 005e 04       		.byte	0x4
 158 005f 05       		.byte	0x5
 159 0060 696E7400 		.ascii	"int\000"
 160 0064 02       		.uleb128 0x2
 161 0065 04       		.byte	0x4
 162 0066 07       		.byte	0x7
 163 0067 9C000000 		.4byte	.LASF8
 164 006b 04       		.uleb128 0x4
 165 006c AA010000 		.4byte	.LASF18
 166 0070 02       		.byte	0x2
 167 0071 9901     		.2byte	0x199
 168 0073 3A000000 		.4byte	0x3a
 169 0077 02       		.uleb128 0x2
 170 0078 04       		.byte	0x4
 171 0079 04       		.byte	0x4
 172 007a 8A010000 		.4byte	.LASF9
 173 007e 02       		.uleb128 0x2
 174 007f 08       		.byte	0x8
 175 0080 04       		.byte	0x4
 176 0081 21010000 		.4byte	.LASF10
 177 0085 02       		.uleb128 0x2
 178 0086 01       		.byte	0x1
 179 0087 08       		.byte	0x8
 180 0088 FE000000 		.4byte	.LASF11
 181 008c 02       		.uleb128 0x2
 182 008d 04       		.byte	0x4
 183 008e 07       		.byte	0x7
 184 008f B1010000 		.4byte	.LASF12
 185 0093 05       		.uleb128 0x5
 186 0094 90010000 		.4byte	.LASF19
 187 0098 01       		.byte	0x1
 188 0099 0F       		.byte	0xf
 189 009a 00000000 		.4byte	.LFB37
 190 009e 08000000 		.4byte	.LFE37-.LFB37
 191 00a2 01       		.uleb128 0x1
 192 00a3 9C       		.byte	0x9c
 193 00a4 06       		.uleb128 0x6
 194 00a5 B8000000 		.4byte	.LASF13
 195 00a9 01       		.byte	0x1
 196 00aa 13       		.byte	0x13
 197 00ab 6B000000 		.4byte	0x6b
 198 00af 00000000 		.4byte	.LFB38
 199 00b3 1E000000 		.4byte	.LFE38-.LFB38
 200 00b7 01       		.uleb128 0x1
 201 00b8 9C       		.byte	0x9c
ARM GAS  C:\Users\Matthew\AppData\Local\Temp\ccanW4ip.s 			page 5


 202 00b9 06       		.uleb128 0x6
 203 00ba 16010000 		.4byte	.LASF14
 204 00be 01       		.byte	0x1
 205 00bf 18       		.byte	0x18
 206 00c0 6B000000 		.4byte	0x6b
 207 00c4 00000000 		.4byte	.LFB39
 208 00c8 1E000000 		.4byte	.LFE39-.LFB39
 209 00cc 01       		.uleb128 0x1
 210 00cd 9C       		.byte	0x9c
 211 00ce 00       		.byte	0
 212              		.section	.debug_abbrev,"",%progbits
 213              	.Ldebug_abbrev0:
 214 0000 01       		.uleb128 0x1
 215 0001 11       		.uleb128 0x11
 216 0002 01       		.byte	0x1
 217 0003 25       		.uleb128 0x25
 218 0004 0E       		.uleb128 0xe
 219 0005 13       		.uleb128 0x13
 220 0006 0B       		.uleb128 0xb
 221 0007 03       		.uleb128 0x3
 222 0008 0E       		.uleb128 0xe
 223 0009 1B       		.uleb128 0x1b
 224 000a 0E       		.uleb128 0xe
 225 000b 55       		.uleb128 0x55
 226 000c 17       		.uleb128 0x17
 227 000d 11       		.uleb128 0x11
 228 000e 01       		.uleb128 0x1
 229 000f 10       		.uleb128 0x10
 230 0010 17       		.uleb128 0x17
 231 0011 00       		.byte	0
 232 0012 00       		.byte	0
 233 0013 02       		.uleb128 0x2
 234 0014 24       		.uleb128 0x24
 235 0015 00       		.byte	0
 236 0016 0B       		.uleb128 0xb
 237 0017 0B       		.uleb128 0xb
 238 0018 3E       		.uleb128 0x3e
 239 0019 0B       		.uleb128 0xb
 240 001a 03       		.uleb128 0x3
 241 001b 0E       		.uleb128 0xe
 242 001c 00       		.byte	0
 243 001d 00       		.byte	0
 244 001e 03       		.uleb128 0x3
 245 001f 24       		.uleb128 0x24
 246 0020 00       		.byte	0
 247 0021 0B       		.uleb128 0xb
 248 0022 0B       		.uleb128 0xb
 249 0023 3E       		.uleb128 0x3e
 250 0024 0B       		.uleb128 0xb
 251 0025 03       		.uleb128 0x3
 252 0026 08       		.uleb128 0x8
 253 0027 00       		.byte	0
 254 0028 00       		.byte	0
 255 0029 04       		.uleb128 0x4
 256 002a 16       		.uleb128 0x16
 257 002b 00       		.byte	0
 258 002c 03       		.uleb128 0x3
ARM GAS  C:\Users\Matthew\AppData\Local\Temp\ccanW4ip.s 			page 6


 259 002d 0E       		.uleb128 0xe
 260 002e 3A       		.uleb128 0x3a
 261 002f 0B       		.uleb128 0xb
 262 0030 3B       		.uleb128 0x3b
 263 0031 05       		.uleb128 0x5
 264 0032 49       		.uleb128 0x49
 265 0033 13       		.uleb128 0x13
 266 0034 00       		.byte	0
 267 0035 00       		.byte	0
 268 0036 05       		.uleb128 0x5
 269 0037 2E       		.uleb128 0x2e
 270 0038 00       		.byte	0
 271 0039 3F       		.uleb128 0x3f
 272 003a 19       		.uleb128 0x19
 273 003b 03       		.uleb128 0x3
 274 003c 0E       		.uleb128 0xe
 275 003d 3A       		.uleb128 0x3a
 276 003e 0B       		.uleb128 0xb
 277 003f 3B       		.uleb128 0x3b
 278 0040 0B       		.uleb128 0xb
 279 0041 11       		.uleb128 0x11
 280 0042 01       		.uleb128 0x1
 281 0043 12       		.uleb128 0x12
 282 0044 06       		.uleb128 0x6
 283 0045 40       		.uleb128 0x40
 284 0046 18       		.uleb128 0x18
 285 0047 9742     		.uleb128 0x2117
 286 0049 19       		.uleb128 0x19
 287 004a 00       		.byte	0
 288 004b 00       		.byte	0
 289 004c 06       		.uleb128 0x6
 290 004d 2E       		.uleb128 0x2e
 291 004e 00       		.byte	0
 292 004f 3F       		.uleb128 0x3f
 293 0050 19       		.uleb128 0x19
 294 0051 03       		.uleb128 0x3
 295 0052 0E       		.uleb128 0xe
 296 0053 3A       		.uleb128 0x3a
 297 0054 0B       		.uleb128 0xb
 298 0055 3B       		.uleb128 0x3b
 299 0056 0B       		.uleb128 0xb
 300 0057 49       		.uleb128 0x49
 301 0058 13       		.uleb128 0x13
 302 0059 11       		.uleb128 0x11
 303 005a 01       		.uleb128 0x1
 304 005b 12       		.uleb128 0x12
 305 005c 06       		.uleb128 0x6
 306 005d 40       		.uleb128 0x40
 307 005e 18       		.uleb128 0x18
 308 005f 9642     		.uleb128 0x2116
 309 0061 19       		.uleb128 0x19
 310 0062 00       		.byte	0
 311 0063 00       		.byte	0
 312 0064 00       		.byte	0
 313              		.section	.debug_aranges,"",%progbits
 314 0000 2C000000 		.4byte	0x2c
 315 0004 0200     		.2byte	0x2
ARM GAS  C:\Users\Matthew\AppData\Local\Temp\ccanW4ip.s 			page 7


 316 0006 00000000 		.4byte	.Ldebug_info0
 317 000a 04       		.byte	0x4
 318 000b 00       		.byte	0
 319 000c 0000     		.2byte	0
 320 000e 0000     		.2byte	0
 321 0010 00000000 		.4byte	.LFB37
 322 0014 08000000 		.4byte	.LFE37-.LFB37
 323 0018 00000000 		.4byte	.LFB38
 324 001c 1E000000 		.4byte	.LFE38-.LFB38
 325 0020 00000000 		.4byte	.LFB39
 326 0024 1E000000 		.4byte	.LFE39-.LFB39
 327 0028 00000000 		.4byte	0
 328 002c 00000000 		.4byte	0
 329              		.section	.debug_ranges,"",%progbits
 330              	.Ldebug_ranges0:
 331 0000 00000000 		.4byte	.LFB37
 332 0004 08000000 		.4byte	.LFE37
 333 0008 00000000 		.4byte	.LFB38
 334 000c 1E000000 		.4byte	.LFE38
 335 0010 00000000 		.4byte	.LFB39
 336 0014 1E000000 		.4byte	.LFE39
 337 0018 00000000 		.4byte	0
 338 001c 00000000 		.4byte	0
 339              		.section	.debug_line,"",%progbits
 340              	.Ldebug_line0:
 341 0000 81000000 		.section	.debug_str,"MS",%progbits,1
 341      02004900 
 341      00000201 
 341      FB0E0D00 
 341      01010101 
 342              	.LASF6:
 343 0000 6C6F6E67 		.ascii	"long long int\000"
 343      206C6F6E 
 343      6720696E 
 343      7400
 344              	.LASF15:
 345 000e 474E5520 		.ascii	"GNU C 4.9.3 20150303 (release) [ARM/embedded-4_9-br"
 345      4320342E 
 345      392E3320 
 345      32303135 
 345      30333033 
 346 0041 616E6368 		.ascii	"anch revision 221220] -mcpu=cortex-m0 -mthumb -g -O"
 346      20726576 
 346      6973696F 
 346      6E203232 
 346      31323230 
 347 0074 30202D66 		.ascii	"0 -ffunction-sections -ffat-lto-objects\000"
 347      66756E63 
 347      74696F6E 
 347      2D736563 
 347      74696F6E 
 348              	.LASF8:
 349 009c 756E7369 		.ascii	"unsigned int\000"
 349      676E6564 
 349      20696E74 
 349      00
 350              	.LASF16:
ARM GAS  C:\Users\Matthew\AppData\Local\Temp\ccanW4ip.s 			page 8


 351 00a9 2E5C7465 		.ascii	".\\tempAndBat.c\000"
 351      6D70416E 
 351      64426174 
 351      2E6300
 352              	.LASF13:
 353 00b8 67657454 		.ascii	"getTemperature\000"
 353      656D7065 
 353      72617475 
 353      726500
 354              	.LASF5:
 355 00c7 6C6F6E67 		.ascii	"long unsigned int\000"
 355      20756E73 
 355      69676E65 
 355      6420696E 
 355      7400
 356              	.LASF7:
 357 00d9 6C6F6E67 		.ascii	"long long unsigned int\000"
 357      206C6F6E 
 357      6720756E 
 357      7369676E 
 357      65642069 
 358              	.LASF1:
 359 00f0 756E7369 		.ascii	"unsigned char\000"
 359      676E6564 
 359      20636861 
 359      7200
 360              	.LASF11:
 361 00fe 63686172 		.ascii	"char\000"
 361      00
 362              	.LASF4:
 363 0103 6C6F6E67 		.ascii	"long int\000"
 363      20696E74 
 363      00
 364              	.LASF2:
 365 010c 73686F72 		.ascii	"short int\000"
 365      7420696E 
 365      7400
 366              	.LASF14:
 367 0116 67657442 		.ascii	"getBattery\000"
 367      61747465 
 367      727900
 368              	.LASF10:
 369 0121 646F7562 		.ascii	"double\000"
 369      6C6500
 370              	.LASF3:
 371 0128 73686F72 		.ascii	"short unsigned int\000"
 371      7420756E 
 371      7369676E 
 371      65642069 
 371      6E7400
 372              	.LASF0:
 373 013b 7369676E 		.ascii	"signed char\000"
 373      65642063 
 373      68617200 
 374              	.LASF17:
 375 0147 433A5C55 		.ascii	"C:\\Users\\Matthew\\Documents\\GitHub\\BioSnap\\Mas"
 375      73657273 
ARM GAS  C:\Users\Matthew\AppData\Local\Temp\ccanW4ip.s 			page 9


 375      5C4D6174 
 375      74686577 
 375      5C446F63 
 376 0174 7465725F 		.ascii	"ter_v2\\Master_2.cydsn\000"
 376      76325C4D 
 376      61737465 
 376      725F322E 
 376      63796473 
 377              	.LASF9:
 378 018a 666C6F61 		.ascii	"float\000"
 378      7400
 379              	.LASF19:
 380 0190 696E6974 		.ascii	"initTemperatureAndBattery\000"
 380      54656D70 
 380      65726174 
 380      75726541 
 380      6E644261 
 381              	.LASF18:
 382 01aa 75696E74 		.ascii	"uint16\000"
 382      313600
 383              	.LASF12:
 384 01b1 73697A65 		.ascii	"sizetype\000"
 384      74797065 
 384      00
 385              		.ident	"GCC: (GNU Tools for ARM Embedded Processors) 4.9.3 20150303 (release) [ARM/embedded-4_9-br
